{"uid":"d4507397c0c05e0c","name":"[WEB Component] Product carousel should have expected product","fullName":"tests.web.component.carousel.test_product_carousel.TestProductCarousel#test_should_contains_expected_product","historyId":"b9c1d0700480df585ac50c5e97be767a","time":{"start":1771974414978,"stop":1771974416801,"duration":1823},"status":"failed","statusMessage":"AssertionError: Product with title = [Sleeveless Dress] not found in carousel","statusTrace":"self = <tests.web.component.carousel.test_product_carousel.TestProductCarousel object at 0x7f928af15d00>\n\n    @allure.label(\"owner\", \"arrnel\")\n    @allure.story(\"[Web] Component - Products Carousel\")\n    @allure.title(\"[WEB Component] Product carousel should have expected product\")\n    def test_should_contains_expected_product(self):\n        # Data\n        product_title = DataGenerator.expected_product().title\n    \n        # Steps\n        self.main_page.recommended_products.scroll_to_component()\n    \n        # Assertions\n>       self.main_page.recommended_products.check_contains_product(product_title)\n\ntests/web/component/carousel/test_product_carousel.py:115: \n_ _ _ _ _ _ _ _ _ _ _ _ _ _ _ _ _ _ _ _ _ _ _ _ _ _ _ _ _ _ _ _ _ _ _ _ _ _ _ _ \nsrc/util/decorator/step_logger.py:75: in wrapper\n    return func(*args, **kwargs)\n           ^^^^^^^^^^^^^^^^^^^^^\n_ _ _ _ _ _ _ _ _ _ _ _ _ _ _ _ _ _ _ _ _ _ _ _ _ _ _ _ _ _ _ _ _ _ _ _ _ _ _ _ \n\nself = <src.ui.component.carousel_component.ProductCarouselComponent object at 0x7f928a0a97f0>\nproduct_title = 'Sleeveless Dress'\n\n    @step_log.log(\n        \"Check [{self._component_title}] contains product with title: {product_title}\"\n    )\n    def check_contains_product(self, product_title: str) -> None:\n        if not self.found_product(product_title):\n>           raise AssertionError(\n                f\"Product with title = [{product_title}] not found in carousel\"\n            )\nE           AssertionError: Product with title = [Sleeveless Dress] not found in carousel\n\nsrc/ui/component/carousel_component.py:164: AssertionError","flaky":false,"newFailed":false,"newBroken":false,"newPassed":false,"retriesCount":0,"retriesStatusChange":false,"beforeStages":[{"name":"_session_faker","time":{"start":1771974122281,"stop":1771974122282,"duration":1},"status":"passed","steps":[],"attachments":[],"parameters":[],"stepsCount":0,"shouldDisplayMessage":false,"attachmentsCount":0,"hasContent":false,"attachmentStep":false},{"name":"All test fixtures","time":{"start":1771974122282,"stop":1771974122283,"duration":1},"status":"passed","steps":[{"name":"Tests configuration data","time":{"start":1771974122282,"stop":1771974122283,"duration":1},"status":"passed","steps":[],"attachments":[{"uid":"22b78e3e11ac8380","name":"Configuration","source":"22b78e3e11ac8380.txt","type":"text/plain","size":1705}],"parameters":[],"stepsCount":0,"shouldDisplayMessage":false,"attachmentsCount":1,"hasContent":true,"attachmentStep":false}],"attachments":[],"parameters":[],"stepsCount":1,"shouldDisplayMessage":false,"attachmentsCount":1,"hasContent":true,"attachmentStep":false},{"name":"All UI tests fixture","time":{"start":1771974147806,"stop":1771974147806,"duration":0},"status":"passed","steps":[],"attachments":[],"parameters":[],"stepsCount":0,"shouldDisplayMessage":false,"attachmentsCount":0,"hasContent":false,"attachmentStep":false},{"name":"Each UI test fixture","time":{"start":1771974396574,"stop":1771974414938,"duration":18364},"status":"passed","steps":[{"name":"Open browser","time":{"start":1771974396574,"stop":1771974414938,"duration":18364},"status":"passed","steps":[],"attachments":[],"parameters":[],"stepsCount":0,"shouldDisplayMessage":false,"attachmentsCount":0,"hasContent":false,"attachmentStep":false}],"attachments":[],"parameters":[],"stepsCount":1,"shouldDisplayMessage":false,"attachmentsCount":0,"hasContent":true,"attachmentStep":false},{"name":"Each test fixtures","time":{"start":1771974396574,"stop":1771974396574,"duration":0},"status":"passed","steps":[],"attachments":[],"parameters":[],"stepsCount":0,"shouldDisplayMessage":false,"attachmentsCount":0,"hasContent":false,"attachmentStep":false},{"name":"_xunit_setup_method_fixture_TestProductCarousel","time":{"start":1771974414938,"stop":1771974414977,"duration":39},"status":"passed","steps":[],"attachments":[],"parameters":[],"stepsCount":0,"shouldDisplayMessage":false,"attachmentsCount":0,"hasContent":false,"attachmentStep":false}],"testStage":{"status":"failed","statusMessage":"AssertionError: Product with title = [Sleeveless Dress] not found in carousel","statusTrace":"self = <tests.web.component.carousel.test_product_carousel.TestProductCarousel object at 0x7f928af15d00>\n\n    @allure.label(\"owner\", \"arrnel\")\n    @allure.story(\"[Web] Component - Products Carousel\")\n    @allure.title(\"[WEB Component] Product carousel should have expected product\")\n    def test_should_contains_expected_product(self):\n        # Data\n        product_title = DataGenerator.expected_product().title\n    \n        # Steps\n        self.main_page.recommended_products.scroll_to_component()\n    \n        # Assertions\n>       self.main_page.recommended_products.check_contains_product(product_title)\n\ntests/web/component/carousel/test_product_carousel.py:115: \n_ _ _ _ _ _ _ _ _ _ _ _ _ _ _ _ _ _ _ _ _ _ _ _ _ _ _ _ _ _ _ _ _ _ _ _ _ _ _ _ \nsrc/util/decorator/step_logger.py:75: in wrapper\n    return func(*args, **kwargs)\n           ^^^^^^^^^^^^^^^^^^^^^\n_ _ _ _ _ _ _ _ _ _ _ _ _ _ _ _ _ _ _ _ _ _ _ _ _ _ _ _ _ _ _ _ _ _ _ _ _ _ _ _ \n\nself = <src.ui.component.carousel_component.ProductCarouselComponent object at 0x7f928a0a97f0>\nproduct_title = 'Sleeveless Dress'\n\n    @step_log.log(\n        \"Check [{self._component_title}] contains product with title: {product_title}\"\n    )\n    def check_contains_product(self, product_title: str) -> None:\n        if not self.found_product(product_title):\n>           raise AssertionError(\n                f\"Product with title = [{product_title}] not found in carousel\"\n            )\nE           AssertionError: Product with title = [Sleeveless Dress] not found in carousel\n\nsrc/ui/component/carousel_component.py:164: AssertionError","steps":[{"name":"Scroll to [product carousel component]","time":{"start":1771974414978,"stop":1771974415013,"duration":35},"status":"passed","steps":[],"attachments":[],"parameters":[],"stepsCount":0,"shouldDisplayMessage":false,"attachmentsCount":0,"hasContent":false,"attachmentStep":false},{"name":"Check [product carousel component] contains product with title: Sleeveless Dress","time":{"start":1771974415013,"stop":1771974416800,"duration":1787},"status":"failed","statusMessage":"AssertionError: Product with title = [Sleeveless Dress] not found in carousel\n","statusTrace":"  File \"/automation-exercise-py/src/util/decorator/step_logger.py\", line 75, in wrapper\n    return func(*args, **kwargs)\n  File \"/automation-exercise-py/src/ui/component/carousel_component.py\", line 164, in check_contains_product\n    raise AssertionError(\n        f\"Product with title = [{product_title}] not found in carousel\"\n    )\n","steps":[{"name":"Click on [Next slide] button","time":{"start":1771974415282,"stop":1771974415375,"duration":93},"status":"passed","steps":[],"attachments":[],"parameters":[],"stepsCount":0,"shouldDisplayMessage":false,"attachmentsCount":0,"hasContent":false,"attachmentStep":false},{"name":"Click on [Next slide] button","time":{"start":1771974416060,"stop":1771974416114,"duration":54},"status":"passed","steps":[],"attachments":[],"parameters":[],"stepsCount":0,"shouldDisplayMessage":false,"attachmentsCount":0,"hasContent":false,"attachmentStep":false}],"attachments":[],"parameters":[],"stepsCount":2,"shouldDisplayMessage":true,"attachmentsCount":0,"hasContent":true,"attachmentStep":false},{"name":"Get test video from Selenoid by video id = [test_should_contains_expected_product]","time":{"start":1771974417065,"stop":1771974421093,"duration":4028},"status":"passed","steps":[{"name":"Send request [GET]: /video/test_should_contains_expected_product.mp4","time":{"start":1771974417065,"stop":1771974417070,"duration":5},"status":"passed","steps":[],"attachments":[{"uid":"b9b6fdef82b7f40c","name":"Request","source":"b9b6fdef82b7f40c.txt","type":"text/plain","size":361},{"uid":"eb917822247941bd","name":"Response","source":"eb917822247941bd.txt","type":"text/plain","size":252}],"parameters":[],"stepsCount":0,"shouldDisplayMessage":false,"attachmentsCount":2,"hasContent":true,"attachmentStep":false},{"name":"Send request [GET]: /video/test_should_contains_expected_product.mp4","time":{"start":1771974421073,"stop":1771974421092,"duration":19},"status":"passed","steps":[],"attachments":[{"uid":"de36b98ffd5a11e3","name":"Request","source":"de36b98ffd5a11e3.txt","type":"text/plain","size":361},{"uid":"32392a7ba5906cb0","name":"Response","source":"32392a7ba5906cb0.txt","type":"text/plain","size":279}],"parameters":[],"stepsCount":0,"shouldDisplayMessage":false,"attachmentsCount":2,"hasContent":true,"attachmentStep":false}],"attachments":[],"parameters":[],"stepsCount":2,"shouldDisplayMessage":false,"attachmentsCount":4,"hasContent":true,"attachmentStep":false}],"attachments":[{"uid":"845dcd2fa6a02c6d","name":"Screenshot","source":"845dcd2fa6a02c6d.png","type":"image/png","size":188545},{"uid":"47e7f7234eb13c3","name":"Page Source","source":"47e7f7234eb13c3.html","type":"text/html","size":52625},{"uid":"5cab13130fe06e14","name":"Test video","source":"5cab13130fe06e14.mp4","type":"video/mp4","size":201883},{"uid":"bc7a25ba717bbd86","name":"log","source":"bc7a25ba717bbd86.txt","type":"text/plain","size":254},{"uid":"a3daebe8a79e5cda","name":"stderr","source":"a3daebe8a79e5cda.txt","type":"text/plain","size":2018}],"parameters":[],"stepsCount":7,"shouldDisplayMessage":true,"attachmentsCount":9,"hasContent":true,"attachmentStep":false},"afterStages":[{"name":"_xunit_setup_method_fixture_TestProductCarousel::0","time":{"start":1771974421095,"stop":1771974421095,"duration":0},"status":"passed","steps":[],"attachments":[],"parameters":[],"stepsCount":0,"shouldDisplayMessage":false,"attachmentsCount":0,"hasContent":false,"attachmentStep":false},{"name":"Each UI test fixture::0","time":{"start":1771974421095,"stop":1771974421095,"duration":0},"status":"passed","steps":[],"attachments":[],"parameters":[],"stepsCount":0,"shouldDisplayMessage":false,"attachmentsCount":0,"hasContent":false,"attachmentStep":false},{"name":"Each test fixtures::0","time":{"start":1771974421096,"stop":1771974421096,"duration":0},"status":"passed","steps":[{"name":"Remove current test users from backend","time":{"start":1771974421096,"stop":1771974421096,"duration":0},"status":"passed","steps":[],"attachments":[],"parameters":[],"stepsCount":0,"shouldDisplayMessage":false,"attachmentsCount":0,"hasContent":false,"attachmentStep":false}],"attachments":[],"parameters":[],"stepsCount":1,"shouldDisplayMessage":false,"attachmentsCount":0,"hasContent":true,"attachmentStep":false},{"name":"All test fixtures::0","time":{"start":1771975335164,"stop":1771975335164,"duration":0},"status":"passed","steps":[{"name":"Remove users from backend after all tests","time":{"start":1771975335164,"stop":1771975335164,"duration":0},"status":"passed","steps":[],"attachments":[],"parameters":[],"stepsCount":0,"shouldDisplayMessage":false,"attachmentsCount":0,"hasContent":false,"attachmentStep":false}],"attachments":[],"parameters":[],"stepsCount":1,"shouldDisplayMessage":false,"attachmentsCount":0,"hasContent":true,"attachmentStep":false}],"labels":[{"name":"owner","value":"arrnel"},{"name":"epic","value":"WEB Component"},{"name":"feature","value":"Carousel Component (Products)"},{"name":"story","value":"[Web] Component - Products Carousel"},{"name":"tag","value":"web_test"},{"name":"tag","value":"component_test"},{"name":"tag","value":"main_page_test"},{"name":"tag","value":"product_carousel_component_test"},{"name":"tag","value":"carousel_component_test"},{"name":"parentSuite","value":"tests.web.component.carousel"},{"name":"suite","value":"test_product_carousel"},{"name":"subSuite","value":"TestProductCarousel"},{"name":"host","value":"81ca96345dce"},{"name":"thread","value":"12-MainThread"},{"name":"framework","value":"pytest"},{"name":"language","value":"cpython3"},{"name":"package","value":"tests.web.component.carousel.test_product_carousel"},{"name":"resultFormat","value":"allure2"}],"parameters":[],"links":[],"hidden":false,"retry":false,"extra":{"severity":"normal","owner":"arrnel","retries":[],"categories":[{"name":"Product defects","matchedStatuses":[],"flaky":false}],"history":{"statistic":{"failed":4,"broken":1,"skipped":0,"passed":0,"unknown":0,"total":5},"items":[{"uid":"eaa2d928d552fb9c","reportUrl":"https://arrnel.github.io/automation-exercise-py/nightly/5/#testresult/eaa2d928d552fb9c","status":"failed","statusDetails":"AssertionError: Product with title = [Sleeveless Dress] not found in carousel","time":{"start":1771962912230,"stop":1771962914032,"duration":1802}},{"uid":"d85115dba514a352","reportUrl":"https://arrnel.github.io/automation-exercise-py/nightly/5/#testresult/d85115dba514a352","status":"broken","statusDetails":"selenium.common.exceptions.TimeoutException: Message: timeout: Timed out receiving message from renderer: -0.005\n  (Session info: chrome=141.0.7390.122)\nStacktrace:\n#0 0x55a30c796fea <unknown>\n#1 0x55a30c214d06 <unknown>\n#2 0x55a30c1fcde6 <unknown>\n#3 0x55a30c1fcac9 <unknown>\n#4 0x55a30c1fa912 <unknown>\n#5 0x55a30c1fb25f <unknown>\n#6 0x55a30c209b33 <unknown>\n#7 0x55a30c22321b <unknown>\n#8 0x55a30c2299bb <unknown>\n#9 0x55a30c1fb99d <unknown>\n#10 0x55a30c222f48 <unknown>\n#11 0x55a30c2b2a0b <unknown>\n#12 0x55a30c28cbe3 <unknown>\n#13 0x55a30c2592d2 <unknown>\n#14 0x55a30c259f91 <unknown>\n#15 0x55a30c75a9e8 <unknown>\n#16 0x55a30c75e84f <unknown>\n#17 0x55a30c741ec9 <unknown>\n#18 0x55a30c75f3f5 <unknown>\n#19 0x55a30c72774f <unknown>\n#20 0x55a30c783cc8 <unknown>\n#21 0x55a30c783ea3 <unknown>\n#22 0x55a30c795f83 <unknown>\n#23 0x7f90ab856ac3 <unknown>","time":{"start":1771961136581,"stop":1771961136581,"duration":0}},{"uid":"5c6e1cf104b2bb7","reportUrl":"https://arrnel.github.io/automation-exercise-py/nightly/4/#testresult/5c6e1cf104b2bb7","status":"failed","statusDetails":"AssertionError: Product with title = [Sleeveless Dress] not found in carousel","time":{"start":1771953418497,"stop":1771953420324,"duration":1827}},{"uid":"1ec827229b09e6ef","reportUrl":"https://arrnel.github.io/automation-exercise-py/nightly/2/#testresult/1ec827229b09e6ef","status":"failed","statusDetails":"AssertionError: Product with title = [Sleeveless Dress] not found in carousel","time":{"start":1771717062679,"stop":1771717064505,"duration":1826}}]},"tags":["web_test","carousel_component_test","component_test","main_page_test","product_carousel_component_test"]},"source":"d4507397c0c05e0c.json","parameterValues":[]}