{"uid":"1b606c9ffea84be","name":"[WEB Component] Should increase product item quantity","fullName":"tests.web.component.product.test_product_item.TestProductItem#test_increase_product_item_quantity_when_add_product_to_cart","historyId":"306526e8269aa9ab55f3291b6a1e4649","time":{"start":1771961698165,"stop":1771961698165,"duration":0},"status":"broken","statusMessage":"selenium.common.exceptions.TimeoutException: Message: timeout: Timed out receiving message from renderer: -0.006\n  (Session info: chrome=141.0.7390.122)\nStacktrace:\n#0 0x5611695f5fea <unknown>\n#1 0x561169073d06 <unknown>\n#2 0x56116905bde6 <unknown>\n#3 0x56116905bac9 <unknown>\n#4 0x561169059912 <unknown>\n#5 0x56116905a25f <unknown>\n#6 0x561169068b33 <unknown>\n#7 0x56116908221b <unknown>\n#8 0x5611690889bb <unknown>\n#9 0x56116905a99d <unknown>\n#10 0x561169081f48 <unknown>\n#11 0x561169111a0b <unknown>\n#12 0x5611690ebbe3 <unknown>\n#13 0x5611690b82d2 <unknown>\n#14 0x5611690b8f91 <unknown>\n#15 0x5611695b99e8 <unknown>\n#16 0x5611695bd84f <unknown>\n#17 0x5611695a0ec9 <unknown>\n#18 0x5611695be3f5 <unknown>\n#19 0x56116958674f <unknown>\n#20 0x5611695e2cc8 <unknown>\n#21 0x5611695e2ea3 <unknown>\n#22 0x5611695f4f83 <unknown>\n#23 0x7f00680f9ac3 <unknown>","statusTrace":"request = <SubRequest 'each_ui_test_fixture' for <Function test_increase_product_item_quantity_when_add_product_to_cart>>\neach_test_fixtures = None\n\n    @pytest.fixture(autouse=True, scope=\"function\")\n    @allure.title(\"Each UI test fixture\")\n    def each_ui_test_fixture(request, each_test_fixtures):\n    \n        test_name = request.node.name\n        ThreadSafeTestThreadsStore().add_current_thread_to_test(test_name)\n    \n        # ---------------------------------------------------------------------\n        # Init driver\n        # ---------------------------------------------------------------------\n        with allure.step(\"Open browser\"):\n            DriverManager().init_driver()\n>           browser.open(\"/\")\n\ntests/web/conftest.py:83: \n_ _ _ _ _ _ _ _ _ _ _ _ _ _ _ _ _ _ _ _ _ _ _ _ _ _ _ _ _ _ _ _ _ _ _ _ _ _ _ _ \n/usr/local/lib/python3.13/site-packages/selene/core/_browser.py:93: in open\n    self.config._executor.get_url(relative_or_absolute_url)\n/usr/local/lib/python3.13/site-packages/selene/core/configuration.py:263: in get_url\n    self.config._driver_get_url_strategy(self.config)(url)\n/usr/local/lib/python3.13/site-packages/selene/core/configuration.py:215: in get\n    driver.get(url)\n/usr/local/lib/python3.13/site-packages/selenium/webdriver/remote/webdriver.py:452: in get\n    self.execute(Command.GET, {\"url\": url})\n/usr/local/lib/python3.13/site-packages/selenium/webdriver/remote/webdriver.py:432: in execute\n    self.error_handler.check_response(response)\n_ _ _ _ _ _ _ _ _ _ _ _ _ _ _ _ _ _ _ _ _ _ _ _ _ _ _ _ _ _ _ _ _ _ _ _ _ _ _ _ \n\nself = <selenium.webdriver.remote.errorhandler.ErrorHandler object at 0x7fd36822c3c0>\nresponse = {'status': 500, 'value': '{\"value\":{\"error\":\"timeout\",\"message\":\"timeout: Timed out receiving message from renderer: -...\\\\n#21 0x5611695e2ea3 \\\\u003Cunknown>\\\\n#22 0x5611695f4f83 \\\\u003Cunknown>\\\\n#23 0x7f00680f9ac3 \\\\u003Cunknown>\\\\n\"}}'}\n\n    def check_response(self, response: dict[str, Any]) -> None:\n        \"\"\"Check that a JSON response from the WebDriver does not have an error.\n    \n        Args:\n            response: The JSON response from the WebDriver server as a dictionary\n                object.\n    \n        Raises:\n            WebDriverException: If the response contains an error message.\n        \"\"\"\n        status = response.get(\"status\", None)\n        if not status or status == ErrorCode.SUCCESS:\n            return\n        value = None\n        message = response.get(\"message\", \"\")\n        screen: str = response.get(\"screen\", \"\")\n        stacktrace = None\n        if isinstance(status, int):\n            value_json = response.get(\"value\", None)\n            if value_json and isinstance(value_json, str):\n                try:\n                    value = json.loads(value_json)\n                    if isinstance(value, dict):\n                        if len(value) == 1:\n                            value = value[\"value\"]\n                        status = value.get(\"error\", None)\n                        if not status:\n                            status = value.get(\"status\", ErrorCode.UNKNOWN_ERROR)\n                            message = value.get(\"value\") or value.get(\"message\")\n                            if not isinstance(message, str):\n                                value = message\n                                message = message.get(\"message\") if isinstance(message, dict) else None\n                        else:\n                            message = value.get(\"message\", None)\n                except ValueError:\n                    pass\n    \n        exception_class: type[WebDriverException]\n        e = ErrorCode()\n        error_codes = [item for item in dir(e) if not item.startswith(\"__\")]\n        for error_code in error_codes:\n            error_info = getattr(ErrorCode, error_code)\n            if isinstance(error_info, list) and status in error_info:\n                exception_class = getattr(ExceptionMapping, error_code, WebDriverException)\n                break\n        else:\n            exception_class = WebDriverException\n    \n        if not value:\n            value = response[\"value\"]\n        if isinstance(value, str):\n            raise exception_class(value)\n        if message == \"\" and \"message\" in value:\n            message = value[\"message\"]\n    \n        screen = None  # type: ignore[assignment]\n        if \"screen\" in value:\n            screen = value[\"screen\"]\n    \n        stacktrace = None\n        st_value = value.get(\"stackTrace\") or value.get(\"stacktrace\")\n        if st_value:\n            if isinstance(st_value, str):\n                stacktrace = st_value.split(\"\\n\")\n            else:\n                stacktrace = []\n                try:\n                    for frame in st_value:\n                        line = frame.get(\"lineNumber\", \"\")\n                        file = frame.get(\"fileName\", \"<anonymous>\")\n                        if line:\n                            file = f\"{file}:{line}\"\n                        meth = frame.get(\"methodName\", \"<anonymous>\")\n                        if \"className\" in frame:\n                            meth = f\"{frame['className']}.{meth}\"\n                        msg = \"    at %s (%s)\"\n                        msg = msg % (meth, file)\n                        stacktrace.append(msg)\n                except TypeError:\n                    pass\n        if exception_class == UnexpectedAlertPresentException:\n            alert_text = None\n            if \"data\" in value:\n                alert_text = value[\"data\"].get(\"text\")\n            elif \"alert\" in value:\n                alert_text = value[\"alert\"].get(\"text\")\n            raise exception_class(message, screen, stacktrace, alert_text)  # type: ignore[call-arg]  # mypy is not smart enough here\n>       raise exception_class(message, screen, stacktrace)\nE       selenium.common.exceptions.TimeoutException: Message: timeout: Timed out receiving message from renderer: -0.006\nE         (Session info: chrome=141.0.7390.122)\nE       Stacktrace:\nE       #0 0x5611695f5fea <unknown>\nE       #1 0x561169073d06 <unknown>\nE       #2 0x56116905bde6 <unknown>\nE       #3 0x56116905bac9 <unknown>\nE       #4 0x561169059912 <unknown>\nE       #5 0x56116905a25f <unknown>\nE       #6 0x561169068b33 <unknown>\nE       #7 0x56116908221b <unknown>\nE       #8 0x5611690889bb <unknown>\nE       #9 0x56116905a99d <unknown>\nE       #10 0x561169081f48 <unknown>\nE       #11 0x561169111a0b <unknown>\nE       #12 0x5611690ebbe3 <unknown>\nE       #13 0x5611690b82d2 <unknown>\nE       #14 0x5611690b8f91 <unknown>\nE       #15 0x5611695b99e8 <unknown>\nE       #16 0x5611695bd84f <unknown>\nE       #17 0x5611695a0ec9 <unknown>\nE       #18 0x5611695be3f5 <unknown>\nE       #19 0x56116958674f <unknown>\nE       #20 0x5611695e2cc8 <unknown>\nE       #21 0x5611695e2ea3 <unknown>\nE       #22 0x5611695f4f83 <unknown>\nE       #23 0x7f00680f9ac3 <unknown>\n\n/usr/local/lib/python3.13/site-packages/selenium/webdriver/remote/errorhandler.py:232: TimeoutException","flaky":false,"newFailed":false,"newBroken":true,"newPassed":false,"retriesCount":0,"retriesStatusChange":false,"beforeStages":[{"name":"_session_faker","time":{"start":1771960516286,"stop":1771960516287,"duration":1},"status":"passed","steps":[],"attachments":[],"parameters":[],"stepsCount":0,"shouldDisplayMessage":false,"attachmentsCount":0,"hasContent":false,"attachmentStep":false},{"name":"All test fixtures","time":{"start":1771960516287,"stop":1771960516288,"duration":1},"status":"passed","steps":[{"name":"Tests configuration data","time":{"start":1771960516287,"stop":1771960516288,"duration":1},"status":"passed","steps":[],"attachments":[{"uid":"11c42ac5d01f1065","name":"Configuration","source":"11c42ac5d01f1065.txt","type":"text/plain","size":1705}],"parameters":[],"stepsCount":0,"shouldDisplayMessage":false,"attachmentsCount":1,"hasContent":true,"attachmentStep":false}],"attachments":[],"parameters":[],"stepsCount":1,"shouldDisplayMessage":false,"attachmentsCount":1,"hasContent":true,"attachmentStep":false},{"name":"All UI tests fixture","time":{"start":1771960838656,"stop":1771960838656,"duration":0},"status":"passed","steps":[],"attachments":[],"parameters":[],"stepsCount":0,"shouldDisplayMessage":false,"attachmentsCount":0,"hasContent":false,"attachmentStep":false},{"name":"Each test fixtures","time":{"start":1771961698165,"stop":1771961698165,"duration":0},"status":"passed","steps":[],"attachments":[],"parameters":[],"stepsCount":0,"shouldDisplayMessage":false,"attachmentsCount":0,"hasContent":false,"attachmentStep":false},{"name":"Each UI test fixture","time":{"start":1771961698166,"stop":1771961710520,"duration":12354},"status":"broken","statusMessage":"selenium.common.exceptions.TimeoutException: Message: timeout: Timed out receiving message from renderer: -0.006\n  (Session info: chrome=141.0.7390.122)\nStacktrace:\n#0 0x5611695f5fea <unknown>\n#1 0x561169073d06 <unknown>\n#2 0x56116905bde6 <unknown>\n#3 0x56116905bac9 <unknown>\n#4 0x561169059912 <unknown>\n#5 0x56116905a25f <unknown>\n#6 0x561169068b33 <unknown>\n#7 0x56116908221b <unknown>\n#8 0x5611690889bb <unknown>\n#9 0x56116905a99d <unknown>\n#10 0x561169081f48 <unknown>\n#11 0x561169111a0b <unknown>\n#12 0x5611690ebbe3 <unknown>\n#13 0x5611690b82d2 <unknown>\n#14 0x5611690b8f91 <unknown>\n#15 0x5611695b99e8 <unknown>\n#16 0x5611695bd84f <unknown>\n#17 0x5611695a0ec9 <unknown>\n#18 0x5611695be3f5 <unknown>\n#19 0x56116958674f <unknown>\n#20 0x5611695e2cc8 <unknown>\n#21 0x5611695e2ea3 <unknown>\n#22 0x5611695f4f83 <unknown>\n#23 0x7f00680f9ac3 <unknown>\n\n","statusTrace":"  File \"/usr/local/lib/python3.13/site-packages/pluggy/_callers.py\", line 38, in run_old_style_hookwrapper\n    res = yield\n          ^^^^^\n  File \"/usr/local/lib/python3.13/site-packages/pluggy/_callers.py\", line 139, in _multicall\n    teardown.throw(exception)\n    ~~~~~~~~~~~~~~^^^^^^^^^^^\n  File \"/usr/local/lib/python3.13/site-packages/pluggy/_callers.py\", line 53, in run_old_style_hookwrapper\n    return result.get_result()\n           ~~~~~~~~~~~~~~~~~^^\n  File \"/usr/local/lib/python3.13/site-packages/pluggy/_result.py\", line 103, in get_result\n    raise exc.with_traceback(tb)\n  File \"/usr/local/lib/python3.13/site-packages/pluggy/_callers.py\", line 38, in run_old_style_hookwrapper\n    res = yield\n          ^^^^^\n  File \"/usr/local/lib/python3.13/site-packages/pluggy/_callers.py\", line 139, in _multicall\n    teardown.throw(exception)\n    ~~~~~~~~~~~~~~^^^^^^^^^^^\n  File \"/usr/local/lib/python3.13/site-packages/_pytest/setuponly.py\", line 36, in pytest_fixture_setup\n    return (yield)\n            ^^^^^\n  File \"/usr/local/lib/python3.13/site-packages/pluggy/_callers.py\", line 121, in _multicall\n    res = hook_impl.function(*args)\n  File \"/usr/local/lib/python3.13/site-packages/_pytest/fixtures.py\", line 1196, in pytest_fixture_setup\n    result = call_fixture_func(fixturefunc, request, kwargs)\n  File \"/usr/local/lib/python3.13/site-packages/_pytest/fixtures.py\", line 923, in call_fixture_func\n    fixture_result = next(generator)\n  File \"/automation-exercise-py/tests/web/conftest.py\", line 83, in each_ui_test_fixture\n    browser.open(\"/\")\n    ~~~~~~~~~~~~^^^^^\n  File \"/usr/local/lib/python3.13/site-packages/selene/core/_browser.py\", line 93, in open\n    self.config._executor.get_url(relative_or_absolute_url)\n    ~~~~~~~~~~~~~~~~~~~~~~~~~~~~~^^^^^^^^^^^^^^^^^^^^^^^^^^\n  File \"/usr/local/lib/python3.13/site-packages/selene/core/configuration.py\", line 263, in get_url\n    self.config._driver_get_url_strategy(self.config)(url)\n    ~~~~~~~~~~~~~~~~~~~~~~~~~~~~~~~~~~~~~~~~~~~~~~~~~^^^^^\n  File \"/usr/local/lib/python3.13/site-packages/selene/core/configuration.py\", line 215, in get\n    driver.get(url)\n    ~~~~~~~~~~^^^^^\n  File \"/usr/local/lib/python3.13/site-packages/selenium/webdriver/remote/webdriver.py\", line 452, in get\n    self.execute(Command.GET, {\"url\": url})\n    ~~~~~~~~~~~~^^^^^^^^^^^^^^^^^^^^^^^^^^^\n  File \"/usr/local/lib/python3.13/site-packages/selenium/webdriver/remote/webdriver.py\", line 432, in execute\n    self.error_handler.check_response(response)\n    ~~~~~~~~~~~~~~~~~~~~~~~~~~~~~~~~~^^^^^^^^^^\n  File \"/usr/local/lib/python3.13/site-packages/selenium/webdriver/remote/errorhandler.py\", line 232, in check_response\n    raise exception_class(message, screen, stacktrace)\n","steps":[{"name":"Open browser","time":{"start":1771961698166,"stop":1771961710518,"duration":12352},"status":"broken","statusMessage":"selenium.common.exceptions.TimeoutException: Message: timeout: Timed out receiving message from renderer: -0.006\n  (Session info: chrome=141.0.7390.122)\nStacktrace:\n#0 0x5611695f5fea <unknown>\n#1 0x561169073d06 <unknown>\n#2 0x56116905bde6 <unknown>\n#3 0x56116905bac9 <unknown>\n#4 0x561169059912 <unknown>\n#5 0x56116905a25f <unknown>\n#6 0x561169068b33 <unknown>\n#7 0x56116908221b <unknown>\n#8 0x5611690889bb <unknown>\n#9 0x56116905a99d <unknown>\n#10 0x561169081f48 <unknown>\n#11 0x561169111a0b <unknown>\n#12 0x5611690ebbe3 <unknown>\n#13 0x5611690b82d2 <unknown>\n#14 0x5611690b8f91 <unknown>\n#15 0x5611695b99e8 <unknown>\n#16 0x5611695bd84f <unknown>\n#17 0x5611695a0ec9 <unknown>\n#18 0x5611695be3f5 <unknown>\n#19 0x56116958674f <unknown>\n#20 0x5611695e2cc8 <unknown>\n#21 0x5611695e2ea3 <unknown>\n#22 0x5611695f4f83 <unknown>\n#23 0x7f00680f9ac3 <unknown>\n\n","statusTrace":"  File \"/automation-exercise-py/tests/web/conftest.py\", line 83, in each_ui_test_fixture\n    browser.open(\"/\")\n    ~~~~~~~~~~~~^^^^^\n  File \"/usr/local/lib/python3.13/site-packages/selene/core/_browser.py\", line 93, in open\n    self.config._executor.get_url(relative_or_absolute_url)\n    ~~~~~~~~~~~~~~~~~~~~~~~~~~~~~^^^^^^^^^^^^^^^^^^^^^^^^^^\n  File \"/usr/local/lib/python3.13/site-packages/selene/core/configuration.py\", line 263, in get_url\n    self.config._driver_get_url_strategy(self.config)(url)\n    ~~~~~~~~~~~~~~~~~~~~~~~~~~~~~~~~~~~~~~~~~~~~~~~~~^^^^^\n  File \"/usr/local/lib/python3.13/site-packages/selene/core/configuration.py\", line 215, in get\n    driver.get(url)\n    ~~~~~~~~~~^^^^^\n  File \"/usr/local/lib/python3.13/site-packages/selenium/webdriver/remote/webdriver.py\", line 452, in get\n    self.execute(Command.GET, {\"url\": url})\n    ~~~~~~~~~~~~^^^^^^^^^^^^^^^^^^^^^^^^^^^\n  File \"/usr/local/lib/python3.13/site-packages/selenium/webdriver/remote/webdriver.py\", line 432, in execute\n    self.error_handler.check_response(response)\n    ~~~~~~~~~~~~~~~~~~~~~~~~~~~~~~~~~^^^^^^^^^^\n  File \"/usr/local/lib/python3.13/site-packages/selenium/webdriver/remote/errorhandler.py\", line 232, in check_response\n    raise exception_class(message, screen, stacktrace)\n","steps":[],"attachments":[],"parameters":[],"stepsCount":0,"shouldDisplayMessage":true,"attachmentsCount":0,"hasContent":true,"attachmentStep":false}],"attachments":[],"parameters":[],"stepsCount":1,"shouldDisplayMessage":false,"attachmentsCount":0,"hasContent":true,"attachmentStep":false},{"name":"_xunit_setup_method_fixture_TestProductItem","time":{"start":1771961719000,"stop":1771961719068,"duration":68},"status":"passed","steps":[],"attachments":[],"parameters":[],"stepsCount":0,"shouldDisplayMessage":false,"attachmentsCount":0,"hasContent":false,"attachmentStep":false},{"name":"Create random user by api","time":{"start":1771961719068,"stop":1771961719501,"duration":433},"status":"passed","steps":[{"name":"Create user: npineda@test.arrnel.io","time":{"start":1771961719099,"stop":1771961719500,"duration":401},"status":"passed","steps":[{"name":"Send request [POST]: /createAccount","time":{"start":1771961719099,"stop":1771961719340,"duration":241},"status":"passed","steps":[],"attachments":[{"uid":"b67fefa5fa675def","name":"Request","source":"b67fefa5fa675def.txt","type":"text/plain","size":393},{"uid":"e4dfd96240e4b53f","name":"Response","source":"e4dfd96240e4b53f.txt","type":"text/plain","size":924}],"parameters":[],"stepsCount":0,"shouldDisplayMessage":false,"attachmentsCount":2,"hasContent":true,"attachmentStep":false},{"name":"Send request [GET]: /getUserDetailByEmail","time":{"start":1771961719360,"stop":1771961719456,"duration":96},"status":"passed","steps":[],"attachments":[{"uid":"ccaf7f0878c1f1dd","name":"Request","source":"ccaf7f0878c1f1dd.txt","type":"text/plain","size":405},{"uid":"f89732752f6f63ee","name":"Response","source":"f89732752f6f63ee.txt","type":"text/plain","size":982}],"parameters":[],"stepsCount":0,"shouldDisplayMessage":false,"attachmentsCount":2,"hasContent":true,"attachmentStep":false}],"attachments":[],"parameters":[],"stepsCount":2,"shouldDisplayMessage":false,"attachmentsCount":4,"hasContent":true,"attachmentStep":false}],"attachments":[],"parameters":[],"stepsCount":3,"shouldDisplayMessage":false,"attachmentsCount":4,"hasContent":true,"attachmentStep":false},{"name":"Auth by random user","time":{"start":1771961719501,"stop":1771961720533,"duration":1032},"status":"passed","steps":[{"name":"Sign in by email = [npineda@test.arrnel.io] and password = [12345]","time":{"start":1771961719508,"stop":1771961720270,"duration":762},"status":"passed","steps":[{"name":"Send request [GET]: /login","time":{"start":1771961719508,"stop":1771961719824,"duration":316},"status":"passed","steps":[],"attachments":[{"uid":"b1994812f40fab2","name":"Request","source":"b1994812f40fab2.txt","type":"text/plain","size":355},{"uid":"8652be5a7787627a","name":"Response","source":"8652be5a7787627a.txt","type":"text/plain","size":1056}],"parameters":[],"stepsCount":0,"shouldDisplayMessage":false,"attachmentsCount":2,"hasContent":true,"attachmentStep":false},{"name":"Send request [POST]: /login","time":{"start":1771961719824,"stop":1771961720270,"duration":446},"status":"passed","steps":[],"attachments":[{"uid":"b3698a0e3d767414","name":"Request","source":"b3698a0e3d767414.txt","type":"text/plain","size":533},{"uid":"3aaa79a5f0c57450","name":"Response","source":"3aaa79a5f0c57450.txt","type":"text/plain","size":1045}],"parameters":[],"stepsCount":0,"shouldDisplayMessage":false,"attachmentsCount":2,"hasContent":true,"attachmentStep":false}],"attachments":[],"parameters":[],"stepsCount":2,"shouldDisplayMessage":false,"attachmentsCount":4,"hasContent":true,"attachmentStep":false}],"attachments":[],"parameters":[],"stepsCount":3,"shouldDisplayMessage":false,"attachmentsCount":4,"hasContent":true,"attachmentStep":false},{"name":"Open Cart page","time":{"start":1771961720534,"stop":1771961720816,"duration":282},"status":"passed","steps":[{"name":"Open [Cart Page]: /view_cart","time":{"start":1771961720534,"stop":1771961720816,"duration":282},"status":"passed","steps":[],"attachments":[],"parameters":[],"stepsCount":0,"shouldDisplayMessage":false,"attachmentsCount":0,"hasContent":false,"attachmentStep":false}],"attachments":[],"parameters":[],"stepsCount":1,"shouldDisplayMessage":false,"attachmentsCount":0,"hasContent":true,"attachmentStep":false}],"testStage":{"status":"broken","statusMessage":"selenium.common.exceptions.TimeoutException: Message: timeout: Timed out receiving message from renderer: -0.006\n  (Session info: chrome=141.0.7390.122)\nStacktrace:\n#0 0x5611695f5fea <unknown>\n#1 0x561169073d06 <unknown>\n#2 0x56116905bde6 <unknown>\n#3 0x56116905bac9 <unknown>\n#4 0x561169059912 <unknown>\n#5 0x56116905a25f <unknown>\n#6 0x561169068b33 <unknown>\n#7 0x56116908221b <unknown>\n#8 0x5611690889bb <unknown>\n#9 0x56116905a99d <unknown>\n#10 0x561169081f48 <unknown>\n#11 0x561169111a0b <unknown>\n#12 0x5611690ebbe3 <unknown>\n#13 0x5611690b82d2 <unknown>\n#14 0x5611690b8f91 <unknown>\n#15 0x5611695b99e8 <unknown>\n#16 0x5611695bd84f <unknown>\n#17 0x5611695a0ec9 <unknown>\n#18 0x5611695be3f5 <unknown>\n#19 0x56116958674f <unknown>\n#20 0x5611695e2cc8 <unknown>\n#21 0x5611695e2ea3 <unknown>\n#22 0x5611695f4f83 <unknown>\n#23 0x7f00680f9ac3 <unknown>","statusTrace":"request = <SubRequest 'each_ui_test_fixture' for <Function test_increase_product_item_quantity_when_add_product_to_cart>>\neach_test_fixtures = None\n\n    @pytest.fixture(autouse=True, scope=\"function\")\n    @allure.title(\"Each UI test fixture\")\n    def each_ui_test_fixture(request, each_test_fixtures):\n    \n        test_name = request.node.name\n        ThreadSafeTestThreadsStore().add_current_thread_to_test(test_name)\n    \n        # ---------------------------------------------------------------------\n        # Init driver\n        # ---------------------------------------------------------------------\n        with allure.step(\"Open browser\"):\n            DriverManager().init_driver()\n>           browser.open(\"/\")\n\ntests/web/conftest.py:83: \n_ _ _ _ _ _ _ _ _ _ _ _ _ _ _ _ _ _ _ _ _ _ _ _ _ _ _ _ _ _ _ _ _ _ _ _ _ _ _ _ \n/usr/local/lib/python3.13/site-packages/selene/core/_browser.py:93: in open\n    self.config._executor.get_url(relative_or_absolute_url)\n/usr/local/lib/python3.13/site-packages/selene/core/configuration.py:263: in get_url\n    self.config._driver_get_url_strategy(self.config)(url)\n/usr/local/lib/python3.13/site-packages/selene/core/configuration.py:215: in get\n    driver.get(url)\n/usr/local/lib/python3.13/site-packages/selenium/webdriver/remote/webdriver.py:452: in get\n    self.execute(Command.GET, {\"url\": url})\n/usr/local/lib/python3.13/site-packages/selenium/webdriver/remote/webdriver.py:432: in execute\n    self.error_handler.check_response(response)\n_ _ _ _ _ _ _ _ _ _ _ _ _ _ _ _ _ _ _ _ _ _ _ _ _ _ _ _ _ _ _ _ _ _ _ _ _ _ _ _ \n\nself = <selenium.webdriver.remote.errorhandler.ErrorHandler object at 0x7fd36822c3c0>\nresponse = {'status': 500, 'value': '{\"value\":{\"error\":\"timeout\",\"message\":\"timeout: Timed out receiving message from renderer: -...\\\\n#21 0x5611695e2ea3 \\\\u003Cunknown>\\\\n#22 0x5611695f4f83 \\\\u003Cunknown>\\\\n#23 0x7f00680f9ac3 \\\\u003Cunknown>\\\\n\"}}'}\n\n    def check_response(self, response: dict[str, Any]) -> None:\n        \"\"\"Check that a JSON response from the WebDriver does not have an error.\n    \n        Args:\n            response: The JSON response from the WebDriver server as a dictionary\n                object.\n    \n        Raises:\n            WebDriverException: If the response contains an error message.\n        \"\"\"\n        status = response.get(\"status\", None)\n        if not status or status == ErrorCode.SUCCESS:\n            return\n        value = None\n        message = response.get(\"message\", \"\")\n        screen: str = response.get(\"screen\", \"\")\n        stacktrace = None\n        if isinstance(status, int):\n            value_json = response.get(\"value\", None)\n            if value_json and isinstance(value_json, str):\n                try:\n                    value = json.loads(value_json)\n                    if isinstance(value, dict):\n                        if len(value) == 1:\n                            value = value[\"value\"]\n                        status = value.get(\"error\", None)\n                        if not status:\n                            status = value.get(\"status\", ErrorCode.UNKNOWN_ERROR)\n                            message = value.get(\"value\") or value.get(\"message\")\n                            if not isinstance(message, str):\n                                value = message\n                                message = message.get(\"message\") if isinstance(message, dict) else None\n                        else:\n                            message = value.get(\"message\", None)\n                except ValueError:\n                    pass\n    \n        exception_class: type[WebDriverException]\n        e = ErrorCode()\n        error_codes = [item for item in dir(e) if not item.startswith(\"__\")]\n        for error_code in error_codes:\n            error_info = getattr(ErrorCode, error_code)\n            if isinstance(error_info, list) and status in error_info:\n                exception_class = getattr(ExceptionMapping, error_code, WebDriverException)\n                break\n        else:\n            exception_class = WebDriverException\n    \n        if not value:\n            value = response[\"value\"]\n        if isinstance(value, str):\n            raise exception_class(value)\n        if message == \"\" and \"message\" in value:\n            message = value[\"message\"]\n    \n        screen = None  # type: ignore[assignment]\n        if \"screen\" in value:\n            screen = value[\"screen\"]\n    \n        stacktrace = None\n        st_value = value.get(\"stackTrace\") or value.get(\"stacktrace\")\n        if st_value:\n            if isinstance(st_value, str):\n                stacktrace = st_value.split(\"\\n\")\n            else:\n                stacktrace = []\n                try:\n                    for frame in st_value:\n                        line = frame.get(\"lineNumber\", \"\")\n                        file = frame.get(\"fileName\", \"<anonymous>\")\n                        if line:\n                            file = f\"{file}:{line}\"\n                        meth = frame.get(\"methodName\", \"<anonymous>\")\n                        if \"className\" in frame:\n                            meth = f\"{frame['className']}.{meth}\"\n                        msg = \"    at %s (%s)\"\n                        msg = msg % (meth, file)\n                        stacktrace.append(msg)\n                except TypeError:\n                    pass\n        if exception_class == UnexpectedAlertPresentException:\n            alert_text = None\n            if \"data\" in value:\n                alert_text = value[\"data\"].get(\"text\")\n            elif \"alert\" in value:\n                alert_text = value[\"alert\"].get(\"text\")\n            raise exception_class(message, screen, stacktrace, alert_text)  # type: ignore[call-arg]  # mypy is not smart enough here\n>       raise exception_class(message, screen, stacktrace)\nE       selenium.common.exceptions.TimeoutException: Message: timeout: Timed out receiving message from renderer: -0.006\nE         (Session info: chrome=141.0.7390.122)\nE       Stacktrace:\nE       #0 0x5611695f5fea <unknown>\nE       #1 0x561169073d06 <unknown>\nE       #2 0x56116905bde6 <unknown>\nE       #3 0x56116905bac9 <unknown>\nE       #4 0x561169059912 <unknown>\nE       #5 0x56116905a25f <unknown>\nE       #6 0x561169068b33 <unknown>\nE       #7 0x56116908221b <unknown>\nE       #8 0x5611690889bb <unknown>\nE       #9 0x56116905a99d <unknown>\nE       #10 0x561169081f48 <unknown>\nE       #11 0x561169111a0b <unknown>\nE       #12 0x5611690ebbe3 <unknown>\nE       #13 0x5611690b82d2 <unknown>\nE       #14 0x5611690b8f91 <unknown>\nE       #15 0x5611695b99e8 <unknown>\nE       #16 0x5611695bd84f <unknown>\nE       #17 0x5611695a0ec9 <unknown>\nE       #18 0x5611695be3f5 <unknown>\nE       #19 0x56116958674f <unknown>\nE       #20 0x5611695e2cc8 <unknown>\nE       #21 0x5611695e2ea3 <unknown>\nE       #22 0x5611695f4f83 <unknown>\nE       #23 0x7f00680f9ac3 <unknown>\n\n/usr/local/lib/python3.13/site-packages/selenium/webdriver/remote/errorhandler.py:232: TimeoutException","steps":[],"attachments":[{"uid":"d060002877f1c0b3","name":"log","source":"d060002877f1c0b3.txt","type":"text/plain","size":70},{"uid":"86c6be68024d6319","name":"stderr","source":"86c6be68024d6319.txt","type":"text/plain","size":49}],"parameters":[],"stepsCount":0,"shouldDisplayMessage":true,"attachmentsCount":2,"hasContent":true,"attachmentStep":false},"afterStages":[{"name":"Each test fixtures::0","time":{"start":1771961710586,"stop":1771961710586,"duration":0},"status":"passed","steps":[{"name":"Remove current test users from backend","time":{"start":1771961710586,"stop":1771961710586,"duration":0},"status":"passed","steps":[],"attachments":[],"parameters":[],"stepsCount":0,"shouldDisplayMessage":false,"attachmentsCount":0,"hasContent":false,"attachmentStep":false}],"attachments":[],"parameters":[],"stepsCount":1,"shouldDisplayMessage":false,"attachmentsCount":0,"hasContent":true,"attachmentStep":false},{"name":"Auth by random user::0","time":{"start":1771961722115,"stop":1771961722116,"duration":1},"status":"passed","steps":[],"attachments":[],"parameters":[],"stepsCount":0,"shouldDisplayMessage":false,"attachmentsCount":0,"hasContent":false,"attachmentStep":false},{"name":"_xunit_setup_method_fixture_TestProductItem::0","time":{"start":1771961722116,"stop":1771961722116,"duration":0},"status":"passed","steps":[],"attachments":[],"parameters":[],"stepsCount":0,"shouldDisplayMessage":false,"attachmentsCount":0,"hasContent":false,"attachmentStep":false},{"name":"All test fixtures::0","time":{"start":1771961965859,"stop":1771961965859,"duration":0},"status":"passed","steps":[{"name":"Remove users from backend after all tests","time":{"start":1771961965859,"stop":1771961965859,"duration":0},"status":"passed","steps":[],"attachments":[],"parameters":[],"stepsCount":0,"shouldDisplayMessage":false,"attachmentsCount":0,"hasContent":false,"attachmentStep":false}],"attachments":[],"parameters":[],"stepsCount":1,"shouldDisplayMessage":false,"attachmentsCount":0,"hasContent":true,"attachmentStep":false}],"labels":[{"name":"epic","value":"WEB Component"},{"name":"story","value":"[Web] Component - Product Item Component"},{"name":"feature","value":"Product Item Component"},{"name":"owner","value":"arrnel"},{"name":"tag","value":"cart_page_test"},{"name":"tag","value":"@pytest.mark.usefixtures('open_cart_page', 'auth_user')"},{"name":"tag","value":"web_test"},{"name":"tag","value":"component_test"},{"name":"tag","value":"product_item_component_test"},{"name":"tag","value":"product_test"},{"name":"parentSuite","value":"tests.web.component.product"},{"name":"suite","value":"test_product_item"},{"name":"subSuite","value":"TestProductItem"},{"name":"host","value":"75e9895ce463"},{"name":"thread","value":"27-MainThread"},{"name":"framework","value":"pytest"},{"name":"language","value":"cpython3"},{"name":"package","value":"tests.web.component.product.test_product_item"},{"name":"resultFormat","value":"allure2"}],"parameters":[],"links":[],"hidden":false,"retry":false,"extra":{"severity":"normal","owner":"arrnel","retries":[],"categories":[{"name":"Test defects","matchedStatuses":[],"flaky":false}],"history":{"statistic":{"failed":0,"broken":1,"skipped":0,"passed":2,"unknown":0,"total":3},"items":[{"uid":"efd3ecb5796e469b","reportUrl":"https://arrnel.github.io/automation-exercise-py/nightly/4/#testresult/efd3ecb5796e469b","status":"passed","time":{"start":1771953962332,"stop":1771953963217,"duration":885}},{"uid":"8333a5986ff2b7f3","reportUrl":"https://arrnel.github.io/automation-exercise-py/nightly/2/#testresult/8333a5986ff2b7f3","status":"passed","time":{"start":1771717579876,"stop":1771717580731,"duration":855}}]},"tags":["web_test","product_item_component_test","@pytest.mark.usefixtures('open_cart_page', 'auth_user')","cart_page_test","component_test","product_test"]},"source":"1b606c9ffea84be.json","parameterValues":[]}