{"uid":"53c367e81b119595","name":"[WEB Component] Should have all products expected total price","fullName":"tests.web.component.product.test_product_item.TestProductItem#test_all_products_total_price","historyId":"ba481b5280714718f085240621ea1cb5","time":{"start":1771961728137,"stop":1771961728137,"duration":0},"status":"broken","statusMessage":"selenium.common.exceptions.TimeoutException: Message: timeout: Timed out receiving message from renderer: -0.006\n  (Session info: chrome=141.0.7390.122)\nStacktrace:\n#0 0x55ecd9c15fea <unknown>\n#1 0x55ecd9693d06 <unknown>\n#2 0x55ecd967bde6 <unknown>\n#3 0x55ecd967bac9 <unknown>\n#4 0x55ecd9679912 <unknown>\n#5 0x55ecd967a25f <unknown>\n#6 0x55ecd9688b33 <unknown>\n#7 0x55ecd96a221b <unknown>\n#8 0x55ecd96a89bb <unknown>\n#9 0x55ecd967a99d <unknown>\n#10 0x55ecd96a1f48 <unknown>\n#11 0x55ecd9731a0b <unknown>\n#12 0x55ecd970bbe3 <unknown>\n#13 0x55ecd96d82d2 <unknown>\n#14 0x55ecd96d8f91 <unknown>\n#15 0x55ecd9bd99e8 <unknown>\n#16 0x55ecd9bdd84f <unknown>\n#17 0x55ecd9bc0ec9 <unknown>\n#18 0x55ecd9bde3f5 <unknown>\n#19 0x55ecd9ba674f <unknown>\n#20 0x55ecd9c02cc8 <unknown>\n#21 0x55ecd9c02ea3 <unknown>\n#22 0x55ecd9c14f83 <unknown>\n#23 0x7f758549dac3 <unknown>","statusTrace":"request = <SubRequest 'each_ui_test_fixture' for <Function test_all_products_total_price>>\neach_test_fixtures = None\n\n    @pytest.fixture(autouse=True, scope=\"function\")\n    @allure.title(\"Each UI test fixture\")\n    def each_ui_test_fixture(request, each_test_fixtures):\n    \n        test_name = request.node.name\n        ThreadSafeTestThreadsStore().add_current_thread_to_test(test_name)\n    \n        # ---------------------------------------------------------------------\n        # Init driver\n        # ---------------------------------------------------------------------\n        with allure.step(\"Open browser\"):\n            DriverManager().init_driver()\n>           browser.open(\"/\")\n\ntests/web/conftest.py:83: \n_ _ _ _ _ _ _ _ _ _ _ _ _ _ _ _ _ _ _ _ _ _ _ _ _ _ _ _ _ _ _ _ _ _ _ _ _ _ _ _ \n/usr/local/lib/python3.13/site-packages/selene/core/_browser.py:93: in open\n    self.config._executor.get_url(relative_or_absolute_url)\n/usr/local/lib/python3.13/site-packages/selene/core/configuration.py:263: in get_url\n    self.config._driver_get_url_strategy(self.config)(url)\n/usr/local/lib/python3.13/site-packages/selene/core/configuration.py:215: in get\n    driver.get(url)\n/usr/local/lib/python3.13/site-packages/selenium/webdriver/remote/webdriver.py:452: in get\n    self.execute(Command.GET, {\"url\": url})\n/usr/local/lib/python3.13/site-packages/selenium/webdriver/remote/webdriver.py:432: in execute\n    self.error_handler.check_response(response)\n_ _ _ _ _ _ _ _ _ _ _ _ _ _ _ _ _ _ _ _ _ _ _ _ _ _ _ _ _ _ _ _ _ _ _ _ _ _ _ _ \n\nself = <selenium.webdriver.remote.errorhandler.ErrorHandler object at 0x7fd08dc67b60>\nresponse = {'status': 500, 'value': '{\"value\":{\"error\":\"timeout\",\"message\":\"timeout: Timed out receiving message from renderer: -...\\\\n#21 0x55ecd9c02ea3 \\\\u003Cunknown>\\\\n#22 0x55ecd9c14f83 \\\\u003Cunknown>\\\\n#23 0x7f758549dac3 \\\\u003Cunknown>\\\\n\"}}'}\n\n    def check_response(self, response: dict[str, Any]) -> None:\n        \"\"\"Check that a JSON response from the WebDriver does not have an error.\n    \n        Args:\n            response: The JSON response from the WebDriver server as a dictionary\n                object.\n    \n        Raises:\n            WebDriverException: If the response contains an error message.\n        \"\"\"\n        status = response.get(\"status\", None)\n        if not status or status == ErrorCode.SUCCESS:\n            return\n        value = None\n        message = response.get(\"message\", \"\")\n        screen: str = response.get(\"screen\", \"\")\n        stacktrace = None\n        if isinstance(status, int):\n            value_json = response.get(\"value\", None)\n            if value_json and isinstance(value_json, str):\n                try:\n                    value = json.loads(value_json)\n                    if isinstance(value, dict):\n                        if len(value) == 1:\n                            value = value[\"value\"]\n                        status = value.get(\"error\", None)\n                        if not status:\n                            status = value.get(\"status\", ErrorCode.UNKNOWN_ERROR)\n                            message = value.get(\"value\") or value.get(\"message\")\n                            if not isinstance(message, str):\n                                value = message\n                                message = message.get(\"message\") if isinstance(message, dict) else None\n                        else:\n                            message = value.get(\"message\", None)\n                except ValueError:\n                    pass\n    \n        exception_class: type[WebDriverException]\n        e = ErrorCode()\n        error_codes = [item for item in dir(e) if not item.startswith(\"__\")]\n        for error_code in error_codes:\n            error_info = getattr(ErrorCode, error_code)\n            if isinstance(error_info, list) and status in error_info:\n                exception_class = getattr(ExceptionMapping, error_code, WebDriverException)\n                break\n        else:\n            exception_class = WebDriverException\n    \n        if not value:\n            value = response[\"value\"]\n        if isinstance(value, str):\n            raise exception_class(value)\n        if message == \"\" and \"message\" in value:\n            message = value[\"message\"]\n    \n        screen = None  # type: ignore[assignment]\n        if \"screen\" in value:\n            screen = value[\"screen\"]\n    \n        stacktrace = None\n        st_value = value.get(\"stackTrace\") or value.get(\"stacktrace\")\n        if st_value:\n            if isinstance(st_value, str):\n                stacktrace = st_value.split(\"\\n\")\n            else:\n                stacktrace = []\n                try:\n                    for frame in st_value:\n                        line = frame.get(\"lineNumber\", \"\")\n                        file = frame.get(\"fileName\", \"<anonymous>\")\n                        if line:\n                            file = f\"{file}:{line}\"\n                        meth = frame.get(\"methodName\", \"<anonymous>\")\n                        if \"className\" in frame:\n                            meth = f\"{frame['className']}.{meth}\"\n                        msg = \"    at %s (%s)\"\n                        msg = msg % (meth, file)\n                        stacktrace.append(msg)\n                except TypeError:\n                    pass\n        if exception_class == UnexpectedAlertPresentException:\n            alert_text = None\n            if \"data\" in value:\n                alert_text = value[\"data\"].get(\"text\")\n            elif \"alert\" in value:\n                alert_text = value[\"alert\"].get(\"text\")\n            raise exception_class(message, screen, stacktrace, alert_text)  # type: ignore[call-arg]  # mypy is not smart enough here\n>       raise exception_class(message, screen, stacktrace)\nE       selenium.common.exceptions.TimeoutException: Message: timeout: Timed out receiving message from renderer: -0.006\nE         (Session info: chrome=141.0.7390.122)\nE       Stacktrace:\nE       #0 0x55ecd9c15fea <unknown>\nE       #1 0x55ecd9693d06 <unknown>\nE       #2 0x55ecd967bde6 <unknown>\nE       #3 0x55ecd967bac9 <unknown>\nE       #4 0x55ecd9679912 <unknown>\nE       #5 0x55ecd967a25f <unknown>\nE       #6 0x55ecd9688b33 <unknown>\nE       #7 0x55ecd96a221b <unknown>\nE       #8 0x55ecd96a89bb <unknown>\nE       #9 0x55ecd967a99d <unknown>\nE       #10 0x55ecd96a1f48 <unknown>\nE       #11 0x55ecd9731a0b <unknown>\nE       #12 0x55ecd970bbe3 <unknown>\nE       #13 0x55ecd96d82d2 <unknown>\nE       #14 0x55ecd96d8f91 <unknown>\nE       #15 0x55ecd9bd99e8 <unknown>\nE       #16 0x55ecd9bdd84f <unknown>\nE       #17 0x55ecd9bc0ec9 <unknown>\nE       #18 0x55ecd9bde3f5 <unknown>\nE       #19 0x55ecd9ba674f <unknown>\nE       #20 0x55ecd9c02cc8 <unknown>\nE       #21 0x55ecd9c02ea3 <unknown>\nE       #22 0x55ecd9c14f83 <unknown>\nE       #23 0x7f758549dac3 <unknown>\n\n/usr/local/lib/python3.13/site-packages/selenium/webdriver/remote/errorhandler.py:232: TimeoutException","flaky":false,"newFailed":false,"newBroken":true,"newPassed":false,"retriesCount":0,"retriesStatusChange":false,"beforeStages":[{"name":"_session_faker","time":{"start":1771960516178,"stop":1771960516179,"duration":1},"status":"passed","steps":[],"attachments":[],"parameters":[],"stepsCount":0,"shouldDisplayMessage":false,"attachmentsCount":0,"hasContent":false,"attachmentStep":false},{"name":"All test fixtures","time":{"start":1771960516179,"stop":1771960516180,"duration":1},"status":"passed","steps":[{"name":"Tests configuration data","time":{"start":1771960516179,"stop":1771960516180,"duration":1},"status":"passed","steps":[],"attachments":[{"uid":"3afd053dc19ea7fb","name":"Configuration","source":"3afd053dc19ea7fb.txt","type":"text/plain","size":1705}],"parameters":[],"stepsCount":0,"shouldDisplayMessage":false,"attachmentsCount":1,"hasContent":true,"attachmentStep":false}],"attachments":[],"parameters":[],"stepsCount":1,"shouldDisplayMessage":false,"attachmentsCount":1,"hasContent":true,"attachmentStep":false},{"name":"All UI tests fixture","time":{"start":1771960779907,"stop":1771960779907,"duration":0},"status":"passed","steps":[],"attachments":[],"parameters":[],"stepsCount":0,"shouldDisplayMessage":false,"attachmentsCount":0,"hasContent":false,"attachmentStep":false},{"name":"Each UI test fixture","time":{"start":1771961728139,"stop":1771961749597,"duration":21458},"status":"broken","statusMessage":"selenium.common.exceptions.TimeoutException: Message: timeout: Timed out receiving message from renderer: -0.006\n  (Session info: chrome=141.0.7390.122)\nStacktrace:\n#0 0x55ecd9c15fea <unknown>\n#1 0x55ecd9693d06 <unknown>\n#2 0x55ecd967bde6 <unknown>\n#3 0x55ecd967bac9 <unknown>\n#4 0x55ecd9679912 <unknown>\n#5 0x55ecd967a25f <unknown>\n#6 0x55ecd9688b33 <unknown>\n#7 0x55ecd96a221b <unknown>\n#8 0x55ecd96a89bb <unknown>\n#9 0x55ecd967a99d <unknown>\n#10 0x55ecd96a1f48 <unknown>\n#11 0x55ecd9731a0b <unknown>\n#12 0x55ecd970bbe3 <unknown>\n#13 0x55ecd96d82d2 <unknown>\n#14 0x55ecd96d8f91 <unknown>\n#15 0x55ecd9bd99e8 <unknown>\n#16 0x55ecd9bdd84f <unknown>\n#17 0x55ecd9bc0ec9 <unknown>\n#18 0x55ecd9bde3f5 <unknown>\n#19 0x55ecd9ba674f <unknown>\n#20 0x55ecd9c02cc8 <unknown>\n#21 0x55ecd9c02ea3 <unknown>\n#22 0x55ecd9c14f83 <unknown>\n#23 0x7f758549dac3 <unknown>\n\n","statusTrace":"  File \"/usr/local/lib/python3.13/site-packages/pluggy/_callers.py\", line 38, in run_old_style_hookwrapper\n    res = yield\n          ^^^^^\n  File \"/usr/local/lib/python3.13/site-packages/pluggy/_callers.py\", line 139, in _multicall\n    teardown.throw(exception)\n    ~~~~~~~~~~~~~~^^^^^^^^^^^\n  File \"/usr/local/lib/python3.13/site-packages/pluggy/_callers.py\", line 53, in run_old_style_hookwrapper\n    return result.get_result()\n           ~~~~~~~~~~~~~~~~~^^\n  File \"/usr/local/lib/python3.13/site-packages/pluggy/_result.py\", line 103, in get_result\n    raise exc.with_traceback(tb)\n  File \"/usr/local/lib/python3.13/site-packages/pluggy/_callers.py\", line 38, in run_old_style_hookwrapper\n    res = yield\n          ^^^^^\n  File \"/usr/local/lib/python3.13/site-packages/pluggy/_callers.py\", line 139, in _multicall\n    teardown.throw(exception)\n    ~~~~~~~~~~~~~~^^^^^^^^^^^\n  File \"/usr/local/lib/python3.13/site-packages/_pytest/setuponly.py\", line 36, in pytest_fixture_setup\n    return (yield)\n            ^^^^^\n  File \"/usr/local/lib/python3.13/site-packages/pluggy/_callers.py\", line 121, in _multicall\n    res = hook_impl.function(*args)\n  File \"/usr/local/lib/python3.13/site-packages/_pytest/fixtures.py\", line 1196, in pytest_fixture_setup\n    result = call_fixture_func(fixturefunc, request, kwargs)\n  File \"/usr/local/lib/python3.13/site-packages/_pytest/fixtures.py\", line 923, in call_fixture_func\n    fixture_result = next(generator)\n  File \"/automation-exercise-py/tests/web/conftest.py\", line 83, in each_ui_test_fixture\n    browser.open(\"/\")\n    ~~~~~~~~~~~~^^^^^\n  File \"/usr/local/lib/python3.13/site-packages/selene/core/_browser.py\", line 93, in open\n    self.config._executor.get_url(relative_or_absolute_url)\n    ~~~~~~~~~~~~~~~~~~~~~~~~~~~~~^^^^^^^^^^^^^^^^^^^^^^^^^^\n  File \"/usr/local/lib/python3.13/site-packages/selene/core/configuration.py\", line 263, in get_url\n    self.config._driver_get_url_strategy(self.config)(url)\n    ~~~~~~~~~~~~~~~~~~~~~~~~~~~~~~~~~~~~~~~~~~~~~~~~~^^^^^\n  File \"/usr/local/lib/python3.13/site-packages/selene/core/configuration.py\", line 215, in get\n    driver.get(url)\n    ~~~~~~~~~~^^^^^\n  File \"/usr/local/lib/python3.13/site-packages/selenium/webdriver/remote/webdriver.py\", line 452, in get\n    self.execute(Command.GET, {\"url\": url})\n    ~~~~~~~~~~~~^^^^^^^^^^^^^^^^^^^^^^^^^^^\n  File \"/usr/local/lib/python3.13/site-packages/selenium/webdriver/remote/webdriver.py\", line 432, in execute\n    self.error_handler.check_response(response)\n    ~~~~~~~~~~~~~~~~~~~~~~~~~~~~~~~~~^^^^^^^^^^\n  File \"/usr/local/lib/python3.13/site-packages/selenium/webdriver/remote/errorhandler.py\", line 232, in check_response\n    raise exception_class(message, screen, stacktrace)\n","steps":[{"name":"Open browser","time":{"start":1771961728139,"stop":1771961749595,"duration":21456},"status":"broken","statusMessage":"selenium.common.exceptions.TimeoutException: Message: timeout: Timed out receiving message from renderer: -0.006\n  (Session info: chrome=141.0.7390.122)\nStacktrace:\n#0 0x55ecd9c15fea <unknown>\n#1 0x55ecd9693d06 <unknown>\n#2 0x55ecd967bde6 <unknown>\n#3 0x55ecd967bac9 <unknown>\n#4 0x55ecd9679912 <unknown>\n#5 0x55ecd967a25f <unknown>\n#6 0x55ecd9688b33 <unknown>\n#7 0x55ecd96a221b <unknown>\n#8 0x55ecd96a89bb <unknown>\n#9 0x55ecd967a99d <unknown>\n#10 0x55ecd96a1f48 <unknown>\n#11 0x55ecd9731a0b <unknown>\n#12 0x55ecd970bbe3 <unknown>\n#13 0x55ecd96d82d2 <unknown>\n#14 0x55ecd96d8f91 <unknown>\n#15 0x55ecd9bd99e8 <unknown>\n#16 0x55ecd9bdd84f <unknown>\n#17 0x55ecd9bc0ec9 <unknown>\n#18 0x55ecd9bde3f5 <unknown>\n#19 0x55ecd9ba674f <unknown>\n#20 0x55ecd9c02cc8 <unknown>\n#21 0x55ecd9c02ea3 <unknown>\n#22 0x55ecd9c14f83 <unknown>\n#23 0x7f758549dac3 <unknown>\n\n","statusTrace":"  File \"/automation-exercise-py/tests/web/conftest.py\", line 83, in each_ui_test_fixture\n    browser.open(\"/\")\n    ~~~~~~~~~~~~^^^^^\n  File \"/usr/local/lib/python3.13/site-packages/selene/core/_browser.py\", line 93, in open\n    self.config._executor.get_url(relative_or_absolute_url)\n    ~~~~~~~~~~~~~~~~~~~~~~~~~~~~~^^^^^^^^^^^^^^^^^^^^^^^^^^\n  File \"/usr/local/lib/python3.13/site-packages/selene/core/configuration.py\", line 263, in get_url\n    self.config._driver_get_url_strategy(self.config)(url)\n    ~~~~~~~~~~~~~~~~~~~~~~~~~~~~~~~~~~~~~~~~~~~~~~~~~^^^^^\n  File \"/usr/local/lib/python3.13/site-packages/selene/core/configuration.py\", line 215, in get\n    driver.get(url)\n    ~~~~~~~~~~^^^^^\n  File \"/usr/local/lib/python3.13/site-packages/selenium/webdriver/remote/webdriver.py\", line 452, in get\n    self.execute(Command.GET, {\"url\": url})\n    ~~~~~~~~~~~~^^^^^^^^^^^^^^^^^^^^^^^^^^^\n  File \"/usr/local/lib/python3.13/site-packages/selenium/webdriver/remote/webdriver.py\", line 432, in execute\n    self.error_handler.check_response(response)\n    ~~~~~~~~~~~~~~~~~~~~~~~~~~~~~~~~~^^^^^^^^^^\n  File \"/usr/local/lib/python3.13/site-packages/selenium/webdriver/remote/errorhandler.py\", line 232, in check_response\n    raise exception_class(message, screen, stacktrace)\n","steps":[],"attachments":[],"parameters":[],"stepsCount":0,"shouldDisplayMessage":true,"attachmentsCount":0,"hasContent":true,"attachmentStep":false}],"attachments":[],"parameters":[],"stepsCount":1,"shouldDisplayMessage":false,"attachmentsCount":0,"hasContent":true,"attachmentStep":false},{"name":"Each test fixtures","time":{"start":1771961728139,"stop":1771961728139,"duration":0},"status":"passed","steps":[],"attachments":[],"parameters":[],"stepsCount":0,"shouldDisplayMessage":false,"attachmentsCount":0,"hasContent":false,"attachmentStep":false},{"name":"_xunit_setup_method_fixture_TestProductItem","time":{"start":1771961758016,"stop":1771961758072,"duration":56},"status":"passed","steps":[],"attachments":[],"parameters":[],"stepsCount":0,"shouldDisplayMessage":false,"attachmentsCount":0,"hasContent":false,"attachmentStep":false},{"name":"Create random user by api","time":{"start":1771961758073,"stop":1771961773142,"duration":15069},"status":"broken","statusMessage":"httpx.ReadTimeout: The read operation timed out\n","statusTrace":"  File \"/usr/local/lib/python3.13/site-packages/pluggy/_callers.py\", line 38, in run_old_style_hookwrapper\n    res = yield\n          ^^^^^\n  File \"/usr/local/lib/python3.13/site-packages/pluggy/_callers.py\", line 139, in _multicall\n    teardown.throw(exception)\n    ~~~~~~~~~~~~~~^^^^^^^^^^^\n  File \"/usr/local/lib/python3.13/site-packages/pluggy/_callers.py\", line 53, in run_old_style_hookwrapper\n    return result.get_result()\n           ~~~~~~~~~~~~~~~~~^^\n  File \"/usr/local/lib/python3.13/site-packages/pluggy/_result.py\", line 103, in get_result\n    raise exc.with_traceback(tb)\n  File \"/usr/local/lib/python3.13/site-packages/pluggy/_callers.py\", line 38, in run_old_style_hookwrapper\n    res = yield\n          ^^^^^\n  File \"/usr/local/lib/python3.13/site-packages/pluggy/_callers.py\", line 139, in _multicall\n    teardown.throw(exception)\n    ~~~~~~~~~~~~~~^^^^^^^^^^^\n  File \"/usr/local/lib/python3.13/site-packages/_pytest/setuponly.py\", line 36, in pytest_fixture_setup\n    return (yield)\n            ^^^^^\n  File \"/usr/local/lib/python3.13/site-packages/pluggy/_callers.py\", line 121, in _multicall\n    res = hook_impl.function(*args)\n  File \"/usr/local/lib/python3.13/site-packages/_pytest/fixtures.py\", line 1196, in pytest_fixture_setup\n    result = call_fixture_func(fixturefunc, request, kwargs)\n  File \"/usr/local/lib/python3.13/site-packages/_pytest/fixtures.py\", line 930, in call_fixture_func\n    fixture_result = fixturefunc(**kwargs)\n  File \"/automation-exercise-py/tests/conftest.py\", line 152, in create_user\n    user = UserApiService().create_user(user)\n  File \"/automation-exercise-py/src/util/decorator/step_logger.py\", line 75, in wrapper\n    return func(*args, **kwargs)\n  File \"/automation-exercise-py/src/service/user_api_service.py\", line 27, in create_user\n    self.user_api_client.send_create_new_user_request(user).check(\n    ~~~~~~~~~~~~~~~~~~~~~~~~~~~~~~~~~~~~~~~~~~~~~~~~~^^^^^^\n  File \"/automation-exercise-py/src/client/user_api_client.py\", line 20, in send_create_new_user_request\n    return self.post(\n           ~~~~~~~~~^\n        url=ApiRoutes.CREATE_USER_ACCOUNT.path(),\n        ^^^^^^^^^^^^^^^^^^^^^^^^^^^^^^^^^^^^^^^^^\n        data=UserMapper.to_create_user_request(user).model_dump(exclude_none=True),\n        ^^^^^^^^^^^^^^^^^^^^^^^^^^^^^^^^^^^^^^^^^^^^^^^^^^^^^^^^^^^^^^^^^^^^^^^^^^^\n    )\n    ^\n  File \"/automation-exercise-py/src/client/core/base_api_client.py\", line 68, in post\n    return self.__send(HTTPMethod.POST, url, **kwargs)\n           ~~~~~~~~~~~^^^^^^^^^^^^^^^^^^^^^^^^^^^^^^^^\n  File \"/automation-exercise-py/src/client/core/base_api_client.py\", line 103, in __send\n    response = self._client.request(\n        method=method.name,\n    ...<11 lines>...\n        extensions=extensions,\n    )\n  File \"/usr/local/lib/python3.13/site-packages/httpx/_client.py\", line 825, in request\n    return self.send(request, auth=auth, follow_redirects=follow_redirects)\n           ~~~~~~~~~^^^^^^^^^^^^^^^^^^^^^^^^^^^^^^^^^^^^^^^^^^^^^^^^^^^^^^^\n  File \"/usr/local/lib/python3.13/site-packages/httpx/_client.py\", line 914, in send\n    response = self._send_handling_auth(\n        request,\n    ...<2 lines>...\n        history=[],\n    )\n  File \"/usr/local/lib/python3.13/site-packages/httpx/_client.py\", line 942, in _send_handling_auth\n    response = self._send_handling_redirects(\n        request,\n        follow_redirects=follow_redirects,\n        history=history,\n    )\n  File \"/usr/local/lib/python3.13/site-packages/httpx/_client.py\", line 979, in _send_handling_redirects\n    response = self._send_single_request(request)\n  File \"/usr/local/lib/python3.13/site-packages/httpx/_client.py\", line 1014, in _send_single_request\n    response = transport.handle_request(request)\n  File \"/usr/local/lib/python3.13/site-packages/httpx/_transports/default.py\", line 249, in handle_request\n    with map_httpcore_exceptions():\n         ~~~~~~~~~~~~~~~~~~~~~~~^^\n  File \"/usr/local/lib/python3.13/contextlib.py\", line 162, in __exit__\n    self.gen.throw(value)\n    ~~~~~~~~~~~~~~^^^^^^^\n  File \"/usr/local/lib/python3.13/site-packages/httpx/_transports/default.py\", line 118, in map_httpcore_exceptions\n    raise mapped_exc(message) from exc\n","steps":[{"name":"Create user: dmcconnell.763@test.arrnel.gov","time":{"start":1771961758091,"stop":1771961773140,"duration":15049},"status":"broken","statusMessage":"httpx.ReadTimeout: The read operation timed out\n","statusTrace":"  File \"/automation-exercise-py/src/util/decorator/step_logger.py\", line 75, in wrapper\n    return func(*args, **kwargs)\n  File \"/automation-exercise-py/src/service/user_api_service.py\", line 27, in create_user\n    self.user_api_client.send_create_new_user_request(user).check(\n    ~~~~~~~~~~~~~~~~~~~~~~~~~~~~~~~~~~~~~~~~~~~~~~~~~^^^^^^\n  File \"/automation-exercise-py/src/client/user_api_client.py\", line 20, in send_create_new_user_request\n    return self.post(\n           ~~~~~~~~~^\n        url=ApiRoutes.CREATE_USER_ACCOUNT.path(),\n        ^^^^^^^^^^^^^^^^^^^^^^^^^^^^^^^^^^^^^^^^^\n        data=UserMapper.to_create_user_request(user).model_dump(exclude_none=True),\n        ^^^^^^^^^^^^^^^^^^^^^^^^^^^^^^^^^^^^^^^^^^^^^^^^^^^^^^^^^^^^^^^^^^^^^^^^^^^\n    )\n    ^\n  File \"/automation-exercise-py/src/client/core/base_api_client.py\", line 68, in post\n    return self.__send(HTTPMethod.POST, url, **kwargs)\n           ~~~~~~~~~~~^^^^^^^^^^^^^^^^^^^^^^^^^^^^^^^^\n  File \"/automation-exercise-py/src/client/core/base_api_client.py\", line 103, in __send\n    response = self._client.request(\n        method=method.name,\n    ...<11 lines>...\n        extensions=extensions,\n    )\n  File \"/usr/local/lib/python3.13/site-packages/httpx/_client.py\", line 825, in request\n    return self.send(request, auth=auth, follow_redirects=follow_redirects)\n           ~~~~~~~~~^^^^^^^^^^^^^^^^^^^^^^^^^^^^^^^^^^^^^^^^^^^^^^^^^^^^^^^\n  File \"/usr/local/lib/python3.13/site-packages/httpx/_client.py\", line 914, in send\n    response = self._send_handling_auth(\n        request,\n    ...<2 lines>...\n        history=[],\n    )\n  File \"/usr/local/lib/python3.13/site-packages/httpx/_client.py\", line 942, in _send_handling_auth\n    response = self._send_handling_redirects(\n        request,\n        follow_redirects=follow_redirects,\n        history=history,\n    )\n  File \"/usr/local/lib/python3.13/site-packages/httpx/_client.py\", line 979, in _send_handling_redirects\n    response = self._send_single_request(request)\n  File \"/usr/local/lib/python3.13/site-packages/httpx/_client.py\", line 1014, in _send_single_request\n    response = transport.handle_request(request)\n  File \"/usr/local/lib/python3.13/site-packages/httpx/_transports/default.py\", line 249, in handle_request\n    with map_httpcore_exceptions():\n         ~~~~~~~~~~~~~~~~~~~~~~~^^\n  File \"/usr/local/lib/python3.13/contextlib.py\", line 162, in __exit__\n    self.gen.throw(value)\n    ~~~~~~~~~~~~~~^^^^^^^\n  File \"/usr/local/lib/python3.13/site-packages/httpx/_transports/default.py\", line 118, in map_httpcore_exceptions\n    raise mapped_exc(message) from exc\n","steps":[{"name":"Send request [POST]: /createAccount","time":{"start":1771961758091,"stop":1771961773138,"duration":15047},"status":"broken","statusMessage":"httpx.ReadTimeout: The read operation timed out\n","statusTrace":"  File \"/automation-exercise-py/src/util/decorator/step_logger.py\", line 37, in _context_manager\n    yield\n  File \"/automation-exercise-py/src/client/core/base_api_client.py\", line 103, in __send\n    response = self._client.request(\n        method=method.name,\n    ...<11 lines>...\n        extensions=extensions,\n    )\n  File \"/usr/local/lib/python3.13/site-packages/httpx/_client.py\", line 825, in request\n    return self.send(request, auth=auth, follow_redirects=follow_redirects)\n           ~~~~~~~~~^^^^^^^^^^^^^^^^^^^^^^^^^^^^^^^^^^^^^^^^^^^^^^^^^^^^^^^\n  File \"/usr/local/lib/python3.13/site-packages/httpx/_client.py\", line 914, in send\n    response = self._send_handling_auth(\n        request,\n    ...<2 lines>...\n        history=[],\n    )\n  File \"/usr/local/lib/python3.13/site-packages/httpx/_client.py\", line 942, in _send_handling_auth\n    response = self._send_handling_redirects(\n        request,\n        follow_redirects=follow_redirects,\n        history=history,\n    )\n  File \"/usr/local/lib/python3.13/site-packages/httpx/_client.py\", line 979, in _send_handling_redirects\n    response = self._send_single_request(request)\n  File \"/usr/local/lib/python3.13/site-packages/httpx/_client.py\", line 1014, in _send_single_request\n    response = transport.handle_request(request)\n  File \"/usr/local/lib/python3.13/site-packages/httpx/_transports/default.py\", line 249, in handle_request\n    with map_httpcore_exceptions():\n         ~~~~~~~~~~~~~~~~~~~~~~~^^\n  File \"/usr/local/lib/python3.13/contextlib.py\", line 162, in __exit__\n    self.gen.throw(value)\n    ~~~~~~~~~~~~~~^^^^^^^\n  File \"/usr/local/lib/python3.13/site-packages/httpx/_transports/default.py\", line 118, in map_httpcore_exceptions\n    raise mapped_exc(message) from exc\n","steps":[],"attachments":[],"parameters":[],"stepsCount":0,"shouldDisplayMessage":true,"attachmentsCount":0,"hasContent":true,"attachmentStep":false}],"attachments":[],"parameters":[],"stepsCount":1,"shouldDisplayMessage":false,"attachmentsCount":0,"hasContent":true,"attachmentStep":false}],"attachments":[],"parameters":[],"stepsCount":2,"shouldDisplayMessage":false,"attachmentsCount":0,"hasContent":true,"attachmentStep":false}],"testStage":{"status":"broken","statusMessage":"selenium.common.exceptions.TimeoutException: Message: timeout: Timed out receiving message from renderer: -0.006\n  (Session info: chrome=141.0.7390.122)\nStacktrace:\n#0 0x55ecd9c15fea <unknown>\n#1 0x55ecd9693d06 <unknown>\n#2 0x55ecd967bde6 <unknown>\n#3 0x55ecd967bac9 <unknown>\n#4 0x55ecd9679912 <unknown>\n#5 0x55ecd967a25f <unknown>\n#6 0x55ecd9688b33 <unknown>\n#7 0x55ecd96a221b <unknown>\n#8 0x55ecd96a89bb <unknown>\n#9 0x55ecd967a99d <unknown>\n#10 0x55ecd96a1f48 <unknown>\n#11 0x55ecd9731a0b <unknown>\n#12 0x55ecd970bbe3 <unknown>\n#13 0x55ecd96d82d2 <unknown>\n#14 0x55ecd96d8f91 <unknown>\n#15 0x55ecd9bd99e8 <unknown>\n#16 0x55ecd9bdd84f <unknown>\n#17 0x55ecd9bc0ec9 <unknown>\n#18 0x55ecd9bde3f5 <unknown>\n#19 0x55ecd9ba674f <unknown>\n#20 0x55ecd9c02cc8 <unknown>\n#21 0x55ecd9c02ea3 <unknown>\n#22 0x55ecd9c14f83 <unknown>\n#23 0x7f758549dac3 <unknown>","statusTrace":"request = <SubRequest 'each_ui_test_fixture' for <Function test_all_products_total_price>>\neach_test_fixtures = None\n\n    @pytest.fixture(autouse=True, scope=\"function\")\n    @allure.title(\"Each UI test fixture\")\n    def each_ui_test_fixture(request, each_test_fixtures):\n    \n        test_name = request.node.name\n        ThreadSafeTestThreadsStore().add_current_thread_to_test(test_name)\n    \n        # ---------------------------------------------------------------------\n        # Init driver\n        # ---------------------------------------------------------------------\n        with allure.step(\"Open browser\"):\n            DriverManager().init_driver()\n>           browser.open(\"/\")\n\ntests/web/conftest.py:83: \n_ _ _ _ _ _ _ _ _ _ _ _ _ _ _ _ _ _ _ _ _ _ _ _ _ _ _ _ _ _ _ _ _ _ _ _ _ _ _ _ \n/usr/local/lib/python3.13/site-packages/selene/core/_browser.py:93: in open\n    self.config._executor.get_url(relative_or_absolute_url)\n/usr/local/lib/python3.13/site-packages/selene/core/configuration.py:263: in get_url\n    self.config._driver_get_url_strategy(self.config)(url)\n/usr/local/lib/python3.13/site-packages/selene/core/configuration.py:215: in get\n    driver.get(url)\n/usr/local/lib/python3.13/site-packages/selenium/webdriver/remote/webdriver.py:452: in get\n    self.execute(Command.GET, {\"url\": url})\n/usr/local/lib/python3.13/site-packages/selenium/webdriver/remote/webdriver.py:432: in execute\n    self.error_handler.check_response(response)\n_ _ _ _ _ _ _ _ _ _ _ _ _ _ _ _ _ _ _ _ _ _ _ _ _ _ _ _ _ _ _ _ _ _ _ _ _ _ _ _ \n\nself = <selenium.webdriver.remote.errorhandler.ErrorHandler object at 0x7fd08dc67b60>\nresponse = {'status': 500, 'value': '{\"value\":{\"error\":\"timeout\",\"message\":\"timeout: Timed out receiving message from renderer: -...\\\\n#21 0x55ecd9c02ea3 \\\\u003Cunknown>\\\\n#22 0x55ecd9c14f83 \\\\u003Cunknown>\\\\n#23 0x7f758549dac3 \\\\u003Cunknown>\\\\n\"}}'}\n\n    def check_response(self, response: dict[str, Any]) -> None:\n        \"\"\"Check that a JSON response from the WebDriver does not have an error.\n    \n        Args:\n            response: The JSON response from the WebDriver server as a dictionary\n                object.\n    \n        Raises:\n            WebDriverException: If the response contains an error message.\n        \"\"\"\n        status = response.get(\"status\", None)\n        if not status or status == ErrorCode.SUCCESS:\n            return\n        value = None\n        message = response.get(\"message\", \"\")\n        screen: str = response.get(\"screen\", \"\")\n        stacktrace = None\n        if isinstance(status, int):\n            value_json = response.get(\"value\", None)\n            if value_json and isinstance(value_json, str):\n                try:\n                    value = json.loads(value_json)\n                    if isinstance(value, dict):\n                        if len(value) == 1:\n                            value = value[\"value\"]\n                        status = value.get(\"error\", None)\n                        if not status:\n                            status = value.get(\"status\", ErrorCode.UNKNOWN_ERROR)\n                            message = value.get(\"value\") or value.get(\"message\")\n                            if not isinstance(message, str):\n                                value = message\n                                message = message.get(\"message\") if isinstance(message, dict) else None\n                        else:\n                            message = value.get(\"message\", None)\n                except ValueError:\n                    pass\n    \n        exception_class: type[WebDriverException]\n        e = ErrorCode()\n        error_codes = [item for item in dir(e) if not item.startswith(\"__\")]\n        for error_code in error_codes:\n            error_info = getattr(ErrorCode, error_code)\n            if isinstance(error_info, list) and status in error_info:\n                exception_class = getattr(ExceptionMapping, error_code, WebDriverException)\n                break\n        else:\n            exception_class = WebDriverException\n    \n        if not value:\n            value = response[\"value\"]\n        if isinstance(value, str):\n            raise exception_class(value)\n        if message == \"\" and \"message\" in value:\n            message = value[\"message\"]\n    \n        screen = None  # type: ignore[assignment]\n        if \"screen\" in value:\n            screen = value[\"screen\"]\n    \n        stacktrace = None\n        st_value = value.get(\"stackTrace\") or value.get(\"stacktrace\")\n        if st_value:\n            if isinstance(st_value, str):\n                stacktrace = st_value.split(\"\\n\")\n            else:\n                stacktrace = []\n                try:\n                    for frame in st_value:\n                        line = frame.get(\"lineNumber\", \"\")\n                        file = frame.get(\"fileName\", \"<anonymous>\")\n                        if line:\n                            file = f\"{file}:{line}\"\n                        meth = frame.get(\"methodName\", \"<anonymous>\")\n                        if \"className\" in frame:\n                            meth = f\"{frame['className']}.{meth}\"\n                        msg = \"    at %s (%s)\"\n                        msg = msg % (meth, file)\n                        stacktrace.append(msg)\n                except TypeError:\n                    pass\n        if exception_class == UnexpectedAlertPresentException:\n            alert_text = None\n            if \"data\" in value:\n                alert_text = value[\"data\"].get(\"text\")\n            elif \"alert\" in value:\n                alert_text = value[\"alert\"].get(\"text\")\n            raise exception_class(message, screen, stacktrace, alert_text)  # type: ignore[call-arg]  # mypy is not smart enough here\n>       raise exception_class(message, screen, stacktrace)\nE       selenium.common.exceptions.TimeoutException: Message: timeout: Timed out receiving message from renderer: -0.006\nE         (Session info: chrome=141.0.7390.122)\nE       Stacktrace:\nE       #0 0x55ecd9c15fea <unknown>\nE       #1 0x55ecd9693d06 <unknown>\nE       #2 0x55ecd967bde6 <unknown>\nE       #3 0x55ecd967bac9 <unknown>\nE       #4 0x55ecd9679912 <unknown>\nE       #5 0x55ecd967a25f <unknown>\nE       #6 0x55ecd9688b33 <unknown>\nE       #7 0x55ecd96a221b <unknown>\nE       #8 0x55ecd96a89bb <unknown>\nE       #9 0x55ecd967a99d <unknown>\nE       #10 0x55ecd96a1f48 <unknown>\nE       #11 0x55ecd9731a0b <unknown>\nE       #12 0x55ecd970bbe3 <unknown>\nE       #13 0x55ecd96d82d2 <unknown>\nE       #14 0x55ecd96d8f91 <unknown>\nE       #15 0x55ecd9bd99e8 <unknown>\nE       #16 0x55ecd9bdd84f <unknown>\nE       #17 0x55ecd9bc0ec9 <unknown>\nE       #18 0x55ecd9bde3f5 <unknown>\nE       #19 0x55ecd9ba674f <unknown>\nE       #20 0x55ecd9c02cc8 <unknown>\nE       #21 0x55ecd9c02ea3 <unknown>\nE       #22 0x55ecd9c14f83 <unknown>\nE       #23 0x7f758549dac3 <unknown>\n\n/usr/local/lib/python3.13/site-packages/selenium/webdriver/remote/errorhandler.py:232: TimeoutException","steps":[],"attachments":[{"uid":"cf86c98fc282d814","name":"log","source":"cf86c98fc282d814.txt","type":"text/plain","size":70},{"uid":"5029c9185fc4aa96","name":"stderr","source":"5029c9185fc4aa96.txt","type":"text/plain","size":49}],"parameters":[],"stepsCount":0,"shouldDisplayMessage":true,"attachmentsCount":2,"hasContent":true,"attachmentStep":false},"afterStages":[{"name":"Each test fixtures::0","time":{"start":1771961749672,"stop":1771961749673,"duration":1},"status":"passed","steps":[{"name":"Remove current test users from backend","time":{"start":1771961749673,"stop":1771961749673,"duration":0},"status":"passed","steps":[],"attachments":[],"parameters":[],"stepsCount":0,"shouldDisplayMessage":false,"attachmentsCount":0,"hasContent":false,"attachmentStep":false}],"attachments":[],"parameters":[],"stepsCount":1,"shouldDisplayMessage":false,"attachmentsCount":0,"hasContent":true,"attachmentStep":false},{"name":"_xunit_setup_method_fixture_TestProductItem::0","time":{"start":1771961773293,"stop":1771961773293,"duration":0},"status":"passed","steps":[],"attachments":[],"parameters":[],"stepsCount":0,"shouldDisplayMessage":false,"attachmentsCount":0,"hasContent":false,"attachmentStep":false},{"name":"All test fixtures::0","time":{"start":1771961974541,"stop":1771961974542,"duration":1},"status":"passed","steps":[{"name":"Remove users from backend after all tests","time":{"start":1771961974542,"stop":1771961974542,"duration":0},"status":"passed","steps":[],"attachments":[],"parameters":[],"stepsCount":0,"shouldDisplayMessage":false,"attachmentsCount":0,"hasContent":false,"attachmentStep":false}],"attachments":[],"parameters":[],"stepsCount":1,"shouldDisplayMessage":false,"attachmentsCount":0,"hasContent":true,"attachmentStep":false}],"labels":[{"name":"epic","value":"WEB Component"},{"name":"feature","value":"Product Item Component"},{"name":"story","value":"[Web] Component - Product Item Component"},{"name":"owner","value":"arrnel"},{"name":"tag","value":"checkout_page_test"},{"name":"tag","value":"@pytest.mark.usefixtures('auth_user', 'open_checkout_page')"},{"name":"tag","value":"web_test"},{"name":"tag","value":"component_test"},{"name":"tag","value":"product_item_component_test"},{"name":"tag","value":"product_test"},{"name":"parentSuite","value":"tests.web.component.product"},{"name":"suite","value":"test_product_item"},{"name":"subSuite","value":"TestProductItem"},{"name":"host","value":"75e9895ce463"},{"name":"thread","value":"12-MainThread"},{"name":"framework","value":"pytest"},{"name":"language","value":"cpython3"},{"name":"package","value":"tests.web.component.product.test_product_item"},{"name":"resultFormat","value":"allure2"}],"parameters":[],"links":[],"hidden":false,"retry":false,"extra":{"severity":"normal","owner":"arrnel","retries":[],"categories":[{"name":"Test defects","matchedStatuses":[],"flaky":false}],"history":{"statistic":{"failed":0,"broken":1,"skipped":0,"passed":2,"unknown":0,"total":3},"items":[{"uid":"ba85834d5acd7b88","reportUrl":"https://arrnel.github.io/automation-exercise-py/nightly/4/#testresult/ba85834d5acd7b88","status":"passed","time":{"start":1771954006239,"stop":1771954006284,"duration":45}},{"uid":"f1b212d1fcb04654","reportUrl":"https://arrnel.github.io/automation-exercise-py/nightly/2/#testresult/f1b212d1fcb04654","status":"passed","time":{"start":1771717621435,"stop":1771717621487,"duration":52}}]},"tags":["web_test","product_item_component_test","@pytest.mark.usefixtures('auth_user', 'open_checkout_page')","component_test","product_test","checkout_page_test"]},"source":"53c367e81b119595.json","parameterValues":[]}