{"uid":"5440fcb536a80523","name":"[WEB Component] Delivery address has expected data","fullName":"tests.web.component.address.test_address_component.TestAddressComponent#test_delivery_address_has_expected_data","historyId":"f37527772e0b19f651eff0b49137429d","time":{"start":1771961998197,"stop":1771961998197,"duration":0},"status":"broken","statusMessage":"selenium.common.exceptions.TimeoutException: Message: timeout: Timed out receiving message from renderer: -0.005\n  (Session info: chrome=141.0.7390.122)\nStacktrace:\n#0 0x55e388047fea <unknown>\n#1 0x55e387ac5d06 <unknown>\n#2 0x55e387aadde6 <unknown>\n#3 0x55e387aadac9 <unknown>\n#4 0x55e387aab912 <unknown>\n#5 0x55e387aac25f <unknown>\n#6 0x55e387abab33 <unknown>\n#7 0x55e387ad421b <unknown>\n#8 0x55e387ada9bb <unknown>\n#9 0x55e387aac99d <unknown>\n#10 0x55e387ad3f48 <unknown>\n#11 0x55e387b63a0b <unknown>\n#12 0x55e387b3dbe3 <unknown>\n#13 0x55e387b0a2d2 <unknown>\n#14 0x55e387b0af91 <unknown>\n#15 0x55e38800b9e8 <unknown>\n#16 0x55e38800f84f <unknown>\n#17 0x55e387ff2ec9 <unknown>\n#18 0x55e3880103f5 <unknown>\n#19 0x55e387fd874f <unknown>\n#20 0x55e388034cc8 <unknown>\n#21 0x55e388034ea3 <unknown>\n#22 0x55e388046f83 <unknown>\n#23 0x7feed2553ac3 <unknown>","statusTrace":"request = <SubRequest 'each_ui_test_fixture' for <Function test_delivery_address_has_expected_data>>\neach_test_fixtures = None\n\n    @pytest.fixture(autouse=True, scope=\"function\")\n    @allure.title(\"Each UI test fixture\")\n    def each_ui_test_fixture(request, each_test_fixtures):\n    \n        test_name = request.node.name\n        ThreadSafeTestThreadsStore().add_current_thread_to_test(test_name)\n    \n        # ---------------------------------------------------------------------\n        # Init driver\n        # ---------------------------------------------------------------------\n        with allure.step(\"Open browser\"):\n            DriverManager().init_driver()\n>           browser.open(\"/\")\n\ntests/web/conftest.py:83: \n_ _ _ _ _ _ _ _ _ _ _ _ _ _ _ _ _ _ _ _ _ _ _ _ _ _ _ _ _ _ _ _ _ _ _ _ _ _ _ _ \n/usr/local/lib/python3.13/site-packages/selene/core/_browser.py:93: in open\n    self.config._executor.get_url(relative_or_absolute_url)\n/usr/local/lib/python3.13/site-packages/selene/core/configuration.py:263: in get_url\n    self.config._driver_get_url_strategy(self.config)(url)\n/usr/local/lib/python3.13/site-packages/selene/core/configuration.py:215: in get\n    driver.get(url)\n/usr/local/lib/python3.13/site-packages/selenium/webdriver/remote/webdriver.py:452: in get\n    self.execute(Command.GET, {\"url\": url})\n/usr/local/lib/python3.13/site-packages/selenium/webdriver/remote/webdriver.py:432: in execute\n    self.error_handler.check_response(response)\n_ _ _ _ _ _ _ _ _ _ _ _ _ _ _ _ _ _ _ _ _ _ _ _ _ _ _ _ _ _ _ _ _ _ _ _ _ _ _ _ \n\nself = <selenium.webdriver.remote.errorhandler.ErrorHandler object at 0x7f2ed1b1f750>\nresponse = {'status': 500, 'value': '{\"value\":{\"error\":\"timeout\",\"message\":\"timeout: Timed out receiving message from renderer: -...\\\\n#21 0x55e388034ea3 \\\\u003Cunknown>\\\\n#22 0x55e388046f83 \\\\u003Cunknown>\\\\n#23 0x7feed2553ac3 \\\\u003Cunknown>\\\\n\"}}'}\n\n    def check_response(self, response: dict[str, Any]) -> None:\n        \"\"\"Check that a JSON response from the WebDriver does not have an error.\n    \n        Args:\n            response: The JSON response from the WebDriver server as a dictionary\n                object.\n    \n        Raises:\n            WebDriverException: If the response contains an error message.\n        \"\"\"\n        status = response.get(\"status\", None)\n        if not status or status == ErrorCode.SUCCESS:\n            return\n        value = None\n        message = response.get(\"message\", \"\")\n        screen: str = response.get(\"screen\", \"\")\n        stacktrace = None\n        if isinstance(status, int):\n            value_json = response.get(\"value\", None)\n            if value_json and isinstance(value_json, str):\n                try:\n                    value = json.loads(value_json)\n                    if isinstance(value, dict):\n                        if len(value) == 1:\n                            value = value[\"value\"]\n                        status = value.get(\"error\", None)\n                        if not status:\n                            status = value.get(\"status\", ErrorCode.UNKNOWN_ERROR)\n                            message = value.get(\"value\") or value.get(\"message\")\n                            if not isinstance(message, str):\n                                value = message\n                                message = message.get(\"message\") if isinstance(message, dict) else None\n                        else:\n                            message = value.get(\"message\", None)\n                except ValueError:\n                    pass\n    \n        exception_class: type[WebDriverException]\n        e = ErrorCode()\n        error_codes = [item for item in dir(e) if not item.startswith(\"__\")]\n        for error_code in error_codes:\n            error_info = getattr(ErrorCode, error_code)\n            if isinstance(error_info, list) and status in error_info:\n                exception_class = getattr(ExceptionMapping, error_code, WebDriverException)\n                break\n        else:\n            exception_class = WebDriverException\n    \n        if not value:\n            value = response[\"value\"]\n        if isinstance(value, str):\n            raise exception_class(value)\n        if message == \"\" and \"message\" in value:\n            message = value[\"message\"]\n    \n        screen = None  # type: ignore[assignment]\n        if \"screen\" in value:\n            screen = value[\"screen\"]\n    \n        stacktrace = None\n        st_value = value.get(\"stackTrace\") or value.get(\"stacktrace\")\n        if st_value:\n            if isinstance(st_value, str):\n                stacktrace = st_value.split(\"\\n\")\n            else:\n                stacktrace = []\n                try:\n                    for frame in st_value:\n                        line = frame.get(\"lineNumber\", \"\")\n                        file = frame.get(\"fileName\", \"<anonymous>\")\n                        if line:\n                            file = f\"{file}:{line}\"\n                        meth = frame.get(\"methodName\", \"<anonymous>\")\n                        if \"className\" in frame:\n                            meth = f\"{frame['className']}.{meth}\"\n                        msg = \"    at %s (%s)\"\n                        msg = msg % (meth, file)\n                        stacktrace.append(msg)\n                except TypeError:\n                    pass\n        if exception_class == UnexpectedAlertPresentException:\n            alert_text = None\n            if \"data\" in value:\n                alert_text = value[\"data\"].get(\"text\")\n            elif \"alert\" in value:\n                alert_text = value[\"alert\"].get(\"text\")\n            raise exception_class(message, screen, stacktrace, alert_text)  # type: ignore[call-arg]  # mypy is not smart enough here\n>       raise exception_class(message, screen, stacktrace)\nE       selenium.common.exceptions.TimeoutException: Message: timeout: Timed out receiving message from renderer: -0.005\nE         (Session info: chrome=141.0.7390.122)\nE       Stacktrace:\nE       #0 0x55e388047fea <unknown>\nE       #1 0x55e387ac5d06 <unknown>\nE       #2 0x55e387aadde6 <unknown>\nE       #3 0x55e387aadac9 <unknown>\nE       #4 0x55e387aab912 <unknown>\nE       #5 0x55e387aac25f <unknown>\nE       #6 0x55e387abab33 <unknown>\nE       #7 0x55e387ad421b <unknown>\nE       #8 0x55e387ada9bb <unknown>\nE       #9 0x55e387aac99d <unknown>\nE       #10 0x55e387ad3f48 <unknown>\nE       #11 0x55e387b63a0b <unknown>\nE       #12 0x55e387b3dbe3 <unknown>\nE       #13 0x55e387b0a2d2 <unknown>\nE       #14 0x55e387b0af91 <unknown>\nE       #15 0x55e38800b9e8 <unknown>\nE       #16 0x55e38800f84f <unknown>\nE       #17 0x55e387ff2ec9 <unknown>\nE       #18 0x55e3880103f5 <unknown>\nE       #19 0x55e387fd874f <unknown>\nE       #20 0x55e388034cc8 <unknown>\nE       #21 0x55e388034ea3 <unknown>\nE       #22 0x55e388046f83 <unknown>\nE       #23 0x7feed2553ac3 <unknown>\n\n/usr/local/lib/python3.13/site-packages/selenium/webdriver/remote/errorhandler.py:232: TimeoutException","flaky":false,"newFailed":false,"newBroken":true,"newPassed":false,"retriesCount":0,"retriesStatusChange":false,"beforeStages":[{"name":"_session_faker","time":{"start":1771961990216,"stop":1771961990217,"duration":1},"status":"passed","steps":[],"attachments":[],"parameters":[],"stepsCount":0,"shouldDisplayMessage":false,"attachmentsCount":0,"hasContent":false,"attachmentStep":false},{"name":"All test fixtures","time":{"start":1771961990217,"stop":1771961990218,"duration":1},"status":"passed","steps":[{"name":"Tests configuration data","time":{"start":1771961990218,"stop":1771961990218,"duration":0},"status":"passed","steps":[],"attachments":[{"uid":"43df745bdbc87588","name":"Configuration","source":"43df745bdbc87588.txt","type":"text/plain","size":1705}],"parameters":[],"stepsCount":0,"shouldDisplayMessage":false,"attachmentsCount":1,"hasContent":true,"attachmentStep":false}],"attachments":[],"parameters":[],"stepsCount":1,"shouldDisplayMessage":false,"attachmentsCount":1,"hasContent":true,"attachmentStep":false},{"name":"All UI tests fixture","time":{"start":1771961990218,"stop":1771961990218,"duration":0},"status":"passed","steps":[],"attachments":[],"parameters":[],"stepsCount":0,"shouldDisplayMessage":false,"attachmentsCount":0,"hasContent":false,"attachmentStep":false},{"name":"Each test fixtures","time":{"start":1771961998198,"stop":1771961998198,"duration":0},"status":"passed","steps":[],"attachments":[],"parameters":[],"stepsCount":0,"shouldDisplayMessage":false,"attachmentsCount":0,"hasContent":false,"attachmentStep":false},{"name":"Each UI test fixture","time":{"start":1771961998198,"stop":1771962026316,"duration":28118},"status":"broken","statusMessage":"selenium.common.exceptions.TimeoutException: Message: timeout: Timed out receiving message from renderer: -0.005\n  (Session info: chrome=141.0.7390.122)\nStacktrace:\n#0 0x55e388047fea <unknown>\n#1 0x55e387ac5d06 <unknown>\n#2 0x55e387aadde6 <unknown>\n#3 0x55e387aadac9 <unknown>\n#4 0x55e387aab912 <unknown>\n#5 0x55e387aac25f <unknown>\n#6 0x55e387abab33 <unknown>\n#7 0x55e387ad421b <unknown>\n#8 0x55e387ada9bb <unknown>\n#9 0x55e387aac99d <unknown>\n#10 0x55e387ad3f48 <unknown>\n#11 0x55e387b63a0b <unknown>\n#12 0x55e387b3dbe3 <unknown>\n#13 0x55e387b0a2d2 <unknown>\n#14 0x55e387b0af91 <unknown>\n#15 0x55e38800b9e8 <unknown>\n#16 0x55e38800f84f <unknown>\n#17 0x55e387ff2ec9 <unknown>\n#18 0x55e3880103f5 <unknown>\n#19 0x55e387fd874f <unknown>\n#20 0x55e388034cc8 <unknown>\n#21 0x55e388034ea3 <unknown>\n#22 0x55e388046f83 <unknown>\n#23 0x7feed2553ac3 <unknown>\n\n","statusTrace":"  File \"/usr/local/lib/python3.13/site-packages/pluggy/_callers.py\", line 38, in run_old_style_hookwrapper\n    res = yield\n          ^^^^^\n  File \"/usr/local/lib/python3.13/site-packages/pluggy/_callers.py\", line 139, in _multicall\n    teardown.throw(exception)\n    ~~~~~~~~~~~~~~^^^^^^^^^^^\n  File \"/usr/local/lib/python3.13/site-packages/pluggy/_callers.py\", line 53, in run_old_style_hookwrapper\n    return result.get_result()\n           ~~~~~~~~~~~~~~~~~^^\n  File \"/usr/local/lib/python3.13/site-packages/pluggy/_result.py\", line 103, in get_result\n    raise exc.with_traceback(tb)\n  File \"/usr/local/lib/python3.13/site-packages/pluggy/_callers.py\", line 38, in run_old_style_hookwrapper\n    res = yield\n          ^^^^^\n  File \"/usr/local/lib/python3.13/site-packages/pluggy/_callers.py\", line 139, in _multicall\n    teardown.throw(exception)\n    ~~~~~~~~~~~~~~^^^^^^^^^^^\n  File \"/usr/local/lib/python3.13/site-packages/_pytest/setuponly.py\", line 36, in pytest_fixture_setup\n    return (yield)\n            ^^^^^\n  File \"/usr/local/lib/python3.13/site-packages/pluggy/_callers.py\", line 121, in _multicall\n    res = hook_impl.function(*args)\n  File \"/usr/local/lib/python3.13/site-packages/_pytest/fixtures.py\", line 1196, in pytest_fixture_setup\n    result = call_fixture_func(fixturefunc, request, kwargs)\n  File \"/usr/local/lib/python3.13/site-packages/_pytest/fixtures.py\", line 923, in call_fixture_func\n    fixture_result = next(generator)\n  File \"/automation-exercise-py/tests/web/conftest.py\", line 83, in each_ui_test_fixture\n    browser.open(\"/\")\n    ~~~~~~~~~~~~^^^^^\n  File \"/usr/local/lib/python3.13/site-packages/selene/core/_browser.py\", line 93, in open\n    self.config._executor.get_url(relative_or_absolute_url)\n    ~~~~~~~~~~~~~~~~~~~~~~~~~~~~~^^^^^^^^^^^^^^^^^^^^^^^^^^\n  File \"/usr/local/lib/python3.13/site-packages/selene/core/configuration.py\", line 263, in get_url\n    self.config._driver_get_url_strategy(self.config)(url)\n    ~~~~~~~~~~~~~~~~~~~~~~~~~~~~~~~~~~~~~~~~~~~~~~~~~^^^^^\n  File \"/usr/local/lib/python3.13/site-packages/selene/core/configuration.py\", line 215, in get\n    driver.get(url)\n    ~~~~~~~~~~^^^^^\n  File \"/usr/local/lib/python3.13/site-packages/selenium/webdriver/remote/webdriver.py\", line 452, in get\n    self.execute(Command.GET, {\"url\": url})\n    ~~~~~~~~~~~~^^^^^^^^^^^^^^^^^^^^^^^^^^^\n  File \"/usr/local/lib/python3.13/site-packages/selenium/webdriver/remote/webdriver.py\", line 432, in execute\n    self.error_handler.check_response(response)\n    ~~~~~~~~~~~~~~~~~~~~~~~~~~~~~~~~~^^^^^^^^^^\n  File \"/usr/local/lib/python3.13/site-packages/selenium/webdriver/remote/errorhandler.py\", line 232, in check_response\n    raise exception_class(message, screen, stacktrace)\n","steps":[{"name":"Open browser","time":{"start":1771961998198,"stop":1771962026313,"duration":28115},"status":"broken","statusMessage":"selenium.common.exceptions.TimeoutException: Message: timeout: Timed out receiving message from renderer: -0.005\n  (Session info: chrome=141.0.7390.122)\nStacktrace:\n#0 0x55e388047fea <unknown>\n#1 0x55e387ac5d06 <unknown>\n#2 0x55e387aadde6 <unknown>\n#3 0x55e387aadac9 <unknown>\n#4 0x55e387aab912 <unknown>\n#5 0x55e387aac25f <unknown>\n#6 0x55e387abab33 <unknown>\n#7 0x55e387ad421b <unknown>\n#8 0x55e387ada9bb <unknown>\n#9 0x55e387aac99d <unknown>\n#10 0x55e387ad3f48 <unknown>\n#11 0x55e387b63a0b <unknown>\n#12 0x55e387b3dbe3 <unknown>\n#13 0x55e387b0a2d2 <unknown>\n#14 0x55e387b0af91 <unknown>\n#15 0x55e38800b9e8 <unknown>\n#16 0x55e38800f84f <unknown>\n#17 0x55e387ff2ec9 <unknown>\n#18 0x55e3880103f5 <unknown>\n#19 0x55e387fd874f <unknown>\n#20 0x55e388034cc8 <unknown>\n#21 0x55e388034ea3 <unknown>\n#22 0x55e388046f83 <unknown>\n#23 0x7feed2553ac3 <unknown>\n\n","statusTrace":"  File \"/automation-exercise-py/tests/web/conftest.py\", line 83, in each_ui_test_fixture\n    browser.open(\"/\")\n    ~~~~~~~~~~~~^^^^^\n  File \"/usr/local/lib/python3.13/site-packages/selene/core/_browser.py\", line 93, in open\n    self.config._executor.get_url(relative_or_absolute_url)\n    ~~~~~~~~~~~~~~~~~~~~~~~~~~~~~^^^^^^^^^^^^^^^^^^^^^^^^^^\n  File \"/usr/local/lib/python3.13/site-packages/selene/core/configuration.py\", line 263, in get_url\n    self.config._driver_get_url_strategy(self.config)(url)\n    ~~~~~~~~~~~~~~~~~~~~~~~~~~~~~~~~~~~~~~~~~~~~~~~~~^^^^^\n  File \"/usr/local/lib/python3.13/site-packages/selene/core/configuration.py\", line 215, in get\n    driver.get(url)\n    ~~~~~~~~~~^^^^^\n  File \"/usr/local/lib/python3.13/site-packages/selenium/webdriver/remote/webdriver.py\", line 452, in get\n    self.execute(Command.GET, {\"url\": url})\n    ~~~~~~~~~~~~^^^^^^^^^^^^^^^^^^^^^^^^^^^\n  File \"/usr/local/lib/python3.13/site-packages/selenium/webdriver/remote/webdriver.py\", line 432, in execute\n    self.error_handler.check_response(response)\n    ~~~~~~~~~~~~~~~~~~~~~~~~~~~~~~~~~^^^^^^^^^^\n  File \"/usr/local/lib/python3.13/site-packages/selenium/webdriver/remote/errorhandler.py\", line 232, in check_response\n    raise exception_class(message, screen, stacktrace)\n","steps":[],"attachments":[],"parameters":[],"stepsCount":0,"shouldDisplayMessage":true,"attachmentsCount":0,"hasContent":true,"attachmentStep":false}],"attachments":[],"parameters":[],"stepsCount":1,"shouldDisplayMessage":false,"attachmentsCount":0,"hasContent":true,"attachmentStep":false},{"name":"Auth by expected user","time":{"start":1771962056490,"stop":1771962057911,"duration":1421},"status":"passed","steps":[{"name":"Get user by email: ar1@ar1.ar1","time":{"start":1771962056512,"stop":1771962057061,"duration":549},"status":"passed","steps":[{"name":"Send request [GET]: /getUserDetailByEmail","time":{"start":1771962056513,"stop":1771962056886,"duration":373},"status":"passed","steps":[],"attachments":[{"uid":"c2344c1ca592f859","name":"Request","source":"c2344c1ca592f859.txt","type":"text/plain","size":394},{"uid":"9d20393d408deb40","name":"Response","source":"9d20393d408deb40.txt","type":"text/plain","size":969}],"parameters":[],"stepsCount":0,"shouldDisplayMessage":false,"attachmentsCount":2,"hasContent":true,"attachmentStep":false},{"name":"Send request [GET]: /getUserDetailByEmail","time":{"start":1771962056910,"stop":1771962057010,"duration":100},"status":"passed","steps":[],"attachments":[{"uid":"8a6c023bbaed02a0","name":"Request","source":"8a6c023bbaed02a0.txt","type":"text/plain","size":394},{"uid":"d7b338ebe58643d7","name":"Response","source":"d7b338ebe58643d7.txt","type":"text/plain","size":971}],"parameters":[],"stepsCount":0,"shouldDisplayMessage":false,"attachmentsCount":2,"hasContent":true,"attachmentStep":false}],"attachments":[],"parameters":[],"stepsCount":2,"shouldDisplayMessage":false,"attachmentsCount":4,"hasContent":true,"attachmentStep":false},{"name":"Sign in by email = [ar1@ar1.ar1] and password = [12345]","time":{"start":1771962057070,"stop":1771962057629,"duration":559},"status":"passed","steps":[{"name":"Send request [GET]: /login","time":{"start":1771962057070,"stop":1771962057200,"duration":130},"status":"passed","steps":[],"attachments":[{"uid":"1528c45a55552c49","name":"Request","source":"1528c45a55552c49.txt","type":"text/plain","size":355},{"uid":"5808abcef150a5db","name":"Response","source":"5808abcef150a5db.txt","type":"text/plain","size":1048}],"parameters":[],"stepsCount":0,"shouldDisplayMessage":false,"attachmentsCount":2,"hasContent":true,"attachmentStep":false},{"name":"Send request [POST]: /login","time":{"start":1771962057200,"stop":1771962057629,"duration":429},"status":"passed","steps":[],"attachments":[{"uid":"6dcf04998100cd54","name":"Request","source":"6dcf04998100cd54.txt","type":"text/plain","size":533},{"uid":"70c28a3dbaf14881","name":"Response","source":"70c28a3dbaf14881.txt","type":"text/plain","size":1045}],"parameters":[],"stepsCount":0,"shouldDisplayMessage":false,"attachmentsCount":2,"hasContent":true,"attachmentStep":false}],"attachments":[],"parameters":[],"stepsCount":2,"shouldDisplayMessage":false,"attachmentsCount":4,"hasContent":true,"attachmentStep":false}],"attachments":[],"parameters":[],"stepsCount":6,"shouldDisplayMessage":false,"attachmentsCount":8,"hasContent":true,"attachmentStep":false},{"name":"Add random products to cart","time":{"start":1771962244111,"stop":1771962245104,"duration":993},"status":"passed","steps":[{"name":"Add products to cart","time":{"start":1771962244124,"stop":1771962244922,"duration":798},"status":"passed","steps":[{"name":"Add [7] product(s) by id = [43] to cart","time":{"start":1771962244124,"stop":1771962244485,"duration":361},"status":"passed","steps":[{"name":"Send request [GET]: /add_to_cart/43","time":{"start":1771962244124,"stop":1771962244485,"duration":361},"status":"passed","steps":[],"attachments":[{"uid":"ad5a077e621039c7","name":"Request","source":"ad5a077e621039c7.txt","type":"text/plain","size":507},{"uid":"e40c62fce51c5cca","name":"Response","source":"e40c62fce51c5cca.txt","type":"text/plain","size":903}],"parameters":[],"stepsCount":0,"shouldDisplayMessage":false,"attachmentsCount":2,"hasContent":true,"attachmentStep":false}],"attachments":[],"parameters":[],"stepsCount":1,"shouldDisplayMessage":false,"attachmentsCount":2,"hasContent":true,"attachmentStep":false},{"name":"Add [9] product(s) by id = [14] to cart","time":{"start":1771962244485,"stop":1771962244595,"duration":110},"status":"passed","steps":[{"name":"Send request [GET]: /add_to_cart/14","time":{"start":1771962244486,"stop":1771962244595,"duration":109},"status":"passed","steps":[],"attachments":[{"uid":"68cf0393ec1a1100","name":"Request","source":"68cf0393ec1a1100.txt","type":"text/plain","size":507},{"uid":"b4c82f3d2d073ac7","name":"Response","source":"b4c82f3d2d073ac7.txt","type":"text/plain","size":901}],"parameters":[],"stepsCount":0,"shouldDisplayMessage":false,"attachmentsCount":2,"hasContent":true,"attachmentStep":false}],"attachments":[],"parameters":[],"stepsCount":1,"shouldDisplayMessage":false,"attachmentsCount":2,"hasContent":true,"attachmentStep":false},{"name":"Add [4] product(s) by id = [13] to cart","time":{"start":1771962244596,"stop":1771962244700,"duration":104},"status":"passed","steps":[{"name":"Send request [GET]: /add_to_cart/13","time":{"start":1771962244596,"stop":1771962244700,"duration":104},"status":"passed","steps":[],"attachments":[{"uid":"87c7a670c8022210","name":"Request","source":"87c7a670c8022210.txt","type":"text/plain","size":507},{"uid":"81bd045d9d696031","name":"Response","source":"81bd045d9d696031.txt","type":"text/plain","size":903}],"parameters":[],"stepsCount":0,"shouldDisplayMessage":false,"attachmentsCount":2,"hasContent":true,"attachmentStep":false}],"attachments":[],"parameters":[],"stepsCount":1,"shouldDisplayMessage":false,"attachmentsCount":2,"hasContent":true,"attachmentStep":false},{"name":"Add [2] product(s) by id = [37] to cart","time":{"start":1771962244700,"stop":1771962244809,"duration":109},"status":"passed","steps":[{"name":"Send request [GET]: /add_to_cart/37","time":{"start":1771962244701,"stop":1771962244809,"duration":108},"status":"passed","steps":[],"attachments":[{"uid":"e8ea013aa9aafb62","name":"Request","source":"e8ea013aa9aafb62.txt","type":"text/plain","size":507},{"uid":"62e6f8d545d699e6","name":"Response","source":"62e6f8d545d699e6.txt","type":"text/plain","size":903}],"parameters":[],"stepsCount":0,"shouldDisplayMessage":false,"attachmentsCount":2,"hasContent":true,"attachmentStep":false}],"attachments":[],"parameters":[],"stepsCount":1,"shouldDisplayMessage":false,"attachmentsCount":2,"hasContent":true,"attachmentStep":false},{"name":"Add [9] product(s) by id = [23] to cart","time":{"start":1771962244810,"stop":1771962244922,"duration":112},"status":"passed","steps":[{"name":"Send request [GET]: /add_to_cart/23","time":{"start":1771962244810,"stop":1771962244922,"duration":112},"status":"passed","steps":[],"attachments":[{"uid":"915b78f5875bad5","name":"Request","source":"915b78f5875bad5.txt","type":"text/plain","size":507},{"uid":"e7c3e746a0042915","name":"Response","source":"e7c3e746a0042915.txt","type":"text/plain","size":901}],"parameters":[],"stepsCount":0,"shouldDisplayMessage":false,"attachmentsCount":2,"hasContent":true,"attachmentStep":false}],"attachments":[],"parameters":[],"stepsCount":1,"shouldDisplayMessage":false,"attachmentsCount":2,"hasContent":true,"attachmentStep":false}],"attachments":[],"parameters":[],"stepsCount":10,"shouldDisplayMessage":false,"attachmentsCount":10,"hasContent":true,"attachmentStep":false}],"attachments":[],"parameters":[],"stepsCount":11,"shouldDisplayMessage":false,"attachmentsCount":10,"hasContent":true,"attachmentStep":false}],"testStage":{"status":"broken","statusMessage":"selenium.common.exceptions.TimeoutException: Message: timeout: Timed out receiving message from renderer: -0.005\n  (Session info: chrome=141.0.7390.122)\nStacktrace:\n#0 0x55e388047fea <unknown>\n#1 0x55e387ac5d06 <unknown>\n#2 0x55e387aadde6 <unknown>\n#3 0x55e387aadac9 <unknown>\n#4 0x55e387aab912 <unknown>\n#5 0x55e387aac25f <unknown>\n#6 0x55e387abab33 <unknown>\n#7 0x55e387ad421b <unknown>\n#8 0x55e387ada9bb <unknown>\n#9 0x55e387aac99d <unknown>\n#10 0x55e387ad3f48 <unknown>\n#11 0x55e387b63a0b <unknown>\n#12 0x55e387b3dbe3 <unknown>\n#13 0x55e387b0a2d2 <unknown>\n#14 0x55e387b0af91 <unknown>\n#15 0x55e38800b9e8 <unknown>\n#16 0x55e38800f84f <unknown>\n#17 0x55e387ff2ec9 <unknown>\n#18 0x55e3880103f5 <unknown>\n#19 0x55e387fd874f <unknown>\n#20 0x55e388034cc8 <unknown>\n#21 0x55e388034ea3 <unknown>\n#22 0x55e388046f83 <unknown>\n#23 0x7feed2553ac3 <unknown>","statusTrace":"request = <SubRequest 'each_ui_test_fixture' for <Function test_delivery_address_has_expected_data>>\neach_test_fixtures = None\n\n    @pytest.fixture(autouse=True, scope=\"function\")\n    @allure.title(\"Each UI test fixture\")\n    def each_ui_test_fixture(request, each_test_fixtures):\n    \n        test_name = request.node.name\n        ThreadSafeTestThreadsStore().add_current_thread_to_test(test_name)\n    \n        # ---------------------------------------------------------------------\n        # Init driver\n        # ---------------------------------------------------------------------\n        with allure.step(\"Open browser\"):\n            DriverManager().init_driver()\n>           browser.open(\"/\")\n\ntests/web/conftest.py:83: \n_ _ _ _ _ _ _ _ _ _ _ _ _ _ _ _ _ _ _ _ _ _ _ _ _ _ _ _ _ _ _ _ _ _ _ _ _ _ _ _ \n/usr/local/lib/python3.13/site-packages/selene/core/_browser.py:93: in open\n    self.config._executor.get_url(relative_or_absolute_url)\n/usr/local/lib/python3.13/site-packages/selene/core/configuration.py:263: in get_url\n    self.config._driver_get_url_strategy(self.config)(url)\n/usr/local/lib/python3.13/site-packages/selene/core/configuration.py:215: in get\n    driver.get(url)\n/usr/local/lib/python3.13/site-packages/selenium/webdriver/remote/webdriver.py:452: in get\n    self.execute(Command.GET, {\"url\": url})\n/usr/local/lib/python3.13/site-packages/selenium/webdriver/remote/webdriver.py:432: in execute\n    self.error_handler.check_response(response)\n_ _ _ _ _ _ _ _ _ _ _ _ _ _ _ _ _ _ _ _ _ _ _ _ _ _ _ _ _ _ _ _ _ _ _ _ _ _ _ _ \n\nself = <selenium.webdriver.remote.errorhandler.ErrorHandler object at 0x7f2ed1b1f750>\nresponse = {'status': 500, 'value': '{\"value\":{\"error\":\"timeout\",\"message\":\"timeout: Timed out receiving message from renderer: -...\\\\n#21 0x55e388034ea3 \\\\u003Cunknown>\\\\n#22 0x55e388046f83 \\\\u003Cunknown>\\\\n#23 0x7feed2553ac3 \\\\u003Cunknown>\\\\n\"}}'}\n\n    def check_response(self, response: dict[str, Any]) -> None:\n        \"\"\"Check that a JSON response from the WebDriver does not have an error.\n    \n        Args:\n            response: The JSON response from the WebDriver server as a dictionary\n                object.\n    \n        Raises:\n            WebDriverException: If the response contains an error message.\n        \"\"\"\n        status = response.get(\"status\", None)\n        if not status or status == ErrorCode.SUCCESS:\n            return\n        value = None\n        message = response.get(\"message\", \"\")\n        screen: str = response.get(\"screen\", \"\")\n        stacktrace = None\n        if isinstance(status, int):\n            value_json = response.get(\"value\", None)\n            if value_json and isinstance(value_json, str):\n                try:\n                    value = json.loads(value_json)\n                    if isinstance(value, dict):\n                        if len(value) == 1:\n                            value = value[\"value\"]\n                        status = value.get(\"error\", None)\n                        if not status:\n                            status = value.get(\"status\", ErrorCode.UNKNOWN_ERROR)\n                            message = value.get(\"value\") or value.get(\"message\")\n                            if not isinstance(message, str):\n                                value = message\n                                message = message.get(\"message\") if isinstance(message, dict) else None\n                        else:\n                            message = value.get(\"message\", None)\n                except ValueError:\n                    pass\n    \n        exception_class: type[WebDriverException]\n        e = ErrorCode()\n        error_codes = [item for item in dir(e) if not item.startswith(\"__\")]\n        for error_code in error_codes:\n            error_info = getattr(ErrorCode, error_code)\n            if isinstance(error_info, list) and status in error_info:\n                exception_class = getattr(ExceptionMapping, error_code, WebDriverException)\n                break\n        else:\n            exception_class = WebDriverException\n    \n        if not value:\n            value = response[\"value\"]\n        if isinstance(value, str):\n            raise exception_class(value)\n        if message == \"\" and \"message\" in value:\n            message = value[\"message\"]\n    \n        screen = None  # type: ignore[assignment]\n        if \"screen\" in value:\n            screen = value[\"screen\"]\n    \n        stacktrace = None\n        st_value = value.get(\"stackTrace\") or value.get(\"stacktrace\")\n        if st_value:\n            if isinstance(st_value, str):\n                stacktrace = st_value.split(\"\\n\")\n            else:\n                stacktrace = []\n                try:\n                    for frame in st_value:\n                        line = frame.get(\"lineNumber\", \"\")\n                        file = frame.get(\"fileName\", \"<anonymous>\")\n                        if line:\n                            file = f\"{file}:{line}\"\n                        meth = frame.get(\"methodName\", \"<anonymous>\")\n                        if \"className\" in frame:\n                            meth = f\"{frame['className']}.{meth}\"\n                        msg = \"    at %s (%s)\"\n                        msg = msg % (meth, file)\n                        stacktrace.append(msg)\n                except TypeError:\n                    pass\n        if exception_class == UnexpectedAlertPresentException:\n            alert_text = None\n            if \"data\" in value:\n                alert_text = value[\"data\"].get(\"text\")\n            elif \"alert\" in value:\n                alert_text = value[\"alert\"].get(\"text\")\n            raise exception_class(message, screen, stacktrace, alert_text)  # type: ignore[call-arg]  # mypy is not smart enough here\n>       raise exception_class(message, screen, stacktrace)\nE       selenium.common.exceptions.TimeoutException: Message: timeout: Timed out receiving message from renderer: -0.005\nE         (Session info: chrome=141.0.7390.122)\nE       Stacktrace:\nE       #0 0x55e388047fea <unknown>\nE       #1 0x55e387ac5d06 <unknown>\nE       #2 0x55e387aadde6 <unknown>\nE       #3 0x55e387aadac9 <unknown>\nE       #4 0x55e387aab912 <unknown>\nE       #5 0x55e387aac25f <unknown>\nE       #6 0x55e387abab33 <unknown>\nE       #7 0x55e387ad421b <unknown>\nE       #8 0x55e387ada9bb <unknown>\nE       #9 0x55e387aac99d <unknown>\nE       #10 0x55e387ad3f48 <unknown>\nE       #11 0x55e387b63a0b <unknown>\nE       #12 0x55e387b3dbe3 <unknown>\nE       #13 0x55e387b0a2d2 <unknown>\nE       #14 0x55e387b0af91 <unknown>\nE       #15 0x55e38800b9e8 <unknown>\nE       #16 0x55e38800f84f <unknown>\nE       #17 0x55e387ff2ec9 <unknown>\nE       #18 0x55e3880103f5 <unknown>\nE       #19 0x55e387fd874f <unknown>\nE       #20 0x55e388034cc8 <unknown>\nE       #21 0x55e388034ea3 <unknown>\nE       #22 0x55e388046f83 <unknown>\nE       #23 0x7feed2553ac3 <unknown>\n\n/usr/local/lib/python3.13/site-packages/selenium/webdriver/remote/errorhandler.py:232: TimeoutException","steps":[],"attachments":[{"uid":"6ac92a09c0e9bafd","name":"log","source":"6ac92a09c0e9bafd.txt","type":"text/plain","size":70},{"uid":"b531c1a2cd15e86b","name":"stderr","source":"b531c1a2cd15e86b.txt","type":"text/plain","size":49}],"parameters":[],"stepsCount":0,"shouldDisplayMessage":true,"attachmentsCount":2,"hasContent":true,"attachmentStep":false},"afterStages":[{"name":"Each test fixtures::0","time":{"start":1771962026442,"stop":1771962026443,"duration":1},"status":"passed","steps":[{"name":"Remove current test users from backend","time":{"start":1771962026443,"stop":1771962026443,"duration":0},"status":"passed","steps":[],"attachments":[],"parameters":[],"stepsCount":0,"shouldDisplayMessage":false,"attachmentsCount":0,"hasContent":false,"attachmentStep":false}],"attachments":[],"parameters":[],"stepsCount":1,"shouldDisplayMessage":false,"attachmentsCount":0,"hasContent":true,"attachmentStep":false},{"name":"Auth by expected user::0","time":{"start":1771962058346,"stop":1771962058346,"duration":0},"status":"passed","steps":[],"attachments":[],"parameters":[],"stepsCount":0,"shouldDisplayMessage":false,"attachmentsCount":0,"hasContent":false,"attachmentStep":false},{"name":"All test fixtures::0","time":{"start":1771962313517,"stop":1771962313517,"duration":0},"status":"passed","steps":[{"name":"Remove users from backend after all tests","time":{"start":1771962313517,"stop":1771962313517,"duration":0},"status":"passed","steps":[],"attachments":[],"parameters":[],"stepsCount":0,"shouldDisplayMessage":false,"attachmentsCount":0,"hasContent":false,"attachmentStep":false}],"attachments":[],"parameters":[],"stepsCount":1,"shouldDisplayMessage":false,"attachmentsCount":0,"hasContent":true,"attachmentStep":false}],"labels":[{"name":"feature","value":"Address Component"},{"name":"epic","value":"WEB Component"},{"name":"owner","value":"arrnel"},{"name":"story","value":"[Web] Component - Delivery Address Component"},{"name":"tag","value":"screenshot_test"},{"name":"tag","value":"@pytest.mark.usefixtures('auth_expected_user', 'add_random_products_to_cart', 'open_checkout_page')"},{"name":"tag","value":"web_test"},{"name":"tag","value":"component_test"},{"name":"tag","value":"checkout_page_test"},{"name":"tag","value":"address_component_test"},{"name":"parentSuite","value":"tests.web.component.address"},{"name":"suite","value":"test_address_component"},{"name":"subSuite","value":"TestAddressComponent"},{"name":"host","value":"5e57bf7632d4"},{"name":"thread","value":"12-MainThread"},{"name":"framework","value":"pytest"},{"name":"language","value":"cpython3"},{"name":"package","value":"tests.web.component.address.test_address_component"},{"name":"resultFormat","value":"allure2"}],"parameters":[],"links":[],"hidden":false,"retry":false,"extra":{"severity":"normal","owner":"arrnel","retries":[],"categories":[{"name":"Test defects","matchedStatuses":[],"flaky":false}],"history":{"statistic":{"failed":0,"broken":1,"skipped":0,"passed":2,"unknown":0,"total":3},"items":[{"uid":"677134bf81f9d5cd","reportUrl":"https://arrnel.github.io/automation-exercise-py/nightly/4/#testresult/677134bf81f9d5cd","status":"passed","time":{"start":1771954376687,"stop":1771954377103,"duration":416}},{"uid":"7b2d4d7647952501","reportUrl":"https://arrnel.github.io/automation-exercise-py/nightly/2/#testresult/7b2d4d7647952501","status":"passed","time":{"start":1771718003308,"stop":1771718003755,"duration":447}}]},"tags":["web_test","@pytest.mark.usefixtures('auth_expected_user', 'add_random_products_to_cart', 'open_checkout_page')","screenshot_test","component_test","checkout_page_test","address_component_test"]},"source":"5440fcb536a80523.json","parameterValues":[]}