{"uid":"5928c18d0a47942","name":"[WEB Component] Subscription component should have expected screenshot","fullName":"tests.web.component.base.test_subscription_component.TestSubscriptionComponent#test_subscription_component_has_expected_screenshot","historyId":"217596d996a94dd9e16e308c7d352382","time":{"start":1771962037346,"stop":1771962037346,"duration":0},"status":"broken","statusMessage":"selenium.common.exceptions.TimeoutException: Message: timeout: Timed out receiving message from renderer: -0.005\n  (Session info: chrome=141.0.7390.122)\nStacktrace:\n#0 0x55e8c7065fea <unknown>\n#1 0x55e8c6ae3d06 <unknown>\n#2 0x55e8c6acbde6 <unknown>\n#3 0x55e8c6acbac9 <unknown>\n#4 0x55e8c6ac9912 <unknown>\n#5 0x55e8c6aca25f <unknown>\n#6 0x55e8c6ad8b33 <unknown>\n#7 0x55e8c6af221b <unknown>\n#8 0x55e8c6af89bb <unknown>\n#9 0x55e8c6aca99d <unknown>\n#10 0x55e8c6af1f48 <unknown>\n#11 0x55e8c6b81a0b <unknown>\n#12 0x55e8c6b5bbe3 <unknown>\n#13 0x55e8c6b282d2 <unknown>\n#14 0x55e8c6b28f91 <unknown>\n#15 0x55e8c70299e8 <unknown>\n#16 0x55e8c702d84f <unknown>\n#17 0x55e8c7010ec9 <unknown>\n#18 0x55e8c702e3f5 <unknown>\n#19 0x55e8c6ff674f <unknown>\n#20 0x55e8c7052cc8 <unknown>\n#21 0x55e8c7052ea3 <unknown>\n#22 0x55e8c7064f83 <unknown>\n#23 0x7f6a17237ac3 <unknown>","statusTrace":"request = <SubRequest 'each_ui_test_fixture' for <Function test_subscription_component_has_expected_screenshot>>\neach_test_fixtures = None\n\n    @pytest.fixture(autouse=True, scope=\"function\")\n    @allure.title(\"Each UI test fixture\")\n    def each_ui_test_fixture(request, each_test_fixtures):\n    \n        test_name = request.node.name\n        ThreadSafeTestThreadsStore().add_current_thread_to_test(test_name)\n    \n        # ---------------------------------------------------------------------\n        # Init driver\n        # ---------------------------------------------------------------------\n        with allure.step(\"Open browser\"):\n            DriverManager().init_driver()\n>           browser.open(\"/\")\n\ntests/web/conftest.py:83: \n_ _ _ _ _ _ _ _ _ _ _ _ _ _ _ _ _ _ _ _ _ _ _ _ _ _ _ _ _ _ _ _ _ _ _ _ _ _ _ _ \n/usr/local/lib/python3.13/site-packages/selene/core/_browser.py:93: in open\n    self.config._executor.get_url(relative_or_absolute_url)\n/usr/local/lib/python3.13/site-packages/selene/core/configuration.py:263: in get_url\n    self.config._driver_get_url_strategy(self.config)(url)\n/usr/local/lib/python3.13/site-packages/selene/core/configuration.py:215: in get\n    driver.get(url)\n/usr/local/lib/python3.13/site-packages/selenium/webdriver/remote/webdriver.py:452: in get\n    self.execute(Command.GET, {\"url\": url})\n/usr/local/lib/python3.13/site-packages/selenium/webdriver/remote/webdriver.py:432: in execute\n    self.error_handler.check_response(response)\n_ _ _ _ _ _ _ _ _ _ _ _ _ _ _ _ _ _ _ _ _ _ _ _ _ _ _ _ _ _ _ _ _ _ _ _ _ _ _ _ \n\nself = <selenium.webdriver.remote.errorhandler.ErrorHandler object at 0x7f25d4d3ba80>\nresponse = {'status': 500, 'value': '{\"value\":{\"error\":\"timeout\",\"message\":\"timeout: Timed out receiving message from renderer: -...\\\\n#21 0x55e8c7052ea3 \\\\u003Cunknown>\\\\n#22 0x55e8c7064f83 \\\\u003Cunknown>\\\\n#23 0x7f6a17237ac3 \\\\u003Cunknown>\\\\n\"}}'}\n\n    def check_response(self, response: dict[str, Any]) -> None:\n        \"\"\"Check that a JSON response from the WebDriver does not have an error.\n    \n        Args:\n            response: The JSON response from the WebDriver server as a dictionary\n                object.\n    \n        Raises:\n            WebDriverException: If the response contains an error message.\n        \"\"\"\n        status = response.get(\"status\", None)\n        if not status or status == ErrorCode.SUCCESS:\n            return\n        value = None\n        message = response.get(\"message\", \"\")\n        screen: str = response.get(\"screen\", \"\")\n        stacktrace = None\n        if isinstance(status, int):\n            value_json = response.get(\"value\", None)\n            if value_json and isinstance(value_json, str):\n                try:\n                    value = json.loads(value_json)\n                    if isinstance(value, dict):\n                        if len(value) == 1:\n                            value = value[\"value\"]\n                        status = value.get(\"error\", None)\n                        if not status:\n                            status = value.get(\"status\", ErrorCode.UNKNOWN_ERROR)\n                            message = value.get(\"value\") or value.get(\"message\")\n                            if not isinstance(message, str):\n                                value = message\n                                message = message.get(\"message\") if isinstance(message, dict) else None\n                        else:\n                            message = value.get(\"message\", None)\n                except ValueError:\n                    pass\n    \n        exception_class: type[WebDriverException]\n        e = ErrorCode()\n        error_codes = [item for item in dir(e) if not item.startswith(\"__\")]\n        for error_code in error_codes:\n            error_info = getattr(ErrorCode, error_code)\n            if isinstance(error_info, list) and status in error_info:\n                exception_class = getattr(ExceptionMapping, error_code, WebDriverException)\n                break\n        else:\n            exception_class = WebDriverException\n    \n        if not value:\n            value = response[\"value\"]\n        if isinstance(value, str):\n            raise exception_class(value)\n        if message == \"\" and \"message\" in value:\n            message = value[\"message\"]\n    \n        screen = None  # type: ignore[assignment]\n        if \"screen\" in value:\n            screen = value[\"screen\"]\n    \n        stacktrace = None\n        st_value = value.get(\"stackTrace\") or value.get(\"stacktrace\")\n        if st_value:\n            if isinstance(st_value, str):\n                stacktrace = st_value.split(\"\\n\")\n            else:\n                stacktrace = []\n                try:\n                    for frame in st_value:\n                        line = frame.get(\"lineNumber\", \"\")\n                        file = frame.get(\"fileName\", \"<anonymous>\")\n                        if line:\n                            file = f\"{file}:{line}\"\n                        meth = frame.get(\"methodName\", \"<anonymous>\")\n                        if \"className\" in frame:\n                            meth = f\"{frame['className']}.{meth}\"\n                        msg = \"    at %s (%s)\"\n                        msg = msg % (meth, file)\n                        stacktrace.append(msg)\n                except TypeError:\n                    pass\n        if exception_class == UnexpectedAlertPresentException:\n            alert_text = None\n            if \"data\" in value:\n                alert_text = value[\"data\"].get(\"text\")\n            elif \"alert\" in value:\n                alert_text = value[\"alert\"].get(\"text\")\n            raise exception_class(message, screen, stacktrace, alert_text)  # type: ignore[call-arg]  # mypy is not smart enough here\n>       raise exception_class(message, screen, stacktrace)\nE       selenium.common.exceptions.TimeoutException: Message: timeout: Timed out receiving message from renderer: -0.005\nE         (Session info: chrome=141.0.7390.122)\nE       Stacktrace:\nE       #0 0x55e8c7065fea <unknown>\nE       #1 0x55e8c6ae3d06 <unknown>\nE       #2 0x55e8c6acbde6 <unknown>\nE       #3 0x55e8c6acbac9 <unknown>\nE       #4 0x55e8c6ac9912 <unknown>\nE       #5 0x55e8c6aca25f <unknown>\nE       #6 0x55e8c6ad8b33 <unknown>\nE       #7 0x55e8c6af221b <unknown>\nE       #8 0x55e8c6af89bb <unknown>\nE       #9 0x55e8c6aca99d <unknown>\nE       #10 0x55e8c6af1f48 <unknown>\nE       #11 0x55e8c6b81a0b <unknown>\nE       #12 0x55e8c6b5bbe3 <unknown>\nE       #13 0x55e8c6b282d2 <unknown>\nE       #14 0x55e8c6b28f91 <unknown>\nE       #15 0x55e8c70299e8 <unknown>\nE       #16 0x55e8c702d84f <unknown>\nE       #17 0x55e8c7010ec9 <unknown>\nE       #18 0x55e8c702e3f5 <unknown>\nE       #19 0x55e8c6ff674f <unknown>\nE       #20 0x55e8c7052cc8 <unknown>\nE       #21 0x55e8c7052ea3 <unknown>\nE       #22 0x55e8c7064f83 <unknown>\nE       #23 0x7f6a17237ac3 <unknown>\n\n/usr/local/lib/python3.13/site-packages/selenium/webdriver/remote/errorhandler.py:232: TimeoutException","flaky":false,"newFailed":false,"newBroken":true,"newPassed":false,"retriesCount":0,"retriesStatusChange":false,"beforeStages":[{"name":"_session_faker","time":{"start":1771961990215,"stop":1771961990217,"duration":2},"status":"passed","steps":[],"attachments":[],"parameters":[],"stepsCount":0,"shouldDisplayMessage":false,"attachmentsCount":0,"hasContent":false,"attachmentStep":false},{"name":"All test fixtures","time":{"start":1771961990217,"stop":1771961990218,"duration":1},"status":"passed","steps":[{"name":"Tests configuration data","time":{"start":1771961990217,"stop":1771961990218,"duration":1},"status":"passed","steps":[],"attachments":[{"uid":"38aeaf55193b274b","name":"Configuration","source":"38aeaf55193b274b.txt","type":"text/plain","size":1705}],"parameters":[],"stepsCount":0,"shouldDisplayMessage":false,"attachmentsCount":1,"hasContent":true,"attachmentStep":false}],"attachments":[],"parameters":[],"stepsCount":1,"shouldDisplayMessage":false,"attachmentsCount":1,"hasContent":true,"attachmentStep":false},{"name":"All UI tests fixture","time":{"start":1771961990218,"stop":1771961990218,"duration":0},"status":"passed","steps":[],"attachments":[],"parameters":[],"stepsCount":0,"shouldDisplayMessage":false,"attachmentsCount":0,"hasContent":false,"attachmentStep":false},{"name":"Each UI test fixture","time":{"start":1771962037347,"stop":1771962065214,"duration":27867},"status":"broken","statusMessage":"selenium.common.exceptions.TimeoutException: Message: timeout: Timed out receiving message from renderer: -0.005\n  (Session info: chrome=141.0.7390.122)\nStacktrace:\n#0 0x55e8c7065fea <unknown>\n#1 0x55e8c6ae3d06 <unknown>\n#2 0x55e8c6acbde6 <unknown>\n#3 0x55e8c6acbac9 <unknown>\n#4 0x55e8c6ac9912 <unknown>\n#5 0x55e8c6aca25f <unknown>\n#6 0x55e8c6ad8b33 <unknown>\n#7 0x55e8c6af221b <unknown>\n#8 0x55e8c6af89bb <unknown>\n#9 0x55e8c6aca99d <unknown>\n#10 0x55e8c6af1f48 <unknown>\n#11 0x55e8c6b81a0b <unknown>\n#12 0x55e8c6b5bbe3 <unknown>\n#13 0x55e8c6b282d2 <unknown>\n#14 0x55e8c6b28f91 <unknown>\n#15 0x55e8c70299e8 <unknown>\n#16 0x55e8c702d84f <unknown>\n#17 0x55e8c7010ec9 <unknown>\n#18 0x55e8c702e3f5 <unknown>\n#19 0x55e8c6ff674f <unknown>\n#20 0x55e8c7052cc8 <unknown>\n#21 0x55e8c7052ea3 <unknown>\n#22 0x55e8c7064f83 <unknown>\n#23 0x7f6a17237ac3 <unknown>\n\n","statusTrace":"  File \"/usr/local/lib/python3.13/site-packages/pluggy/_callers.py\", line 38, in run_old_style_hookwrapper\n    res = yield\n          ^^^^^\n  File \"/usr/local/lib/python3.13/site-packages/pluggy/_callers.py\", line 139, in _multicall\n    teardown.throw(exception)\n    ~~~~~~~~~~~~~~^^^^^^^^^^^\n  File \"/usr/local/lib/python3.13/site-packages/pluggy/_callers.py\", line 53, in run_old_style_hookwrapper\n    return result.get_result()\n           ~~~~~~~~~~~~~~~~~^^\n  File \"/usr/local/lib/python3.13/site-packages/pluggy/_result.py\", line 103, in get_result\n    raise exc.with_traceback(tb)\n  File \"/usr/local/lib/python3.13/site-packages/pluggy/_callers.py\", line 38, in run_old_style_hookwrapper\n    res = yield\n          ^^^^^\n  File \"/usr/local/lib/python3.13/site-packages/pluggy/_callers.py\", line 139, in _multicall\n    teardown.throw(exception)\n    ~~~~~~~~~~~~~~^^^^^^^^^^^\n  File \"/usr/local/lib/python3.13/site-packages/_pytest/setuponly.py\", line 36, in pytest_fixture_setup\n    return (yield)\n            ^^^^^\n  File \"/usr/local/lib/python3.13/site-packages/pluggy/_callers.py\", line 121, in _multicall\n    res = hook_impl.function(*args)\n  File \"/usr/local/lib/python3.13/site-packages/_pytest/fixtures.py\", line 1196, in pytest_fixture_setup\n    result = call_fixture_func(fixturefunc, request, kwargs)\n  File \"/usr/local/lib/python3.13/site-packages/_pytest/fixtures.py\", line 923, in call_fixture_func\n    fixture_result = next(generator)\n  File \"/automation-exercise-py/tests/web/conftest.py\", line 83, in each_ui_test_fixture\n    browser.open(\"/\")\n    ~~~~~~~~~~~~^^^^^\n  File \"/usr/local/lib/python3.13/site-packages/selene/core/_browser.py\", line 93, in open\n    self.config._executor.get_url(relative_or_absolute_url)\n    ~~~~~~~~~~~~~~~~~~~~~~~~~~~~~^^^^^^^^^^^^^^^^^^^^^^^^^^\n  File \"/usr/local/lib/python3.13/site-packages/selene/core/configuration.py\", line 263, in get_url\n    self.config._driver_get_url_strategy(self.config)(url)\n    ~~~~~~~~~~~~~~~~~~~~~~~~~~~~~~~~~~~~~~~~~~~~~~~~~^^^^^\n  File \"/usr/local/lib/python3.13/site-packages/selene/core/configuration.py\", line 215, in get\n    driver.get(url)\n    ~~~~~~~~~~^^^^^\n  File \"/usr/local/lib/python3.13/site-packages/selenium/webdriver/remote/webdriver.py\", line 452, in get\n    self.execute(Command.GET, {\"url\": url})\n    ~~~~~~~~~~~~^^^^^^^^^^^^^^^^^^^^^^^^^^^\n  File \"/usr/local/lib/python3.13/site-packages/selenium/webdriver/remote/webdriver.py\", line 432, in execute\n    self.error_handler.check_response(response)\n    ~~~~~~~~~~~~~~~~~~~~~~~~~~~~~~~~~^^^^^^^^^^\n  File \"/usr/local/lib/python3.13/site-packages/selenium/webdriver/remote/errorhandler.py\", line 232, in check_response\n    raise exception_class(message, screen, stacktrace)\n","steps":[{"name":"Open browser","time":{"start":1771962037347,"stop":1771962065211,"duration":27864},"status":"broken","statusMessage":"selenium.common.exceptions.TimeoutException: Message: timeout: Timed out receiving message from renderer: -0.005\n  (Session info: chrome=141.0.7390.122)\nStacktrace:\n#0 0x55e8c7065fea <unknown>\n#1 0x55e8c6ae3d06 <unknown>\n#2 0x55e8c6acbde6 <unknown>\n#3 0x55e8c6acbac9 <unknown>\n#4 0x55e8c6ac9912 <unknown>\n#5 0x55e8c6aca25f <unknown>\n#6 0x55e8c6ad8b33 <unknown>\n#7 0x55e8c6af221b <unknown>\n#8 0x55e8c6af89bb <unknown>\n#9 0x55e8c6aca99d <unknown>\n#10 0x55e8c6af1f48 <unknown>\n#11 0x55e8c6b81a0b <unknown>\n#12 0x55e8c6b5bbe3 <unknown>\n#13 0x55e8c6b282d2 <unknown>\n#14 0x55e8c6b28f91 <unknown>\n#15 0x55e8c70299e8 <unknown>\n#16 0x55e8c702d84f <unknown>\n#17 0x55e8c7010ec9 <unknown>\n#18 0x55e8c702e3f5 <unknown>\n#19 0x55e8c6ff674f <unknown>\n#20 0x55e8c7052cc8 <unknown>\n#21 0x55e8c7052ea3 <unknown>\n#22 0x55e8c7064f83 <unknown>\n#23 0x7f6a17237ac3 <unknown>\n\n","statusTrace":"  File \"/automation-exercise-py/tests/web/conftest.py\", line 83, in each_ui_test_fixture\n    browser.open(\"/\")\n    ~~~~~~~~~~~~^^^^^\n  File \"/usr/local/lib/python3.13/site-packages/selene/core/_browser.py\", line 93, in open\n    self.config._executor.get_url(relative_or_absolute_url)\n    ~~~~~~~~~~~~~~~~~~~~~~~~~~~~~^^^^^^^^^^^^^^^^^^^^^^^^^^\n  File \"/usr/local/lib/python3.13/site-packages/selene/core/configuration.py\", line 263, in get_url\n    self.config._driver_get_url_strategy(self.config)(url)\n    ~~~~~~~~~~~~~~~~~~~~~~~~~~~~~~~~~~~~~~~~~~~~~~~~~^^^^^\n  File \"/usr/local/lib/python3.13/site-packages/selene/core/configuration.py\", line 215, in get\n    driver.get(url)\n    ~~~~~~~~~~^^^^^\n  File \"/usr/local/lib/python3.13/site-packages/selenium/webdriver/remote/webdriver.py\", line 452, in get\n    self.execute(Command.GET, {\"url\": url})\n    ~~~~~~~~~~~~^^^^^^^^^^^^^^^^^^^^^^^^^^^\n  File \"/usr/local/lib/python3.13/site-packages/selenium/webdriver/remote/webdriver.py\", line 432, in execute\n    self.error_handler.check_response(response)\n    ~~~~~~~~~~~~~~~~~~~~~~~~~~~~~~~~~^^^^^^^^^^\n  File \"/usr/local/lib/python3.13/site-packages/selenium/webdriver/remote/errorhandler.py\", line 232, in check_response\n    raise exception_class(message, screen, stacktrace)\n","steps":[],"attachments":[],"parameters":[],"stepsCount":0,"shouldDisplayMessage":true,"attachmentsCount":0,"hasContent":true,"attachmentStep":false}],"attachments":[],"parameters":[],"stepsCount":1,"shouldDisplayMessage":false,"attachmentsCount":0,"hasContent":true,"attachmentStep":false},{"name":"Each test fixtures","time":{"start":1771962037347,"stop":1771962037347,"duration":0},"status":"passed","steps":[],"attachments":[],"parameters":[],"stepsCount":0,"shouldDisplayMessage":false,"attachmentsCount":0,"hasContent":false,"attachmentStep":false}],"testStage":{"status":"broken","statusMessage":"selenium.common.exceptions.TimeoutException: Message: timeout: Timed out receiving message from renderer: -0.005\n  (Session info: chrome=141.0.7390.122)\nStacktrace:\n#0 0x55e8c7065fea <unknown>\n#1 0x55e8c6ae3d06 <unknown>\n#2 0x55e8c6acbde6 <unknown>\n#3 0x55e8c6acbac9 <unknown>\n#4 0x55e8c6ac9912 <unknown>\n#5 0x55e8c6aca25f <unknown>\n#6 0x55e8c6ad8b33 <unknown>\n#7 0x55e8c6af221b <unknown>\n#8 0x55e8c6af89bb <unknown>\n#9 0x55e8c6aca99d <unknown>\n#10 0x55e8c6af1f48 <unknown>\n#11 0x55e8c6b81a0b <unknown>\n#12 0x55e8c6b5bbe3 <unknown>\n#13 0x55e8c6b282d2 <unknown>\n#14 0x55e8c6b28f91 <unknown>\n#15 0x55e8c70299e8 <unknown>\n#16 0x55e8c702d84f <unknown>\n#17 0x55e8c7010ec9 <unknown>\n#18 0x55e8c702e3f5 <unknown>\n#19 0x55e8c6ff674f <unknown>\n#20 0x55e8c7052cc8 <unknown>\n#21 0x55e8c7052ea3 <unknown>\n#22 0x55e8c7064f83 <unknown>\n#23 0x7f6a17237ac3 <unknown>","statusTrace":"request = <SubRequest 'each_ui_test_fixture' for <Function test_subscription_component_has_expected_screenshot>>\neach_test_fixtures = None\n\n    @pytest.fixture(autouse=True, scope=\"function\")\n    @allure.title(\"Each UI test fixture\")\n    def each_ui_test_fixture(request, each_test_fixtures):\n    \n        test_name = request.node.name\n        ThreadSafeTestThreadsStore().add_current_thread_to_test(test_name)\n    \n        # ---------------------------------------------------------------------\n        # Init driver\n        # ---------------------------------------------------------------------\n        with allure.step(\"Open browser\"):\n            DriverManager().init_driver()\n>           browser.open(\"/\")\n\ntests/web/conftest.py:83: \n_ _ _ _ _ _ _ _ _ _ _ _ _ _ _ _ _ _ _ _ _ _ _ _ _ _ _ _ _ _ _ _ _ _ _ _ _ _ _ _ \n/usr/local/lib/python3.13/site-packages/selene/core/_browser.py:93: in open\n    self.config._executor.get_url(relative_or_absolute_url)\n/usr/local/lib/python3.13/site-packages/selene/core/configuration.py:263: in get_url\n    self.config._driver_get_url_strategy(self.config)(url)\n/usr/local/lib/python3.13/site-packages/selene/core/configuration.py:215: in get\n    driver.get(url)\n/usr/local/lib/python3.13/site-packages/selenium/webdriver/remote/webdriver.py:452: in get\n    self.execute(Command.GET, {\"url\": url})\n/usr/local/lib/python3.13/site-packages/selenium/webdriver/remote/webdriver.py:432: in execute\n    self.error_handler.check_response(response)\n_ _ _ _ _ _ _ _ _ _ _ _ _ _ _ _ _ _ _ _ _ _ _ _ _ _ _ _ _ _ _ _ _ _ _ _ _ _ _ _ \n\nself = <selenium.webdriver.remote.errorhandler.ErrorHandler object at 0x7f25d4d3ba80>\nresponse = {'status': 500, 'value': '{\"value\":{\"error\":\"timeout\",\"message\":\"timeout: Timed out receiving message from renderer: -...\\\\n#21 0x55e8c7052ea3 \\\\u003Cunknown>\\\\n#22 0x55e8c7064f83 \\\\u003Cunknown>\\\\n#23 0x7f6a17237ac3 \\\\u003Cunknown>\\\\n\"}}'}\n\n    def check_response(self, response: dict[str, Any]) -> None:\n        \"\"\"Check that a JSON response from the WebDriver does not have an error.\n    \n        Args:\n            response: The JSON response from the WebDriver server as a dictionary\n                object.\n    \n        Raises:\n            WebDriverException: If the response contains an error message.\n        \"\"\"\n        status = response.get(\"status\", None)\n        if not status or status == ErrorCode.SUCCESS:\n            return\n        value = None\n        message = response.get(\"message\", \"\")\n        screen: str = response.get(\"screen\", \"\")\n        stacktrace = None\n        if isinstance(status, int):\n            value_json = response.get(\"value\", None)\n            if value_json and isinstance(value_json, str):\n                try:\n                    value = json.loads(value_json)\n                    if isinstance(value, dict):\n                        if len(value) == 1:\n                            value = value[\"value\"]\n                        status = value.get(\"error\", None)\n                        if not status:\n                            status = value.get(\"status\", ErrorCode.UNKNOWN_ERROR)\n                            message = value.get(\"value\") or value.get(\"message\")\n                            if not isinstance(message, str):\n                                value = message\n                                message = message.get(\"message\") if isinstance(message, dict) else None\n                        else:\n                            message = value.get(\"message\", None)\n                except ValueError:\n                    pass\n    \n        exception_class: type[WebDriverException]\n        e = ErrorCode()\n        error_codes = [item for item in dir(e) if not item.startswith(\"__\")]\n        for error_code in error_codes:\n            error_info = getattr(ErrorCode, error_code)\n            if isinstance(error_info, list) and status in error_info:\n                exception_class = getattr(ExceptionMapping, error_code, WebDriverException)\n                break\n        else:\n            exception_class = WebDriverException\n    \n        if not value:\n            value = response[\"value\"]\n        if isinstance(value, str):\n            raise exception_class(value)\n        if message == \"\" and \"message\" in value:\n            message = value[\"message\"]\n    \n        screen = None  # type: ignore[assignment]\n        if \"screen\" in value:\n            screen = value[\"screen\"]\n    \n        stacktrace = None\n        st_value = value.get(\"stackTrace\") or value.get(\"stacktrace\")\n        if st_value:\n            if isinstance(st_value, str):\n                stacktrace = st_value.split(\"\\n\")\n            else:\n                stacktrace = []\n                try:\n                    for frame in st_value:\n                        line = frame.get(\"lineNumber\", \"\")\n                        file = frame.get(\"fileName\", \"<anonymous>\")\n                        if line:\n                            file = f\"{file}:{line}\"\n                        meth = frame.get(\"methodName\", \"<anonymous>\")\n                        if \"className\" in frame:\n                            meth = f\"{frame['className']}.{meth}\"\n                        msg = \"    at %s (%s)\"\n                        msg = msg % (meth, file)\n                        stacktrace.append(msg)\n                except TypeError:\n                    pass\n        if exception_class == UnexpectedAlertPresentException:\n            alert_text = None\n            if \"data\" in value:\n                alert_text = value[\"data\"].get(\"text\")\n            elif \"alert\" in value:\n                alert_text = value[\"alert\"].get(\"text\")\n            raise exception_class(message, screen, stacktrace, alert_text)  # type: ignore[call-arg]  # mypy is not smart enough here\n>       raise exception_class(message, screen, stacktrace)\nE       selenium.common.exceptions.TimeoutException: Message: timeout: Timed out receiving message from renderer: -0.005\nE         (Session info: chrome=141.0.7390.122)\nE       Stacktrace:\nE       #0 0x55e8c7065fea <unknown>\nE       #1 0x55e8c6ae3d06 <unknown>\nE       #2 0x55e8c6acbde6 <unknown>\nE       #3 0x55e8c6acbac9 <unknown>\nE       #4 0x55e8c6ac9912 <unknown>\nE       #5 0x55e8c6aca25f <unknown>\nE       #6 0x55e8c6ad8b33 <unknown>\nE       #7 0x55e8c6af221b <unknown>\nE       #8 0x55e8c6af89bb <unknown>\nE       #9 0x55e8c6aca99d <unknown>\nE       #10 0x55e8c6af1f48 <unknown>\nE       #11 0x55e8c6b81a0b <unknown>\nE       #12 0x55e8c6b5bbe3 <unknown>\nE       #13 0x55e8c6b282d2 <unknown>\nE       #14 0x55e8c6b28f91 <unknown>\nE       #15 0x55e8c70299e8 <unknown>\nE       #16 0x55e8c702d84f <unknown>\nE       #17 0x55e8c7010ec9 <unknown>\nE       #18 0x55e8c702e3f5 <unknown>\nE       #19 0x55e8c6ff674f <unknown>\nE       #20 0x55e8c7052cc8 <unknown>\nE       #21 0x55e8c7052ea3 <unknown>\nE       #22 0x55e8c7064f83 <unknown>\nE       #23 0x7f6a17237ac3 <unknown>\n\n/usr/local/lib/python3.13/site-packages/selenium/webdriver/remote/errorhandler.py:232: TimeoutException","steps":[],"attachments":[{"uid":"5d74fe5ecac2b2ae","name":"log","source":"5d74fe5ecac2b2ae.txt","type":"text/plain","size":70},{"uid":"cc35b2d8cfe969e5","name":"stderr","source":"cc35b2d8cfe969e5.txt","type":"text/plain","size":49}],"parameters":[],"stepsCount":0,"shouldDisplayMessage":true,"attachmentsCount":2,"hasContent":true,"attachmentStep":false},"afterStages":[{"name":"Each test fixtures::0","time":{"start":1771962065335,"stop":1771962065335,"duration":0},"status":"passed","steps":[{"name":"Remove current test users from backend","time":{"start":1771962065335,"stop":1771962065335,"duration":0},"status":"passed","steps":[],"attachments":[],"parameters":[],"stepsCount":0,"shouldDisplayMessage":false,"attachmentsCount":0,"hasContent":false,"attachmentStep":false}],"attachments":[],"parameters":[],"stepsCount":1,"shouldDisplayMessage":false,"attachmentsCount":0,"hasContent":true,"attachmentStep":false},{"name":"All test fixtures::0","time":{"start":1771962310122,"stop":1771962310122,"duration":0},"status":"passed","steps":[{"name":"Remove users from backend after all tests","time":{"start":1771962310122,"stop":1771962310122,"duration":0},"status":"passed","steps":[],"attachments":[],"parameters":[],"stepsCount":0,"shouldDisplayMessage":false,"attachmentsCount":0,"hasContent":false,"attachmentStep":false}],"attachments":[],"parameters":[],"stepsCount":1,"shouldDisplayMessage":false,"attachmentsCount":0,"hasContent":true,"attachmentStep":false}],"labels":[{"name":"owner","value":"arrnel"},{"name":"story","value":"[Web] Component - Subscription component"},{"name":"feature","value":"Subscription Component"},{"name":"epic","value":"WEB Component"},{"name":"tag","value":"screenshot_test"},{"name":"tag","value":"web_test"},{"name":"tag","value":"component_test"},{"name":"tag","value":"subscription_component_test"},{"name":"parentSuite","value":"tests.web.component.base"},{"name":"suite","value":"test_subscription_component"},{"name":"subSuite","value":"TestSubscriptionComponent"},{"name":"host","value":"5e57bf7632d4"},{"name":"thread","value":"15-MainThread"},{"name":"framework","value":"pytest"},{"name":"language","value":"cpython3"},{"name":"package","value":"tests.web.component.base.test_subscription_component"},{"name":"resultFormat","value":"allure2"}],"parameters":[],"links":[],"hidden":false,"retry":false,"extra":{"severity":"normal","owner":"arrnel","retries":[],"categories":[{"name":"Test defects","matchedStatuses":[],"flaky":false}],"history":{"statistic":{"failed":0,"broken":1,"skipped":0,"passed":2,"unknown":0,"total":3},"items":[{"uid":"341a64efa5009ed9","reportUrl":"https://arrnel.github.io/automation-exercise-py/nightly/4/#testresult/341a64efa5009ed9","status":"passed","time":{"start":1771954413035,"stop":1771954413456,"duration":421}},{"uid":"db8ca2e14799016c","reportUrl":"https://arrnel.github.io/automation-exercise-py/nightly/2/#testresult/db8ca2e14799016c","status":"passed","time":{"start":1771718042682,"stop":1771718043405,"duration":723}}]},"tags":["web_test","screenshot_test","component_test","subscription_component_test"]},"source":"5928c18d0a47942.json","parameterValues":[]}