{"uid":"ba9304a5e3d229e2","name":"[WEB Component] Pay with valid card should show success status message. Case: valid: common latin name","fullName":"tests.web.component.payment.test_payment_component.TestPaymentComponent#test_payment_with_valid_card","historyId":"e3ac546ac04f0c066996e9037f36ef15","time":{"start":1771961352551,"stop":1771961352551,"duration":0},"status":"broken","statusMessage":"selenium.common.exceptions.TimeoutException: Message: timeout: Timed out receiving message from renderer: -0.006\n  (Session info: chrome=141.0.7390.122)\nStacktrace:\n#0 0x5587c41e1fea <unknown>\n#1 0x5587c3c5fd06 <unknown>\n#2 0x5587c3c47de6 <unknown>\n#3 0x5587c3c47ac9 <unknown>\n#4 0x5587c3c45912 <unknown>\n#5 0x5587c3c4625f <unknown>\n#6 0x5587c3c54b33 <unknown>\n#7 0x5587c3c6e21b <unknown>\n#8 0x5587c3c749bb <unknown>\n#9 0x5587c3c4699d <unknown>\n#10 0x5587c3c6df48 <unknown>\n#11 0x5587c3cfda0b <unknown>\n#12 0x5587c3cd7be3 <unknown>\n#13 0x5587c3ca42d2 <unknown>\n#14 0x5587c3ca4f91 <unknown>\n#15 0x5587c41a59e8 <unknown>\n#16 0x5587c41a984f <unknown>\n#17 0x5587c418cec9 <unknown>\n#18 0x5587c41aa3f5 <unknown>\n#19 0x5587c417274f <unknown>\n#20 0x5587c41cecc8 <unknown>\n#21 0x5587c41ceea3 <unknown>\n#22 0x5587c41e0f83 <unknown>\n#23 0x7f19347edac3 <unknown>","statusTrace":"request = <SubRequest 'each_ui_test_fixture' for <Function test_payment_with_valid_card[valid: common latin name]>>\neach_test_fixtures = None\n\n    @pytest.fixture(autouse=True, scope=\"function\")\n    @allure.title(\"Each UI test fixture\")\n    def each_ui_test_fixture(request, each_test_fixtures):\n    \n        test_name = request.node.name\n        ThreadSafeTestThreadsStore().add_current_thread_to_test(test_name)\n    \n        # ---------------------------------------------------------------------\n        # Init driver\n        # ---------------------------------------------------------------------\n        with allure.step(\"Open browser\"):\n            DriverManager().init_driver()\n>           browser.open(\"/\")\n\ntests/web/conftest.py:83: \n_ _ _ _ _ _ _ _ _ _ _ _ _ _ _ _ _ _ _ _ _ _ _ _ _ _ _ _ _ _ _ _ _ _ _ _ _ _ _ _ \n/usr/local/lib/python3.13/site-packages/selene/core/_browser.py:93: in open\n    self.config._executor.get_url(relative_or_absolute_url)\n/usr/local/lib/python3.13/site-packages/selene/core/configuration.py:263: in get_url\n    self.config._driver_get_url_strategy(self.config)(url)\n/usr/local/lib/python3.13/site-packages/selene/core/configuration.py:215: in get\n    driver.get(url)\n/usr/local/lib/python3.13/site-packages/selenium/webdriver/remote/webdriver.py:452: in get\n    self.execute(Command.GET, {\"url\": url})\n/usr/local/lib/python3.13/site-packages/selenium/webdriver/remote/webdriver.py:432: in execute\n    self.error_handler.check_response(response)\n_ _ _ _ _ _ _ _ _ _ _ _ _ _ _ _ _ _ _ _ _ _ _ _ _ _ _ _ _ _ _ _ _ _ _ _ _ _ _ _ \n\nself = <selenium.webdriver.remote.errorhandler.ErrorHandler object at 0x7fd368112d60>\nresponse = {'status': 500, 'value': '{\"value\":{\"error\":\"timeout\",\"message\":\"timeout: Timed out receiving message from renderer: -...\\\\n#21 0x5587c41ceea3 \\\\u003Cunknown>\\\\n#22 0x5587c41e0f83 \\\\u003Cunknown>\\\\n#23 0x7f19347edac3 \\\\u003Cunknown>\\\\n\"}}'}\n\n    def check_response(self, response: dict[str, Any]) -> None:\n        \"\"\"Check that a JSON response from the WebDriver does not have an error.\n    \n        Args:\n            response: The JSON response from the WebDriver server as a dictionary\n                object.\n    \n        Raises:\n            WebDriverException: If the response contains an error message.\n        \"\"\"\n        status = response.get(\"status\", None)\n        if not status or status == ErrorCode.SUCCESS:\n            return\n        value = None\n        message = response.get(\"message\", \"\")\n        screen: str = response.get(\"screen\", \"\")\n        stacktrace = None\n        if isinstance(status, int):\n            value_json = response.get(\"value\", None)\n            if value_json and isinstance(value_json, str):\n                try:\n                    value = json.loads(value_json)\n                    if isinstance(value, dict):\n                        if len(value) == 1:\n                            value = value[\"value\"]\n                        status = value.get(\"error\", None)\n                        if not status:\n                            status = value.get(\"status\", ErrorCode.UNKNOWN_ERROR)\n                            message = value.get(\"value\") or value.get(\"message\")\n                            if not isinstance(message, str):\n                                value = message\n                                message = message.get(\"message\") if isinstance(message, dict) else None\n                        else:\n                            message = value.get(\"message\", None)\n                except ValueError:\n                    pass\n    \n        exception_class: type[WebDriverException]\n        e = ErrorCode()\n        error_codes = [item for item in dir(e) if not item.startswith(\"__\")]\n        for error_code in error_codes:\n            error_info = getattr(ErrorCode, error_code)\n            if isinstance(error_info, list) and status in error_info:\n                exception_class = getattr(ExceptionMapping, error_code, WebDriverException)\n                break\n        else:\n            exception_class = WebDriverException\n    \n        if not value:\n            value = response[\"value\"]\n        if isinstance(value, str):\n            raise exception_class(value)\n        if message == \"\" and \"message\" in value:\n            message = value[\"message\"]\n    \n        screen = None  # type: ignore[assignment]\n        if \"screen\" in value:\n            screen = value[\"screen\"]\n    \n        stacktrace = None\n        st_value = value.get(\"stackTrace\") or value.get(\"stacktrace\")\n        if st_value:\n            if isinstance(st_value, str):\n                stacktrace = st_value.split(\"\\n\")\n            else:\n                stacktrace = []\n                try:\n                    for frame in st_value:\n                        line = frame.get(\"lineNumber\", \"\")\n                        file = frame.get(\"fileName\", \"<anonymous>\")\n                        if line:\n                            file = f\"{file}:{line}\"\n                        meth = frame.get(\"methodName\", \"<anonymous>\")\n                        if \"className\" in frame:\n                            meth = f\"{frame['className']}.{meth}\"\n                        msg = \"    at %s (%s)\"\n                        msg = msg % (meth, file)\n                        stacktrace.append(msg)\n                except TypeError:\n                    pass\n        if exception_class == UnexpectedAlertPresentException:\n            alert_text = None\n            if \"data\" in value:\n                alert_text = value[\"data\"].get(\"text\")\n            elif \"alert\" in value:\n                alert_text = value[\"alert\"].get(\"text\")\n            raise exception_class(message, screen, stacktrace, alert_text)  # type: ignore[call-arg]  # mypy is not smart enough here\n>       raise exception_class(message, screen, stacktrace)\nE       selenium.common.exceptions.TimeoutException: Message: timeout: Timed out receiving message from renderer: -0.006\nE         (Session info: chrome=141.0.7390.122)\nE       Stacktrace:\nE       #0 0x5587c41e1fea <unknown>\nE       #1 0x5587c3c5fd06 <unknown>\nE       #2 0x5587c3c47de6 <unknown>\nE       #3 0x5587c3c47ac9 <unknown>\nE       #4 0x5587c3c45912 <unknown>\nE       #5 0x5587c3c4625f <unknown>\nE       #6 0x5587c3c54b33 <unknown>\nE       #7 0x5587c3c6e21b <unknown>\nE       #8 0x5587c3c749bb <unknown>\nE       #9 0x5587c3c4699d <unknown>\nE       #10 0x5587c3c6df48 <unknown>\nE       #11 0x5587c3cfda0b <unknown>\nE       #12 0x5587c3cd7be3 <unknown>\nE       #13 0x5587c3ca42d2 <unknown>\nE       #14 0x5587c3ca4f91 <unknown>\nE       #15 0x5587c41a59e8 <unknown>\nE       #16 0x5587c41a984f <unknown>\nE       #17 0x5587c418cec9 <unknown>\nE       #18 0x5587c41aa3f5 <unknown>\nE       #19 0x5587c417274f <unknown>\nE       #20 0x5587c41cecc8 <unknown>\nE       #21 0x5587c41ceea3 <unknown>\nE       #22 0x5587c41e0f83 <unknown>\nE       #23 0x7f19347edac3 <unknown>\n\n/usr/local/lib/python3.13/site-packages/selenium/webdriver/remote/errorhandler.py:232: TimeoutException","flaky":false,"newFailed":false,"newBroken":false,"newPassed":false,"retriesCount":0,"retriesStatusChange":false,"beforeStages":[{"name":"_session_faker","time":{"start":1771960516286,"stop":1771960516287,"duration":1},"status":"passed","steps":[],"attachments":[],"parameters":[],"stepsCount":0,"shouldDisplayMessage":false,"attachmentsCount":0,"hasContent":false,"attachmentStep":false},{"name":"All test fixtures","time":{"start":1771960516287,"stop":1771960516288,"duration":1},"status":"passed","steps":[{"name":"Tests configuration data","time":{"start":1771960516287,"stop":1771960516288,"duration":1},"status":"passed","steps":[],"attachments":[{"uid":"11c42ac5d01f1065","name":"Configuration","source":"11c42ac5d01f1065.txt","type":"text/plain","size":1705}],"parameters":[],"stepsCount":0,"shouldDisplayMessage":false,"attachmentsCount":1,"hasContent":true,"attachmentStep":false}],"attachments":[],"parameters":[],"stepsCount":1,"shouldDisplayMessage":false,"attachmentsCount":1,"hasContent":true,"attachmentStep":false},{"name":"All UI tests fixture","time":{"start":1771960838656,"stop":1771960838656,"duration":0},"status":"passed","steps":[],"attachments":[],"parameters":[],"stepsCount":0,"shouldDisplayMessage":false,"attachmentsCount":0,"hasContent":false,"attachmentStep":false},{"name":"Each test fixtures","time":{"start":1771961352551,"stop":1771961352551,"duration":0},"status":"passed","steps":[],"attachments":[],"parameters":[],"stepsCount":0,"shouldDisplayMessage":false,"attachmentsCount":0,"hasContent":false,"attachmentStep":false},{"name":"Each UI test fixture","time":{"start":1771961352552,"stop":1771961379127,"duration":26575},"status":"broken","statusMessage":"selenium.common.exceptions.TimeoutException: Message: timeout: Timed out receiving message from renderer: -0.006\n  (Session info: chrome=141.0.7390.122)\nStacktrace:\n#0 0x5587c41e1fea <unknown>\n#1 0x5587c3c5fd06 <unknown>\n#2 0x5587c3c47de6 <unknown>\n#3 0x5587c3c47ac9 <unknown>\n#4 0x5587c3c45912 <unknown>\n#5 0x5587c3c4625f <unknown>\n#6 0x5587c3c54b33 <unknown>\n#7 0x5587c3c6e21b <unknown>\n#8 0x5587c3c749bb <unknown>\n#9 0x5587c3c4699d <unknown>\n#10 0x5587c3c6df48 <unknown>\n#11 0x5587c3cfda0b <unknown>\n#12 0x5587c3cd7be3 <unknown>\n#13 0x5587c3ca42d2 <unknown>\n#14 0x5587c3ca4f91 <unknown>\n#15 0x5587c41a59e8 <unknown>\n#16 0x5587c41a984f <unknown>\n#17 0x5587c418cec9 <unknown>\n#18 0x5587c41aa3f5 <unknown>\n#19 0x5587c417274f <unknown>\n#20 0x5587c41cecc8 <unknown>\n#21 0x5587c41ceea3 <unknown>\n#22 0x5587c41e0f83 <unknown>\n#23 0x7f19347edac3 <unknown>\n\n","statusTrace":"  File \"/usr/local/lib/python3.13/site-packages/pluggy/_callers.py\", line 38, in run_old_style_hookwrapper\n    res = yield\n          ^^^^^\n  File \"/usr/local/lib/python3.13/site-packages/pluggy/_callers.py\", line 139, in _multicall\n    teardown.throw(exception)\n    ~~~~~~~~~~~~~~^^^^^^^^^^^\n  File \"/usr/local/lib/python3.13/site-packages/pluggy/_callers.py\", line 53, in run_old_style_hookwrapper\n    return result.get_result()\n           ~~~~~~~~~~~~~~~~~^^\n  File \"/usr/local/lib/python3.13/site-packages/pluggy/_result.py\", line 103, in get_result\n    raise exc.with_traceback(tb)\n  File \"/usr/local/lib/python3.13/site-packages/pluggy/_callers.py\", line 38, in run_old_style_hookwrapper\n    res = yield\n          ^^^^^\n  File \"/usr/local/lib/python3.13/site-packages/pluggy/_callers.py\", line 139, in _multicall\n    teardown.throw(exception)\n    ~~~~~~~~~~~~~~^^^^^^^^^^^\n  File \"/usr/local/lib/python3.13/site-packages/_pytest/setuponly.py\", line 36, in pytest_fixture_setup\n    return (yield)\n            ^^^^^\n  File \"/usr/local/lib/python3.13/site-packages/pluggy/_callers.py\", line 121, in _multicall\n    res = hook_impl.function(*args)\n  File \"/usr/local/lib/python3.13/site-packages/_pytest/fixtures.py\", line 1196, in pytest_fixture_setup\n    result = call_fixture_func(fixturefunc, request, kwargs)\n  File \"/usr/local/lib/python3.13/site-packages/_pytest/fixtures.py\", line 923, in call_fixture_func\n    fixture_result = next(generator)\n  File \"/automation-exercise-py/tests/web/conftest.py\", line 83, in each_ui_test_fixture\n    browser.open(\"/\")\n    ~~~~~~~~~~~~^^^^^\n  File \"/usr/local/lib/python3.13/site-packages/selene/core/_browser.py\", line 93, in open\n    self.config._executor.get_url(relative_or_absolute_url)\n    ~~~~~~~~~~~~~~~~~~~~~~~~~~~~~^^^^^^^^^^^^^^^^^^^^^^^^^^\n  File \"/usr/local/lib/python3.13/site-packages/selene/core/configuration.py\", line 263, in get_url\n    self.config._driver_get_url_strategy(self.config)(url)\n    ~~~~~~~~~~~~~~~~~~~~~~~~~~~~~~~~~~~~~~~~~~~~~~~~~^^^^^\n  File \"/usr/local/lib/python3.13/site-packages/selene/core/configuration.py\", line 215, in get\n    driver.get(url)\n    ~~~~~~~~~~^^^^^\n  File \"/usr/local/lib/python3.13/site-packages/selenium/webdriver/remote/webdriver.py\", line 452, in get\n    self.execute(Command.GET, {\"url\": url})\n    ~~~~~~~~~~~~^^^^^^^^^^^^^^^^^^^^^^^^^^^\n  File \"/usr/local/lib/python3.13/site-packages/selenium/webdriver/remote/webdriver.py\", line 432, in execute\n    self.error_handler.check_response(response)\n    ~~~~~~~~~~~~~~~~~~~~~~~~~~~~~~~~~^^^^^^^^^^\n  File \"/usr/local/lib/python3.13/site-packages/selenium/webdriver/remote/errorhandler.py\", line 232, in check_response\n    raise exception_class(message, screen, stacktrace)\n","steps":[{"name":"Open browser","time":{"start":1771961352552,"stop":1771961379126,"duration":26574},"status":"broken","statusMessage":"selenium.common.exceptions.TimeoutException: Message: timeout: Timed out receiving message from renderer: -0.006\n  (Session info: chrome=141.0.7390.122)\nStacktrace:\n#0 0x5587c41e1fea <unknown>\n#1 0x5587c3c5fd06 <unknown>\n#2 0x5587c3c47de6 <unknown>\n#3 0x5587c3c47ac9 <unknown>\n#4 0x5587c3c45912 <unknown>\n#5 0x5587c3c4625f <unknown>\n#6 0x5587c3c54b33 <unknown>\n#7 0x5587c3c6e21b <unknown>\n#8 0x5587c3c749bb <unknown>\n#9 0x5587c3c4699d <unknown>\n#10 0x5587c3c6df48 <unknown>\n#11 0x5587c3cfda0b <unknown>\n#12 0x5587c3cd7be3 <unknown>\n#13 0x5587c3ca42d2 <unknown>\n#14 0x5587c3ca4f91 <unknown>\n#15 0x5587c41a59e8 <unknown>\n#16 0x5587c41a984f <unknown>\n#17 0x5587c418cec9 <unknown>\n#18 0x5587c41aa3f5 <unknown>\n#19 0x5587c417274f <unknown>\n#20 0x5587c41cecc8 <unknown>\n#21 0x5587c41ceea3 <unknown>\n#22 0x5587c41e0f83 <unknown>\n#23 0x7f19347edac3 <unknown>\n\n","statusTrace":"  File \"/automation-exercise-py/tests/web/conftest.py\", line 83, in each_ui_test_fixture\n    browser.open(\"/\")\n    ~~~~~~~~~~~~^^^^^\n  File \"/usr/local/lib/python3.13/site-packages/selene/core/_browser.py\", line 93, in open\n    self.config._executor.get_url(relative_or_absolute_url)\n    ~~~~~~~~~~~~~~~~~~~~~~~~~~~~~^^^^^^^^^^^^^^^^^^^^^^^^^^\n  File \"/usr/local/lib/python3.13/site-packages/selene/core/configuration.py\", line 263, in get_url\n    self.config._driver_get_url_strategy(self.config)(url)\n    ~~~~~~~~~~~~~~~~~~~~~~~~~~~~~~~~~~~~~~~~~~~~~~~~~^^^^^\n  File \"/usr/local/lib/python3.13/site-packages/selene/core/configuration.py\", line 215, in get\n    driver.get(url)\n    ~~~~~~~~~~^^^^^\n  File \"/usr/local/lib/python3.13/site-packages/selenium/webdriver/remote/webdriver.py\", line 452, in get\n    self.execute(Command.GET, {\"url\": url})\n    ~~~~~~~~~~~~^^^^^^^^^^^^^^^^^^^^^^^^^^^\n  File \"/usr/local/lib/python3.13/site-packages/selenium/webdriver/remote/webdriver.py\", line 432, in execute\n    self.error_handler.check_response(response)\n    ~~~~~~~~~~~~~~~~~~~~~~~~~~~~~~~~~^^^^^^^^^^\n  File \"/usr/local/lib/python3.13/site-packages/selenium/webdriver/remote/errorhandler.py\", line 232, in check_response\n    raise exception_class(message, screen, stacktrace)\n","steps":[],"attachments":[],"parameters":[],"stepsCount":0,"shouldDisplayMessage":true,"attachmentsCount":0,"hasContent":true,"attachmentStep":false}],"attachments":[],"parameters":[],"stepsCount":1,"shouldDisplayMessage":false,"attachmentsCount":0,"hasContent":true,"attachmentStep":false},{"name":"_xunit_setup_method_fixture_TestPaymentComponent","time":{"start":1771961391656,"stop":1771961391726,"duration":70},"status":"passed","steps":[],"attachments":[],"parameters":[],"stepsCount":0,"shouldDisplayMessage":false,"attachmentsCount":0,"hasContent":false,"attachmentStep":false},{"name":"Open Payment page","time":{"start":1771961391726,"stop":1771961392103,"duration":377},"status":"passed","steps":[{"name":"Open [Payment Page]: /payment","time":{"start":1771961391726,"stop":1771961392103,"duration":377},"status":"passed","steps":[],"attachments":[],"parameters":[],"stepsCount":0,"shouldDisplayMessage":false,"attachmentsCount":0,"hasContent":false,"attachmentStep":false}],"attachments":[],"parameters":[],"stepsCount":1,"shouldDisplayMessage":false,"attachmentsCount":0,"hasContent":true,"attachmentStep":false},{"name":"Create random user by api","time":{"start":1771961392103,"stop":1771961392653,"duration":550},"status":"passed","steps":[{"name":"Create user: deleonstacy@test.arrnel.gov","time":{"start":1771961392132,"stop":1771961392651,"duration":519},"status":"passed","steps":[{"name":"Send request [POST]: /createAccount","time":{"start":1771961392133,"stop":1771961392491,"duration":358},"status":"passed","steps":[],"attachments":[{"uid":"9f08c8f312b5992","name":"Request","source":"9f08c8f312b5992.txt","type":"text/plain","size":393},{"uid":"abf778d0b754a8be","name":"Response","source":"abf778d0b754a8be.txt","type":"text/plain","size":922}],"parameters":[],"stepsCount":0,"shouldDisplayMessage":false,"attachmentsCount":2,"hasContent":true,"attachmentStep":false},{"name":"Send request [GET]: /getUserDetailByEmail","time":{"start":1771961392509,"stop":1771961392608,"duration":99},"status":"passed","steps":[],"attachments":[{"uid":"384d92a0ba631036","name":"Request","source":"384d92a0ba631036.txt","type":"text/plain","size":410},{"uid":"3bd6140e9ecc9ebc","name":"Response","source":"3bd6140e9ecc9ebc.txt","type":"text/plain","size":987}],"parameters":[],"stepsCount":0,"shouldDisplayMessage":false,"attachmentsCount":2,"hasContent":true,"attachmentStep":false}],"attachments":[],"parameters":[],"stepsCount":2,"shouldDisplayMessage":false,"attachmentsCount":4,"hasContent":true,"attachmentStep":false}],"attachments":[],"parameters":[],"stepsCount":3,"shouldDisplayMessage":false,"attachmentsCount":4,"hasContent":true,"attachmentStep":false},{"name":"Auth by random user","time":{"start":1771961392653,"stop":1771961393517,"duration":864},"status":"passed","steps":[{"name":"Sign in by email = [deleonstacy@test.arrnel.gov] and password = [12345]","time":{"start":1771961392664,"stop":1771961393368,"duration":704},"status":"passed","steps":[{"name":"Send request [GET]: /login","time":{"start":1771961392665,"stop":1771961392969,"duration":304},"status":"passed","steps":[],"attachments":[{"uid":"71d5e93b7377332e","name":"Request","source":"71d5e93b7377332e.txt","type":"text/plain","size":355},{"uid":"9fb285d4d76742f9","name":"Response","source":"9fb285d4d76742f9.txt","type":"text/plain","size":1046}],"parameters":[],"stepsCount":0,"shouldDisplayMessage":false,"attachmentsCount":2,"hasContent":true,"attachmentStep":false},{"name":"Send request [POST]: /login","time":{"start":1771961392970,"stop":1771961393368,"duration":398},"status":"passed","steps":[],"attachments":[{"uid":"377309be3dd827a0","name":"Request","source":"377309be3dd827a0.txt","type":"text/plain","size":533},{"uid":"9f97caa74bb112ee","name":"Response","source":"9f97caa74bb112ee.txt","type":"text/plain","size":1041}],"parameters":[],"stepsCount":0,"shouldDisplayMessage":false,"attachmentsCount":2,"hasContent":true,"attachmentStep":false}],"attachments":[],"parameters":[],"stepsCount":2,"shouldDisplayMessage":false,"attachmentsCount":4,"hasContent":true,"attachmentStep":false}],"attachments":[],"parameters":[],"stepsCount":3,"shouldDisplayMessage":false,"attachmentsCount":4,"hasContent":true,"attachmentStep":false},{"name":"Add random products to cart","time":{"start":1771961393517,"stop":1771961394483,"duration":966},"status":"passed","steps":[{"name":"Add products to cart","time":{"start":1771961393530,"stop":1771961394298,"duration":768},"status":"passed","steps":[{"name":"Add [8] product(s) by id = [24] to cart","time":{"start":1771961393530,"stop":1771961393861,"duration":331},"status":"passed","steps":[{"name":"Send request [GET]: /add_to_cart/24","time":{"start":1771961393530,"stop":1771961393861,"duration":331},"status":"passed","steps":[],"attachments":[{"uid":"fdf1fa84085ed0b1","name":"Request","source":"fdf1fa84085ed0b1.txt","type":"text/plain","size":507},{"uid":"769bfb3833e064f0","name":"Response","source":"769bfb3833e064f0.txt","type":"text/plain","size":905}],"parameters":[],"stepsCount":0,"shouldDisplayMessage":false,"attachmentsCount":2,"hasContent":true,"attachmentStep":false}],"attachments":[],"parameters":[],"stepsCount":1,"shouldDisplayMessage":false,"attachmentsCount":2,"hasContent":true,"attachmentStep":false},{"name":"Add [1] product(s) by id = [14] to cart","time":{"start":1771961393861,"stop":1771961393962,"duration":101},"status":"passed","steps":[{"name":"Send request [GET]: /add_to_cart/14","time":{"start":1771961393861,"stop":1771961393962,"duration":101},"status":"passed","steps":[],"attachments":[{"uid":"b1af42d3b3b3ef86","name":"Request","source":"b1af42d3b3b3ef86.txt","type":"text/plain","size":507},{"uid":"b752a4eb5c36c990","name":"Response","source":"b752a4eb5c36c990.txt","type":"text/plain","size":899}],"parameters":[],"stepsCount":0,"shouldDisplayMessage":false,"attachmentsCount":2,"hasContent":true,"attachmentStep":false}],"attachments":[],"parameters":[],"stepsCount":1,"shouldDisplayMessage":false,"attachmentsCount":2,"hasContent":true,"attachmentStep":false},{"name":"Add [1] product(s) by id = [21] to cart","time":{"start":1771961393963,"stop":1771961394064,"duration":101},"status":"passed","steps":[{"name":"Send request [GET]: /add_to_cart/21","time":{"start":1771961393963,"stop":1771961394064,"duration":101},"status":"passed","steps":[],"attachments":[{"uid":"603f0ed6f36de2c5","name":"Request","source":"603f0ed6f36de2c5.txt","type":"text/plain","size":507},{"uid":"b6854104ea1daf42","name":"Response","source":"b6854104ea1daf42.txt","type":"text/plain","size":901}],"parameters":[],"stepsCount":0,"shouldDisplayMessage":false,"attachmentsCount":2,"hasContent":true,"attachmentStep":false}],"attachments":[],"parameters":[],"stepsCount":1,"shouldDisplayMessage":false,"attachmentsCount":2,"hasContent":true,"attachmentStep":false},{"name":"Add [7] product(s) by id = [40] to cart","time":{"start":1771961394065,"stop":1771961394169,"duration":104},"status":"passed","steps":[{"name":"Send request [GET]: /add_to_cart/40","time":{"start":1771961394065,"stop":1771961394169,"duration":104},"status":"passed","steps":[],"attachments":[{"uid":"a4af67ae054475fe","name":"Request","source":"a4af67ae054475fe.txt","type":"text/plain","size":507},{"uid":"e88f1dd75f39ad64","name":"Response","source":"e88f1dd75f39ad64.txt","type":"text/plain","size":901}],"parameters":[],"stepsCount":0,"shouldDisplayMessage":false,"attachmentsCount":2,"hasContent":true,"attachmentStep":false}],"attachments":[],"parameters":[],"stepsCount":1,"shouldDisplayMessage":false,"attachmentsCount":2,"hasContent":true,"attachmentStep":false},{"name":"Add [3] product(s) by id = [28] to cart","time":{"start":1771961394169,"stop":1771961394298,"duration":129},"status":"passed","steps":[{"name":"Send request [GET]: /add_to_cart/28","time":{"start":1771961394169,"stop":1771961394298,"duration":129},"status":"passed","steps":[],"attachments":[{"uid":"1bb38d005becdb0f","name":"Request","source":"1bb38d005becdb0f.txt","type":"text/plain","size":507},{"uid":"9eaf43ae489e1ab0","name":"Response","source":"9eaf43ae489e1ab0.txt","type":"text/plain","size":897}],"parameters":[],"stepsCount":0,"shouldDisplayMessage":false,"attachmentsCount":2,"hasContent":true,"attachmentStep":false}],"attachments":[],"parameters":[],"stepsCount":1,"shouldDisplayMessage":false,"attachmentsCount":2,"hasContent":true,"attachmentStep":false}],"attachments":[],"parameters":[],"stepsCount":10,"shouldDisplayMessage":false,"attachmentsCount":10,"hasContent":true,"attachmentStep":false}],"attachments":[],"parameters":[],"stepsCount":11,"shouldDisplayMessage":false,"attachmentsCount":10,"hasContent":true,"attachmentStep":false}],"testStage":{"status":"broken","statusMessage":"selenium.common.exceptions.TimeoutException: Message: timeout: Timed out receiving message from renderer: -0.006\n  (Session info: chrome=141.0.7390.122)\nStacktrace:\n#0 0x5587c41e1fea <unknown>\n#1 0x5587c3c5fd06 <unknown>\n#2 0x5587c3c47de6 <unknown>\n#3 0x5587c3c47ac9 <unknown>\n#4 0x5587c3c45912 <unknown>\n#5 0x5587c3c4625f <unknown>\n#6 0x5587c3c54b33 <unknown>\n#7 0x5587c3c6e21b <unknown>\n#8 0x5587c3c749bb <unknown>\n#9 0x5587c3c4699d <unknown>\n#10 0x5587c3c6df48 <unknown>\n#11 0x5587c3cfda0b <unknown>\n#12 0x5587c3cd7be3 <unknown>\n#13 0x5587c3ca42d2 <unknown>\n#14 0x5587c3ca4f91 <unknown>\n#15 0x5587c41a59e8 <unknown>\n#16 0x5587c41a984f <unknown>\n#17 0x5587c418cec9 <unknown>\n#18 0x5587c41aa3f5 <unknown>\n#19 0x5587c417274f <unknown>\n#20 0x5587c41cecc8 <unknown>\n#21 0x5587c41ceea3 <unknown>\n#22 0x5587c41e0f83 <unknown>\n#23 0x7f19347edac3 <unknown>","statusTrace":"request = <SubRequest 'each_ui_test_fixture' for <Function test_payment_with_valid_card[valid: common latin name]>>\neach_test_fixtures = None\n\n    @pytest.fixture(autouse=True, scope=\"function\")\n    @allure.title(\"Each UI test fixture\")\n    def each_ui_test_fixture(request, each_test_fixtures):\n    \n        test_name = request.node.name\n        ThreadSafeTestThreadsStore().add_current_thread_to_test(test_name)\n    \n        # ---------------------------------------------------------------------\n        # Init driver\n        # ---------------------------------------------------------------------\n        with allure.step(\"Open browser\"):\n            DriverManager().init_driver()\n>           browser.open(\"/\")\n\ntests/web/conftest.py:83: \n_ _ _ _ _ _ _ _ _ _ _ _ _ _ _ _ _ _ _ _ _ _ _ _ _ _ _ _ _ _ _ _ _ _ _ _ _ _ _ _ \n/usr/local/lib/python3.13/site-packages/selene/core/_browser.py:93: in open\n    self.config._executor.get_url(relative_or_absolute_url)\n/usr/local/lib/python3.13/site-packages/selene/core/configuration.py:263: in get_url\n    self.config._driver_get_url_strategy(self.config)(url)\n/usr/local/lib/python3.13/site-packages/selene/core/configuration.py:215: in get\n    driver.get(url)\n/usr/local/lib/python3.13/site-packages/selenium/webdriver/remote/webdriver.py:452: in get\n    self.execute(Command.GET, {\"url\": url})\n/usr/local/lib/python3.13/site-packages/selenium/webdriver/remote/webdriver.py:432: in execute\n    self.error_handler.check_response(response)\n_ _ _ _ _ _ _ _ _ _ _ _ _ _ _ _ _ _ _ _ _ _ _ _ _ _ _ _ _ _ _ _ _ _ _ _ _ _ _ _ \n\nself = <selenium.webdriver.remote.errorhandler.ErrorHandler object at 0x7fd368112d60>\nresponse = {'status': 500, 'value': '{\"value\":{\"error\":\"timeout\",\"message\":\"timeout: Timed out receiving message from renderer: -...\\\\n#21 0x5587c41ceea3 \\\\u003Cunknown>\\\\n#22 0x5587c41e0f83 \\\\u003Cunknown>\\\\n#23 0x7f19347edac3 \\\\u003Cunknown>\\\\n\"}}'}\n\n    def check_response(self, response: dict[str, Any]) -> None:\n        \"\"\"Check that a JSON response from the WebDriver does not have an error.\n    \n        Args:\n            response: The JSON response from the WebDriver server as a dictionary\n                object.\n    \n        Raises:\n            WebDriverException: If the response contains an error message.\n        \"\"\"\n        status = response.get(\"status\", None)\n        if not status or status == ErrorCode.SUCCESS:\n            return\n        value = None\n        message = response.get(\"message\", \"\")\n        screen: str = response.get(\"screen\", \"\")\n        stacktrace = None\n        if isinstance(status, int):\n            value_json = response.get(\"value\", None)\n            if value_json and isinstance(value_json, str):\n                try:\n                    value = json.loads(value_json)\n                    if isinstance(value, dict):\n                        if len(value) == 1:\n                            value = value[\"value\"]\n                        status = value.get(\"error\", None)\n                        if not status:\n                            status = value.get(\"status\", ErrorCode.UNKNOWN_ERROR)\n                            message = value.get(\"value\") or value.get(\"message\")\n                            if not isinstance(message, str):\n                                value = message\n                                message = message.get(\"message\") if isinstance(message, dict) else None\n                        else:\n                            message = value.get(\"message\", None)\n                except ValueError:\n                    pass\n    \n        exception_class: type[WebDriverException]\n        e = ErrorCode()\n        error_codes = [item for item in dir(e) if not item.startswith(\"__\")]\n        for error_code in error_codes:\n            error_info = getattr(ErrorCode, error_code)\n            if isinstance(error_info, list) and status in error_info:\n                exception_class = getattr(ExceptionMapping, error_code, WebDriverException)\n                break\n        else:\n            exception_class = WebDriverException\n    \n        if not value:\n            value = response[\"value\"]\n        if isinstance(value, str):\n            raise exception_class(value)\n        if message == \"\" and \"message\" in value:\n            message = value[\"message\"]\n    \n        screen = None  # type: ignore[assignment]\n        if \"screen\" in value:\n            screen = value[\"screen\"]\n    \n        stacktrace = None\n        st_value = value.get(\"stackTrace\") or value.get(\"stacktrace\")\n        if st_value:\n            if isinstance(st_value, str):\n                stacktrace = st_value.split(\"\\n\")\n            else:\n                stacktrace = []\n                try:\n                    for frame in st_value:\n                        line = frame.get(\"lineNumber\", \"\")\n                        file = frame.get(\"fileName\", \"<anonymous>\")\n                        if line:\n                            file = f\"{file}:{line}\"\n                        meth = frame.get(\"methodName\", \"<anonymous>\")\n                        if \"className\" in frame:\n                            meth = f\"{frame['className']}.{meth}\"\n                        msg = \"    at %s (%s)\"\n                        msg = msg % (meth, file)\n                        stacktrace.append(msg)\n                except TypeError:\n                    pass\n        if exception_class == UnexpectedAlertPresentException:\n            alert_text = None\n            if \"data\" in value:\n                alert_text = value[\"data\"].get(\"text\")\n            elif \"alert\" in value:\n                alert_text = value[\"alert\"].get(\"text\")\n            raise exception_class(message, screen, stacktrace, alert_text)  # type: ignore[call-arg]  # mypy is not smart enough here\n>       raise exception_class(message, screen, stacktrace)\nE       selenium.common.exceptions.TimeoutException: Message: timeout: Timed out receiving message from renderer: -0.006\nE         (Session info: chrome=141.0.7390.122)\nE       Stacktrace:\nE       #0 0x5587c41e1fea <unknown>\nE       #1 0x5587c3c5fd06 <unknown>\nE       #2 0x5587c3c47de6 <unknown>\nE       #3 0x5587c3c47ac9 <unknown>\nE       #4 0x5587c3c45912 <unknown>\nE       #5 0x5587c3c4625f <unknown>\nE       #6 0x5587c3c54b33 <unknown>\nE       #7 0x5587c3c6e21b <unknown>\nE       #8 0x5587c3c749bb <unknown>\nE       #9 0x5587c3c4699d <unknown>\nE       #10 0x5587c3c6df48 <unknown>\nE       #11 0x5587c3cfda0b <unknown>\nE       #12 0x5587c3cd7be3 <unknown>\nE       #13 0x5587c3ca42d2 <unknown>\nE       #14 0x5587c3ca4f91 <unknown>\nE       #15 0x5587c41a59e8 <unknown>\nE       #16 0x5587c41a984f <unknown>\nE       #17 0x5587c418cec9 <unknown>\nE       #18 0x5587c41aa3f5 <unknown>\nE       #19 0x5587c417274f <unknown>\nE       #20 0x5587c41cecc8 <unknown>\nE       #21 0x5587c41ceea3 <unknown>\nE       #22 0x5587c41e0f83 <unknown>\nE       #23 0x7f19347edac3 <unknown>\n\n/usr/local/lib/python3.13/site-packages/selenium/webdriver/remote/errorhandler.py:232: TimeoutException","steps":[],"attachments":[{"uid":"8ec42dede80e83d3","name":"log","source":"8ec42dede80e83d3.txt","type":"text/plain","size":70},{"uid":"57b9ce9ae15d532b","name":"stderr","source":"57b9ce9ae15d532b.txt","type":"text/plain","size":49}],"parameters":[],"stepsCount":0,"shouldDisplayMessage":true,"attachmentsCount":2,"hasContent":true,"attachmentStep":false},"afterStages":[{"name":"Each test fixtures::0","time":{"start":1771961379185,"stop":1771961379186,"duration":1},"status":"passed","steps":[{"name":"Remove current test users from backend","time":{"start":1771961379185,"stop":1771961379186,"duration":1},"status":"passed","steps":[],"attachments":[],"parameters":[],"stepsCount":0,"shouldDisplayMessage":false,"attachmentsCount":0,"hasContent":false,"attachmentStep":false}],"attachments":[],"parameters":[],"stepsCount":1,"shouldDisplayMessage":false,"attachmentsCount":0,"hasContent":true,"attachmentStep":false},{"name":"Auth by random user::0","time":{"start":1771961396215,"stop":1771961396215,"duration":0},"status":"passed","steps":[],"attachments":[],"parameters":[],"stepsCount":0,"shouldDisplayMessage":false,"attachmentsCount":0,"hasContent":false,"attachmentStep":false},{"name":"_xunit_setup_method_fixture_TestPaymentComponent::0","time":{"start":1771961396217,"stop":1771961396217,"duration":0},"status":"passed","steps":[],"attachments":[],"parameters":[],"stepsCount":0,"shouldDisplayMessage":false,"attachmentsCount":0,"hasContent":false,"attachmentStep":false},{"name":"All test fixtures::0","time":{"start":1771961965859,"stop":1771961965859,"duration":0},"status":"passed","steps":[{"name":"Remove users from backend after all tests","time":{"start":1771961965859,"stop":1771961965859,"duration":0},"status":"passed","steps":[],"attachments":[],"parameters":[],"stepsCount":0,"shouldDisplayMessage":false,"attachmentsCount":0,"hasContent":false,"attachmentStep":false}],"attachments":[],"parameters":[],"stepsCount":1,"shouldDisplayMessage":false,"attachmentsCount":0,"hasContent":true,"attachmentStep":false}],"labels":[{"name":"epic","value":"WEB Component"},{"name":"story","value":"[Web] Component - Payment Component"},{"name":"owner","value":"arrnel"},{"name":"feature","value":"Payment Component"},{"name":"tag","value":"@pytest.mark.usefixtures('open_payment_page', 'auth_user', 'add_random_products_to_cart')"},{"name":"tag","value":"web_test"},{"name":"tag","value":"component_test"},{"name":"tag","value":"payment_page_test"},{"name":"tag","value":"payment_component_test"},{"name":"parentSuite","value":"tests.web.component.payment"},{"name":"suite","value":"test_payment_component"},{"name":"subSuite","value":"TestPaymentComponent"},{"name":"host","value":"75e9895ce463"},{"name":"thread","value":"27-MainThread"},{"name":"framework","value":"pytest"},{"name":"language","value":"cpython3"},{"name":"package","value":"tests.web.component.payment.test_payment_component"},{"name":"resultFormat","value":"allure2"}],"parameters":[{"name":"card","value":"CardInfo(\nname='John Doe',\nnumber='6011617704013064',\ncvc='699',\nexpiry_month='12',\nexpiry_year='27'\n)"},{"name":"case_title","value":"'valid: common latin name'"}],"links":[],"hidden":false,"retry":false,"extra":{"severity":"normal","owner":"arrnel","retries":[],"categories":[{"name":"Test defects","matchedStatuses":[],"flaky":false}],"tags":["web_test","payment_component_test","@pytest.mark.usefixtures('open_payment_page', 'auth_user', 'add_random_products_to_cart')","payment_page_test","component_test"]},"source":"ba9304a5e3d229e2.json","parameterValues":["CardInfo(\nname='John Doe',\nnumber='6011617704013064',\ncvc='699',\nexpiry_month='12',\nexpiry_year='27'\n)","'valid: common latin name'"]}