{"uid":"e2ed15a615fe8a21","name":"[WEB] Should add product review with valid data. Case: 'name' length = min","fullName":"tests.web.component.review.test_review_component.TestReviewComponent#test_add_review_with_valid_data","historyId":"007155613775b0ab22016781b62ee07f","time":{"start":1771961804794,"stop":1771961804794,"duration":0},"status":"broken","statusMessage":"selenium.common.exceptions.TimeoutException: Message: timeout: Timed out receiving message from renderer: -0.008\n  (Session info: chrome=141.0.7390.122)\nStacktrace:\n#0 0x5638c190bfea <unknown>\n#1 0x5638c1389d06 <unknown>\n#2 0x5638c1371de6 <unknown>\n#3 0x5638c1371ac9 <unknown>\n#4 0x5638c136f912 <unknown>\n#5 0x5638c137025f <unknown>\n#6 0x5638c137eb33 <unknown>\n#7 0x5638c139821b <unknown>\n#8 0x5638c139e9bb <unknown>\n#9 0x5638c137099d <unknown>\n#10 0x5638c1397f48 <unknown>\n#11 0x5638c1427a0b <unknown>\n#12 0x5638c1401be3 <unknown>\n#13 0x5638c13ce2d2 <unknown>\n#14 0x5638c13cef91 <unknown>\n#15 0x5638c18cf9e8 <unknown>\n#16 0x5638c18d384f <unknown>\n#17 0x5638c18b6ec9 <unknown>\n#18 0x5638c18d43f5 <unknown>\n#19 0x5638c189c74f <unknown>\n#20 0x5638c18f8cc8 <unknown>\n#21 0x5638c18f8ea3 <unknown>\n#22 0x5638c190af83 <unknown>\n#23 0x7f001b0ebac3 <unknown>","statusTrace":"request = <SubRequest 'each_ui_test_fixture' for <Function test_add_review_with_valid_data['name' length = min]>>\neach_test_fixtures = None\n\n    @pytest.fixture(autouse=True, scope=\"function\")\n    @allure.title(\"Each UI test fixture\")\n    def each_ui_test_fixture(request, each_test_fixtures):\n    \n        test_name = request.node.name\n        ThreadSafeTestThreadsStore().add_current_thread_to_test(test_name)\n    \n        # ---------------------------------------------------------------------\n        # Init driver\n        # ---------------------------------------------------------------------\n        with allure.step(\"Open browser\"):\n            DriverManager().init_driver()\n>           browser.open(\"/\")\n\ntests/web/conftest.py:83: \n_ _ _ _ _ _ _ _ _ _ _ _ _ _ _ _ _ _ _ _ _ _ _ _ _ _ _ _ _ _ _ _ _ _ _ _ _ _ _ _ \n/usr/local/lib/python3.13/site-packages/selene/core/_browser.py:93: in open\n    self.config._executor.get_url(relative_or_absolute_url)\n/usr/local/lib/python3.13/site-packages/selene/core/configuration.py:263: in get_url\n    self.config._driver_get_url_strategy(self.config)(url)\n/usr/local/lib/python3.13/site-packages/selene/core/configuration.py:215: in get\n    driver.get(url)\n/usr/local/lib/python3.13/site-packages/selenium/webdriver/remote/webdriver.py:452: in get\n    self.execute(Command.GET, {\"url\": url})\n/usr/local/lib/python3.13/site-packages/selenium/webdriver/remote/webdriver.py:432: in execute\n    self.error_handler.check_response(response)\n_ _ _ _ _ _ _ _ _ _ _ _ _ _ _ _ _ _ _ _ _ _ _ _ _ _ _ _ _ _ _ _ _ _ _ _ _ _ _ _ \n\nself = <selenium.webdriver.remote.errorhandler.ErrorHandler object at 0x7fd08de5ea80>\nresponse = {'status': 500, 'value': '{\"value\":{\"error\":\"timeout\",\"message\":\"timeout: Timed out receiving message from renderer: -...\\\\n#21 0x5638c18f8ea3 \\\\u003Cunknown>\\\\n#22 0x5638c190af83 \\\\u003Cunknown>\\\\n#23 0x7f001b0ebac3 \\\\u003Cunknown>\\\\n\"}}'}\n\n    def check_response(self, response: dict[str, Any]) -> None:\n        \"\"\"Check that a JSON response from the WebDriver does not have an error.\n    \n        Args:\n            response: The JSON response from the WebDriver server as a dictionary\n                object.\n    \n        Raises:\n            WebDriverException: If the response contains an error message.\n        \"\"\"\n        status = response.get(\"status\", None)\n        if not status or status == ErrorCode.SUCCESS:\n            return\n        value = None\n        message = response.get(\"message\", \"\")\n        screen: str = response.get(\"screen\", \"\")\n        stacktrace = None\n        if isinstance(status, int):\n            value_json = response.get(\"value\", None)\n            if value_json and isinstance(value_json, str):\n                try:\n                    value = json.loads(value_json)\n                    if isinstance(value, dict):\n                        if len(value) == 1:\n                            value = value[\"value\"]\n                        status = value.get(\"error\", None)\n                        if not status:\n                            status = value.get(\"status\", ErrorCode.UNKNOWN_ERROR)\n                            message = value.get(\"value\") or value.get(\"message\")\n                            if not isinstance(message, str):\n                                value = message\n                                message = message.get(\"message\") if isinstance(message, dict) else None\n                        else:\n                            message = value.get(\"message\", None)\n                except ValueError:\n                    pass\n    \n        exception_class: type[WebDriverException]\n        e = ErrorCode()\n        error_codes = [item for item in dir(e) if not item.startswith(\"__\")]\n        for error_code in error_codes:\n            error_info = getattr(ErrorCode, error_code)\n            if isinstance(error_info, list) and status in error_info:\n                exception_class = getattr(ExceptionMapping, error_code, WebDriverException)\n                break\n        else:\n            exception_class = WebDriverException\n    \n        if not value:\n            value = response[\"value\"]\n        if isinstance(value, str):\n            raise exception_class(value)\n        if message == \"\" and \"message\" in value:\n            message = value[\"message\"]\n    \n        screen = None  # type: ignore[assignment]\n        if \"screen\" in value:\n            screen = value[\"screen\"]\n    \n        stacktrace = None\n        st_value = value.get(\"stackTrace\") or value.get(\"stacktrace\")\n        if st_value:\n            if isinstance(st_value, str):\n                stacktrace = st_value.split(\"\\n\")\n            else:\n                stacktrace = []\n                try:\n                    for frame in st_value:\n                        line = frame.get(\"lineNumber\", \"\")\n                        file = frame.get(\"fileName\", \"<anonymous>\")\n                        if line:\n                            file = f\"{file}:{line}\"\n                        meth = frame.get(\"methodName\", \"<anonymous>\")\n                        if \"className\" in frame:\n                            meth = f\"{frame['className']}.{meth}\"\n                        msg = \"    at %s (%s)\"\n                        msg = msg % (meth, file)\n                        stacktrace.append(msg)\n                except TypeError:\n                    pass\n        if exception_class == UnexpectedAlertPresentException:\n            alert_text = None\n            if \"data\" in value:\n                alert_text = value[\"data\"].get(\"text\")\n            elif \"alert\" in value:\n                alert_text = value[\"alert\"].get(\"text\")\n            raise exception_class(message, screen, stacktrace, alert_text)  # type: ignore[call-arg]  # mypy is not smart enough here\n>       raise exception_class(message, screen, stacktrace)\nE       selenium.common.exceptions.TimeoutException: Message: timeout: Timed out receiving message from renderer: -0.008\nE         (Session info: chrome=141.0.7390.122)\nE       Stacktrace:\nE       #0 0x5638c190bfea <unknown>\nE       #1 0x5638c1389d06 <unknown>\nE       #2 0x5638c1371de6 <unknown>\nE       #3 0x5638c1371ac9 <unknown>\nE       #4 0x5638c136f912 <unknown>\nE       #5 0x5638c137025f <unknown>\nE       #6 0x5638c137eb33 <unknown>\nE       #7 0x5638c139821b <unknown>\nE       #8 0x5638c139e9bb <unknown>\nE       #9 0x5638c137099d <unknown>\nE       #10 0x5638c1397f48 <unknown>\nE       #11 0x5638c1427a0b <unknown>\nE       #12 0x5638c1401be3 <unknown>\nE       #13 0x5638c13ce2d2 <unknown>\nE       #14 0x5638c13cef91 <unknown>\nE       #15 0x5638c18cf9e8 <unknown>\nE       #16 0x5638c18d384f <unknown>\nE       #17 0x5638c18b6ec9 <unknown>\nE       #18 0x5638c18d43f5 <unknown>\nE       #19 0x5638c189c74f <unknown>\nE       #20 0x5638c18f8cc8 <unknown>\nE       #21 0x5638c18f8ea3 <unknown>\nE       #22 0x5638c190af83 <unknown>\nE       #23 0x7f001b0ebac3 <unknown>\n\n/usr/local/lib/python3.13/site-packages/selenium/webdriver/remote/errorhandler.py:232: TimeoutException","flaky":false,"newFailed":false,"newBroken":false,"newPassed":false,"retriesCount":0,"retriesStatusChange":false,"beforeStages":[{"name":"_session_faker","time":{"start":1771960516178,"stop":1771960516179,"duration":1},"status":"passed","steps":[],"attachments":[],"parameters":[],"stepsCount":0,"shouldDisplayMessage":false,"attachmentsCount":0,"hasContent":false,"attachmentStep":false},{"name":"All test fixtures","time":{"start":1771960516179,"stop":1771960516180,"duration":1},"status":"passed","steps":[{"name":"Tests configuration data","time":{"start":1771960516179,"stop":1771960516180,"duration":1},"status":"passed","steps":[],"attachments":[{"uid":"3afd053dc19ea7fb","name":"Configuration","source":"3afd053dc19ea7fb.txt","type":"text/plain","size":1705}],"parameters":[],"stepsCount":0,"shouldDisplayMessage":false,"attachmentsCount":1,"hasContent":true,"attachmentStep":false}],"attachments":[],"parameters":[],"stepsCount":1,"shouldDisplayMessage":false,"attachmentsCount":1,"hasContent":true,"attachmentStep":false},{"name":"All UI tests fixture","time":{"start":1771960779907,"stop":1771960779907,"duration":0},"status":"passed","steps":[],"attachments":[],"parameters":[],"stepsCount":0,"shouldDisplayMessage":false,"attachmentsCount":0,"hasContent":false,"attachmentStep":false},{"name":"Each UI test fixture","time":{"start":1771961804795,"stop":1771961821789,"duration":16994},"status":"broken","statusMessage":"selenium.common.exceptions.TimeoutException: Message: timeout: Timed out receiving message from renderer: -0.008\n  (Session info: chrome=141.0.7390.122)\nStacktrace:\n#0 0x5638c190bfea <unknown>\n#1 0x5638c1389d06 <unknown>\n#2 0x5638c1371de6 <unknown>\n#3 0x5638c1371ac9 <unknown>\n#4 0x5638c136f912 <unknown>\n#5 0x5638c137025f <unknown>\n#6 0x5638c137eb33 <unknown>\n#7 0x5638c139821b <unknown>\n#8 0x5638c139e9bb <unknown>\n#9 0x5638c137099d <unknown>\n#10 0x5638c1397f48 <unknown>\n#11 0x5638c1427a0b <unknown>\n#12 0x5638c1401be3 <unknown>\n#13 0x5638c13ce2d2 <unknown>\n#14 0x5638c13cef91 <unknown>\n#15 0x5638c18cf9e8 <unknown>\n#16 0x5638c18d384f <unknown>\n#17 0x5638c18b6ec9 <unknown>\n#18 0x5638c18d43f5 <unknown>\n#19 0x5638c189c74f <unknown>\n#20 0x5638c18f8cc8 <unknown>\n#21 0x5638c18f8ea3 <unknown>\n#22 0x5638c190af83 <unknown>\n#23 0x7f001b0ebac3 <unknown>\n\n","statusTrace":"  File \"/usr/local/lib/python3.13/site-packages/pluggy/_callers.py\", line 38, in run_old_style_hookwrapper\n    res = yield\n          ^^^^^\n  File \"/usr/local/lib/python3.13/site-packages/pluggy/_callers.py\", line 139, in _multicall\n    teardown.throw(exception)\n    ~~~~~~~~~~~~~~^^^^^^^^^^^\n  File \"/usr/local/lib/python3.13/site-packages/pluggy/_callers.py\", line 53, in run_old_style_hookwrapper\n    return result.get_result()\n           ~~~~~~~~~~~~~~~~~^^\n  File \"/usr/local/lib/python3.13/site-packages/pluggy/_result.py\", line 103, in get_result\n    raise exc.with_traceback(tb)\n  File \"/usr/local/lib/python3.13/site-packages/pluggy/_callers.py\", line 38, in run_old_style_hookwrapper\n    res = yield\n          ^^^^^\n  File \"/usr/local/lib/python3.13/site-packages/pluggy/_callers.py\", line 139, in _multicall\n    teardown.throw(exception)\n    ~~~~~~~~~~~~~~^^^^^^^^^^^\n  File \"/usr/local/lib/python3.13/site-packages/_pytest/setuponly.py\", line 36, in pytest_fixture_setup\n    return (yield)\n            ^^^^^\n  File \"/usr/local/lib/python3.13/site-packages/pluggy/_callers.py\", line 121, in _multicall\n    res = hook_impl.function(*args)\n  File \"/usr/local/lib/python3.13/site-packages/_pytest/fixtures.py\", line 1196, in pytest_fixture_setup\n    result = call_fixture_func(fixturefunc, request, kwargs)\n  File \"/usr/local/lib/python3.13/site-packages/_pytest/fixtures.py\", line 923, in call_fixture_func\n    fixture_result = next(generator)\n  File \"/automation-exercise-py/tests/web/conftest.py\", line 83, in each_ui_test_fixture\n    browser.open(\"/\")\n    ~~~~~~~~~~~~^^^^^\n  File \"/usr/local/lib/python3.13/site-packages/selene/core/_browser.py\", line 93, in open\n    self.config._executor.get_url(relative_or_absolute_url)\n    ~~~~~~~~~~~~~~~~~~~~~~~~~~~~~^^^^^^^^^^^^^^^^^^^^^^^^^^\n  File \"/usr/local/lib/python3.13/site-packages/selene/core/configuration.py\", line 263, in get_url\n    self.config._driver_get_url_strategy(self.config)(url)\n    ~~~~~~~~~~~~~~~~~~~~~~~~~~~~~~~~~~~~~~~~~~~~~~~~~^^^^^\n  File \"/usr/local/lib/python3.13/site-packages/selene/core/configuration.py\", line 215, in get\n    driver.get(url)\n    ~~~~~~~~~~^^^^^\n  File \"/usr/local/lib/python3.13/site-packages/selenium/webdriver/remote/webdriver.py\", line 452, in get\n    self.execute(Command.GET, {\"url\": url})\n    ~~~~~~~~~~~~^^^^^^^^^^^^^^^^^^^^^^^^^^^\n  File \"/usr/local/lib/python3.13/site-packages/selenium/webdriver/remote/webdriver.py\", line 432, in execute\n    self.error_handler.check_response(response)\n    ~~~~~~~~~~~~~~~~~~~~~~~~~~~~~~~~~^^^^^^^^^^\n  File \"/usr/local/lib/python3.13/site-packages/selenium/webdriver/remote/errorhandler.py\", line 232, in check_response\n    raise exception_class(message, screen, stacktrace)\n","steps":[{"name":"Open browser","time":{"start":1771961804795,"stop":1771961821788,"duration":16993},"status":"broken","statusMessage":"selenium.common.exceptions.TimeoutException: Message: timeout: Timed out receiving message from renderer: -0.008\n  (Session info: chrome=141.0.7390.122)\nStacktrace:\n#0 0x5638c190bfea <unknown>\n#1 0x5638c1389d06 <unknown>\n#2 0x5638c1371de6 <unknown>\n#3 0x5638c1371ac9 <unknown>\n#4 0x5638c136f912 <unknown>\n#5 0x5638c137025f <unknown>\n#6 0x5638c137eb33 <unknown>\n#7 0x5638c139821b <unknown>\n#8 0x5638c139e9bb <unknown>\n#9 0x5638c137099d <unknown>\n#10 0x5638c1397f48 <unknown>\n#11 0x5638c1427a0b <unknown>\n#12 0x5638c1401be3 <unknown>\n#13 0x5638c13ce2d2 <unknown>\n#14 0x5638c13cef91 <unknown>\n#15 0x5638c18cf9e8 <unknown>\n#16 0x5638c18d384f <unknown>\n#17 0x5638c18b6ec9 <unknown>\n#18 0x5638c18d43f5 <unknown>\n#19 0x5638c189c74f <unknown>\n#20 0x5638c18f8cc8 <unknown>\n#21 0x5638c18f8ea3 <unknown>\n#22 0x5638c190af83 <unknown>\n#23 0x7f001b0ebac3 <unknown>\n\n","statusTrace":"  File \"/automation-exercise-py/tests/web/conftest.py\", line 83, in each_ui_test_fixture\n    browser.open(\"/\")\n    ~~~~~~~~~~~~^^^^^\n  File \"/usr/local/lib/python3.13/site-packages/selene/core/_browser.py\", line 93, in open\n    self.config._executor.get_url(relative_or_absolute_url)\n    ~~~~~~~~~~~~~~~~~~~~~~~~~~~~~^^^^^^^^^^^^^^^^^^^^^^^^^^\n  File \"/usr/local/lib/python3.13/site-packages/selene/core/configuration.py\", line 263, in get_url\n    self.config._driver_get_url_strategy(self.config)(url)\n    ~~~~~~~~~~~~~~~~~~~~~~~~~~~~~~~~~~~~~~~~~~~~~~~~~^^^^^\n  File \"/usr/local/lib/python3.13/site-packages/selene/core/configuration.py\", line 215, in get\n    driver.get(url)\n    ~~~~~~~~~~^^^^^\n  File \"/usr/local/lib/python3.13/site-packages/selenium/webdriver/remote/webdriver.py\", line 452, in get\n    self.execute(Command.GET, {\"url\": url})\n    ~~~~~~~~~~~~^^^^^^^^^^^^^^^^^^^^^^^^^^^\n  File \"/usr/local/lib/python3.13/site-packages/selenium/webdriver/remote/webdriver.py\", line 432, in execute\n    self.error_handler.check_response(response)\n    ~~~~~~~~~~~~~~~~~~~~~~~~~~~~~~~~~^^^^^^^^^^\n  File \"/usr/local/lib/python3.13/site-packages/selenium/webdriver/remote/errorhandler.py\", line 232, in check_response\n    raise exception_class(message, screen, stacktrace)\n","steps":[],"attachments":[],"parameters":[],"stepsCount":0,"shouldDisplayMessage":true,"attachmentsCount":0,"hasContent":true,"attachmentStep":false}],"attachments":[],"parameters":[],"stepsCount":1,"shouldDisplayMessage":false,"attachmentsCount":0,"hasContent":true,"attachmentStep":false},{"name":"Each test fixtures","time":{"start":1771961804795,"stop":1771961804795,"duration":0},"status":"passed","steps":[],"attachments":[],"parameters":[],"stepsCount":0,"shouldDisplayMessage":false,"attachmentsCount":0,"hasContent":false,"attachmentStep":false},{"name":"_xunit_setup_method_fixture_TestReviewComponent","time":{"start":1771961830017,"stop":1771961830069,"duration":52},"status":"passed","steps":[],"attachments":[],"parameters":[],"stepsCount":0,"shouldDisplayMessage":false,"attachmentsCount":0,"hasContent":false,"attachmentStep":false},{"name":"Open Expected Product page","time":{"start":1771961830069,"stop":1771961830362,"duration":293},"status":"passed","steps":[{"name":"Open [Product Page]: /product_details/{URL_PATTERN.format(product_id=product_id)} [format_error: AttributeError: 'str' object has no attribute 'format(product_id=product_id)']","time":{"start":1771961830070,"stop":1771961830362,"duration":292},"status":"passed","steps":[],"attachments":[],"parameters":[],"stepsCount":0,"shouldDisplayMessage":false,"attachmentsCount":0,"hasContent":false,"attachmentStep":false}],"attachments":[],"parameters":[],"stepsCount":1,"shouldDisplayMessage":false,"attachmentsCount":0,"hasContent":true,"attachmentStep":false}],"testStage":{"status":"broken","statusMessage":"selenium.common.exceptions.TimeoutException: Message: timeout: Timed out receiving message from renderer: -0.008\n  (Session info: chrome=141.0.7390.122)\nStacktrace:\n#0 0x5638c190bfea <unknown>\n#1 0x5638c1389d06 <unknown>\n#2 0x5638c1371de6 <unknown>\n#3 0x5638c1371ac9 <unknown>\n#4 0x5638c136f912 <unknown>\n#5 0x5638c137025f <unknown>\n#6 0x5638c137eb33 <unknown>\n#7 0x5638c139821b <unknown>\n#8 0x5638c139e9bb <unknown>\n#9 0x5638c137099d <unknown>\n#10 0x5638c1397f48 <unknown>\n#11 0x5638c1427a0b <unknown>\n#12 0x5638c1401be3 <unknown>\n#13 0x5638c13ce2d2 <unknown>\n#14 0x5638c13cef91 <unknown>\n#15 0x5638c18cf9e8 <unknown>\n#16 0x5638c18d384f <unknown>\n#17 0x5638c18b6ec9 <unknown>\n#18 0x5638c18d43f5 <unknown>\n#19 0x5638c189c74f <unknown>\n#20 0x5638c18f8cc8 <unknown>\n#21 0x5638c18f8ea3 <unknown>\n#22 0x5638c190af83 <unknown>\n#23 0x7f001b0ebac3 <unknown>","statusTrace":"request = <SubRequest 'each_ui_test_fixture' for <Function test_add_review_with_valid_data['name' length = min]>>\neach_test_fixtures = None\n\n    @pytest.fixture(autouse=True, scope=\"function\")\n    @allure.title(\"Each UI test fixture\")\n    def each_ui_test_fixture(request, each_test_fixtures):\n    \n        test_name = request.node.name\n        ThreadSafeTestThreadsStore().add_current_thread_to_test(test_name)\n    \n        # ---------------------------------------------------------------------\n        # Init driver\n        # ---------------------------------------------------------------------\n        with allure.step(\"Open browser\"):\n            DriverManager().init_driver()\n>           browser.open(\"/\")\n\ntests/web/conftest.py:83: \n_ _ _ _ _ _ _ _ _ _ _ _ _ _ _ _ _ _ _ _ _ _ _ _ _ _ _ _ _ _ _ _ _ _ _ _ _ _ _ _ \n/usr/local/lib/python3.13/site-packages/selene/core/_browser.py:93: in open\n    self.config._executor.get_url(relative_or_absolute_url)\n/usr/local/lib/python3.13/site-packages/selene/core/configuration.py:263: in get_url\n    self.config._driver_get_url_strategy(self.config)(url)\n/usr/local/lib/python3.13/site-packages/selene/core/configuration.py:215: in get\n    driver.get(url)\n/usr/local/lib/python3.13/site-packages/selenium/webdriver/remote/webdriver.py:452: in get\n    self.execute(Command.GET, {\"url\": url})\n/usr/local/lib/python3.13/site-packages/selenium/webdriver/remote/webdriver.py:432: in execute\n    self.error_handler.check_response(response)\n_ _ _ _ _ _ _ _ _ _ _ _ _ _ _ _ _ _ _ _ _ _ _ _ _ _ _ _ _ _ _ _ _ _ _ _ _ _ _ _ \n\nself = <selenium.webdriver.remote.errorhandler.ErrorHandler object at 0x7fd08de5ea80>\nresponse = {'status': 500, 'value': '{\"value\":{\"error\":\"timeout\",\"message\":\"timeout: Timed out receiving message from renderer: -...\\\\n#21 0x5638c18f8ea3 \\\\u003Cunknown>\\\\n#22 0x5638c190af83 \\\\u003Cunknown>\\\\n#23 0x7f001b0ebac3 \\\\u003Cunknown>\\\\n\"}}'}\n\n    def check_response(self, response: dict[str, Any]) -> None:\n        \"\"\"Check that a JSON response from the WebDriver does not have an error.\n    \n        Args:\n            response: The JSON response from the WebDriver server as a dictionary\n                object.\n    \n        Raises:\n            WebDriverException: If the response contains an error message.\n        \"\"\"\n        status = response.get(\"status\", None)\n        if not status or status == ErrorCode.SUCCESS:\n            return\n        value = None\n        message = response.get(\"message\", \"\")\n        screen: str = response.get(\"screen\", \"\")\n        stacktrace = None\n        if isinstance(status, int):\n            value_json = response.get(\"value\", None)\n            if value_json and isinstance(value_json, str):\n                try:\n                    value = json.loads(value_json)\n                    if isinstance(value, dict):\n                        if len(value) == 1:\n                            value = value[\"value\"]\n                        status = value.get(\"error\", None)\n                        if not status:\n                            status = value.get(\"status\", ErrorCode.UNKNOWN_ERROR)\n                            message = value.get(\"value\") or value.get(\"message\")\n                            if not isinstance(message, str):\n                                value = message\n                                message = message.get(\"message\") if isinstance(message, dict) else None\n                        else:\n                            message = value.get(\"message\", None)\n                except ValueError:\n                    pass\n    \n        exception_class: type[WebDriverException]\n        e = ErrorCode()\n        error_codes = [item for item in dir(e) if not item.startswith(\"__\")]\n        for error_code in error_codes:\n            error_info = getattr(ErrorCode, error_code)\n            if isinstance(error_info, list) and status in error_info:\n                exception_class = getattr(ExceptionMapping, error_code, WebDriverException)\n                break\n        else:\n            exception_class = WebDriverException\n    \n        if not value:\n            value = response[\"value\"]\n        if isinstance(value, str):\n            raise exception_class(value)\n        if message == \"\" and \"message\" in value:\n            message = value[\"message\"]\n    \n        screen = None  # type: ignore[assignment]\n        if \"screen\" in value:\n            screen = value[\"screen\"]\n    \n        stacktrace = None\n        st_value = value.get(\"stackTrace\") or value.get(\"stacktrace\")\n        if st_value:\n            if isinstance(st_value, str):\n                stacktrace = st_value.split(\"\\n\")\n            else:\n                stacktrace = []\n                try:\n                    for frame in st_value:\n                        line = frame.get(\"lineNumber\", \"\")\n                        file = frame.get(\"fileName\", \"<anonymous>\")\n                        if line:\n                            file = f\"{file}:{line}\"\n                        meth = frame.get(\"methodName\", \"<anonymous>\")\n                        if \"className\" in frame:\n                            meth = f\"{frame['className']}.{meth}\"\n                        msg = \"    at %s (%s)\"\n                        msg = msg % (meth, file)\n                        stacktrace.append(msg)\n                except TypeError:\n                    pass\n        if exception_class == UnexpectedAlertPresentException:\n            alert_text = None\n            if \"data\" in value:\n                alert_text = value[\"data\"].get(\"text\")\n            elif \"alert\" in value:\n                alert_text = value[\"alert\"].get(\"text\")\n            raise exception_class(message, screen, stacktrace, alert_text)  # type: ignore[call-arg]  # mypy is not smart enough here\n>       raise exception_class(message, screen, stacktrace)\nE       selenium.common.exceptions.TimeoutException: Message: timeout: Timed out receiving message from renderer: -0.008\nE         (Session info: chrome=141.0.7390.122)\nE       Stacktrace:\nE       #0 0x5638c190bfea <unknown>\nE       #1 0x5638c1389d06 <unknown>\nE       #2 0x5638c1371de6 <unknown>\nE       #3 0x5638c1371ac9 <unknown>\nE       #4 0x5638c136f912 <unknown>\nE       #5 0x5638c137025f <unknown>\nE       #6 0x5638c137eb33 <unknown>\nE       #7 0x5638c139821b <unknown>\nE       #8 0x5638c139e9bb <unknown>\nE       #9 0x5638c137099d <unknown>\nE       #10 0x5638c1397f48 <unknown>\nE       #11 0x5638c1427a0b <unknown>\nE       #12 0x5638c1401be3 <unknown>\nE       #13 0x5638c13ce2d2 <unknown>\nE       #14 0x5638c13cef91 <unknown>\nE       #15 0x5638c18cf9e8 <unknown>\nE       #16 0x5638c18d384f <unknown>\nE       #17 0x5638c18b6ec9 <unknown>\nE       #18 0x5638c18d43f5 <unknown>\nE       #19 0x5638c189c74f <unknown>\nE       #20 0x5638c18f8cc8 <unknown>\nE       #21 0x5638c18f8ea3 <unknown>\nE       #22 0x5638c190af83 <unknown>\nE       #23 0x7f001b0ebac3 <unknown>\n\n/usr/local/lib/python3.13/site-packages/selenium/webdriver/remote/errorhandler.py:232: TimeoutException","steps":[],"attachments":[{"uid":"aabdd9efdbc68793","name":"log","source":"aabdd9efdbc68793.txt","type":"text/plain","size":70},{"uid":"26d19a7a49aee802","name":"stderr","source":"26d19a7a49aee802.txt","type":"text/plain","size":49}],"parameters":[],"stepsCount":0,"shouldDisplayMessage":true,"attachmentsCount":2,"hasContent":true,"attachmentStep":false},"afterStages":[{"name":"Each test fixtures::0","time":{"start":1771961821895,"stop":1771961821896,"duration":1},"status":"passed","steps":[{"name":"Remove current test users from backend","time":{"start":1771961821896,"stop":1771961821896,"duration":0},"status":"passed","steps":[],"attachments":[],"parameters":[],"stepsCount":0,"shouldDisplayMessage":false,"attachmentsCount":0,"hasContent":false,"attachmentStep":false}],"attachments":[],"parameters":[],"stepsCount":1,"shouldDisplayMessage":false,"attachmentsCount":0,"hasContent":true,"attachmentStep":false},{"name":"_xunit_setup_method_fixture_TestReviewComponent::0","time":{"start":1771961830970,"stop":1771961830970,"duration":0},"status":"passed","steps":[],"attachments":[],"parameters":[],"stepsCount":0,"shouldDisplayMessage":false,"attachmentsCount":0,"hasContent":false,"attachmentStep":false},{"name":"All test fixtures::0","time":{"start":1771961974541,"stop":1771961974542,"duration":1},"status":"passed","steps":[{"name":"Remove users from backend after all tests","time":{"start":1771961974542,"stop":1771961974542,"duration":0},"status":"passed","steps":[],"attachments":[],"parameters":[],"stepsCount":0,"shouldDisplayMessage":false,"attachmentsCount":0,"hasContent":false,"attachmentStep":false}],"attachments":[],"parameters":[],"stepsCount":1,"shouldDisplayMessage":false,"attachmentsCount":0,"hasContent":true,"attachmentStep":false}],"labels":[{"name":"epic","value":"WEB Component"},{"name":"owner","value":"arrnel"},{"name":"story","value":"[Web] Component - Review Component"},{"name":"feature","value":"Review Component"},{"name":"tag","value":"@pytest.mark.usefixtures('open_expected_product_page')"},{"name":"tag","value":"web_test"},{"name":"tag","value":"component_test"},{"name":"tag","value":"review_component_test"},{"name":"parentSuite","value":"tests.web.component.review"},{"name":"suite","value":"test_review_component"},{"name":"subSuite","value":"TestReviewComponent"},{"name":"host","value":"75e9895ce463"},{"name":"thread","value":"12-MainThread"},{"name":"framework","value":"pytest"},{"name":"language","value":"cpython3"},{"name":"package","value":"tests.web.component.review.test_review_component"},{"name":"resultFormat","value":"allure2"}],"parameters":[{"name":"case_title","value":"''name' length = min'"},{"name":"review","value":"ReviewInfo(name='vl', email='matthew66@example.net', message='But voice writer. Environment nation along staff quality white. Challenge after tell become call produce. Work foreign next spring art citizen. Interesting upon relate design business our minute. Spend station yet system energy. Learn could west company physical help charge.')"}],"links":[],"hidden":false,"retry":false,"extra":{"severity":"normal","owner":"arrnel","retries":[],"categories":[{"name":"Test defects","matchedStatuses":[],"flaky":false}],"tags":["@pytest.mark.usefixtures('open_expected_product_page')","web_test","component_test","review_component_test"]},"source":"e2ed15a615fe8a21.json","parameterValues":["''name' length = min'","ReviewInfo(name='vl', email='matthew66@example.net', message='But voice writer. Environment nation along staff quality white. Challenge after tell become call produce. Work foreign next spring art citizen. Interesting upon relate design business our minute. Spend station yet system energy. Learn could west company physical help charge.')"]}