{"uid":"4bda169a61ca1add","name":"[WEB Component] Pay with valid card should show success status message. Case: valid: common latin name","fullName":"tests.web.component.payment.test_payment_component.TestPaymentComponent#test_payment_with_valid_card","historyId":"cd8dbd1aa0adb146522aa79b694e110d","time":{"start":1772064563330,"stop":1772064563330,"duration":0},"status":"broken","statusMessage":"selenium.common.exceptions.TimeoutException: Message: timeout: Timed out receiving message from renderer: -0.006\n  (Session info: chrome=141.0.7390.122)\nStacktrace:\n#0 0x55e5f43b4fea <unknown>\n#1 0x55e5f3e32d06 <unknown>\n#2 0x55e5f3e1ade6 <unknown>\n#3 0x55e5f3e1aac9 <unknown>\n#4 0x55e5f3e18912 <unknown>\n#5 0x55e5f3e1925f <unknown>\n#6 0x55e5f3e27b33 <unknown>\n#7 0x55e5f3e4121b <unknown>\n#8 0x55e5f3e479bb <unknown>\n#9 0x55e5f3e1999d <unknown>\n#10 0x55e5f3e40f48 <unknown>\n#11 0x55e5f3ed0a0b <unknown>\n#12 0x55e5f3eaabe3 <unknown>\n#13 0x55e5f3e772d2 <unknown>\n#14 0x55e5f3e77f91 <unknown>\n#15 0x55e5f43789e8 <unknown>\n#16 0x55e5f437c84f <unknown>\n#17 0x55e5f435fec9 <unknown>\n#18 0x55e5f437d3f5 <unknown>\n#19 0x55e5f434574f <unknown>\n#20 0x55e5f43a1cc8 <unknown>\n#21 0x55e5f43a1ea3 <unknown>\n#22 0x55e5f43b3f83 <unknown>\n#23 0x7f00dc862ac3 <unknown>","statusTrace":"request = <SubRequest 'each_ui_test_fixture' for <Function test_payment_with_valid_card[valid: common latin name]>>\neach_test_fixtures = None\n\n    @pytest.fixture(autouse=True, scope=\"function\")\n    @allure.title(\"Each UI test fixture\")\n    def each_ui_test_fixture(request, each_test_fixtures):\n    \n        test_name = request.node.name\n        ThreadSafeTestThreadsStore().add_current_thread_to_test(test_name)\n    \n        # ---------------------------------------------------------------------\n        # Init driver\n        # ---------------------------------------------------------------------\n        with allure.step(\"Open browser\"):\n            DriverManager().init_driver()\n>           browser.open(\"/\")\n\ntests/web/conftest.py:83: \n_ _ _ _ _ _ _ _ _ _ _ _ _ _ _ _ _ _ _ _ _ _ _ _ _ _ _ _ _ _ _ _ _ _ _ _ _ _ _ _ \n/usr/local/lib/python3.13/site-packages/selene/core/_browser.py:93: in open\n    self.config._executor.get_url(relative_or_absolute_url)\n/usr/local/lib/python3.13/site-packages/selene/core/configuration.py:263: in get_url\n    self.config._driver_get_url_strategy(self.config)(url)\n/usr/local/lib/python3.13/site-packages/selene/core/configuration.py:215: in get\n    driver.get(url)\n/usr/local/lib/python3.13/site-packages/selenium/webdriver/remote/webdriver.py:452: in get\n    self.execute(Command.GET, {\"url\": url})\n/usr/local/lib/python3.13/site-packages/selenium/webdriver/remote/webdriver.py:432: in execute\n    self.error_handler.check_response(response)\n_ _ _ _ _ _ _ _ _ _ _ _ _ _ _ _ _ _ _ _ _ _ _ _ _ _ _ _ _ _ _ _ _ _ _ _ _ _ _ _ \n\nself = <selenium.webdriver.remote.errorhandler.ErrorHandler object at 0x7fabf289eba0>\nresponse = {'status': 500, 'value': '{\"value\":{\"error\":\"timeout\",\"message\":\"timeout: Timed out receiving message from renderer: -...\\\\n#21 0x55e5f43a1ea3 \\\\u003Cunknown>\\\\n#22 0x55e5f43b3f83 \\\\u003Cunknown>\\\\n#23 0x7f00dc862ac3 \\\\u003Cunknown>\\\\n\"}}'}\n\n    def check_response(self, response: dict[str, Any]) -> None:\n        \"\"\"Check that a JSON response from the WebDriver does not have an error.\n    \n        Args:\n            response: The JSON response from the WebDriver server as a dictionary\n                object.\n    \n        Raises:\n            WebDriverException: If the response contains an error message.\n        \"\"\"\n        status = response.get(\"status\", None)\n        if not status or status == ErrorCode.SUCCESS:\n            return\n        value = None\n        message = response.get(\"message\", \"\")\n        screen: str = response.get(\"screen\", \"\")\n        stacktrace = None\n        if isinstance(status, int):\n            value_json = response.get(\"value\", None)\n            if value_json and isinstance(value_json, str):\n                try:\n                    value = json.loads(value_json)\n                    if isinstance(value, dict):\n                        if len(value) == 1:\n                            value = value[\"value\"]\n                        status = value.get(\"error\", None)\n                        if not status:\n                            status = value.get(\"status\", ErrorCode.UNKNOWN_ERROR)\n                            message = value.get(\"value\") or value.get(\"message\")\n                            if not isinstance(message, str):\n                                value = message\n                                message = message.get(\"message\") if isinstance(message, dict) else None\n                        else:\n                            message = value.get(\"message\", None)\n                except ValueError:\n                    pass\n    \n        exception_class: type[WebDriverException]\n        e = ErrorCode()\n        error_codes = [item for item in dir(e) if not item.startswith(\"__\")]\n        for error_code in error_codes:\n            error_info = getattr(ErrorCode, error_code)\n            if isinstance(error_info, list) and status in error_info:\n                exception_class = getattr(ExceptionMapping, error_code, WebDriverException)\n                break\n        else:\n            exception_class = WebDriverException\n    \n        if not value:\n            value = response[\"value\"]\n        if isinstance(value, str):\n            raise exception_class(value)\n        if message == \"\" and \"message\" in value:\n            message = value[\"message\"]\n    \n        screen = None  # type: ignore[assignment]\n        if \"screen\" in value:\n            screen = value[\"screen\"]\n    \n        stacktrace = None\n        st_value = value.get(\"stackTrace\") or value.get(\"stacktrace\")\n        if st_value:\n            if isinstance(st_value, str):\n                stacktrace = st_value.split(\"\\n\")\n            else:\n                stacktrace = []\n                try:\n                    for frame in st_value:\n                        line = frame.get(\"lineNumber\", \"\")\n                        file = frame.get(\"fileName\", \"<anonymous>\")\n                        if line:\n                            file = f\"{file}:{line}\"\n                        meth = frame.get(\"methodName\", \"<anonymous>\")\n                        if \"className\" in frame:\n                            meth = f\"{frame['className']}.{meth}\"\n                        msg = \"    at %s (%s)\"\n                        msg = msg % (meth, file)\n                        stacktrace.append(msg)\n                except TypeError:\n                    pass\n        if exception_class == UnexpectedAlertPresentException:\n            alert_text = None\n            if \"data\" in value:\n                alert_text = value[\"data\"].get(\"text\")\n            elif \"alert\" in value:\n                alert_text = value[\"alert\"].get(\"text\")\n            raise exception_class(message, screen, stacktrace, alert_text)  # type: ignore[call-arg]  # mypy is not smart enough here\n>       raise exception_class(message, screen, stacktrace)\nE       selenium.common.exceptions.TimeoutException: Message: timeout: Timed out receiving message from renderer: -0.006\nE         (Session info: chrome=141.0.7390.122)\nE       Stacktrace:\nE       #0 0x55e5f43b4fea <unknown>\nE       #1 0x55e5f3e32d06 <unknown>\nE       #2 0x55e5f3e1ade6 <unknown>\nE       #3 0x55e5f3e1aac9 <unknown>\nE       #4 0x55e5f3e18912 <unknown>\nE       #5 0x55e5f3e1925f <unknown>\nE       #6 0x55e5f3e27b33 <unknown>\nE       #7 0x55e5f3e4121b <unknown>\nE       #8 0x55e5f3e479bb <unknown>\nE       #9 0x55e5f3e1999d <unknown>\nE       #10 0x55e5f3e40f48 <unknown>\nE       #11 0x55e5f3ed0a0b <unknown>\nE       #12 0x55e5f3eaabe3 <unknown>\nE       #13 0x55e5f3e772d2 <unknown>\nE       #14 0x55e5f3e77f91 <unknown>\nE       #15 0x55e5f43789e8 <unknown>\nE       #16 0x55e5f437c84f <unknown>\nE       #17 0x55e5f435fec9 <unknown>\nE       #18 0x55e5f437d3f5 <unknown>\nE       #19 0x55e5f434574f <unknown>\nE       #20 0x55e5f43a1cc8 <unknown>\nE       #21 0x55e5f43a1ea3 <unknown>\nE       #22 0x55e5f43b3f83 <unknown>\nE       #23 0x7f00dc862ac3 <unknown>\n\n/usr/local/lib/python3.13/site-packages/selenium/webdriver/remote/errorhandler.py:232: TimeoutException","flaky":false,"newFailed":false,"newBroken":false,"newPassed":false,"retriesCount":0,"retriesStatusChange":false,"beforeStages":[{"name":"_session_faker","time":{"start":1772063946086,"stop":1772063946087,"duration":1},"status":"passed","steps":[],"attachments":[],"parameters":[],"stepsCount":0,"shouldDisplayMessage":false,"attachmentsCount":0,"hasContent":false,"attachmentStep":false},{"name":"All test fixtures","time":{"start":1772063946087,"stop":1772063946088,"duration":1},"status":"passed","steps":[{"name":"Tests configuration data","time":{"start":1772063946088,"stop":1772063946088,"duration":0},"status":"passed","steps":[],"attachments":[{"uid":"5ae07c7b8ee59cdb","name":"Configuration","source":"5ae07c7b8ee59cdb.txt","type":"text/plain","size":1705}],"parameters":[],"stepsCount":0,"shouldDisplayMessage":false,"attachmentsCount":1,"hasContent":true,"attachmentStep":false}],"attachments":[],"parameters":[],"stepsCount":1,"shouldDisplayMessage":false,"attachmentsCount":1,"hasContent":true,"attachmentStep":false},{"name":"All UI tests fixture","time":{"start":1772064034686,"stop":1772064034686,"duration":0},"status":"passed","steps":[],"attachments":[],"parameters":[],"stepsCount":0,"shouldDisplayMessage":false,"attachmentsCount":0,"hasContent":false,"attachmentStep":false},{"name":"Each test fixtures","time":{"start":1772064563331,"stop":1772064563331,"duration":0},"status":"passed","steps":[],"attachments":[],"parameters":[],"stepsCount":0,"shouldDisplayMessage":false,"attachmentsCount":0,"hasContent":false,"attachmentStep":false},{"name":"Each UI test fixture","time":{"start":1772064563331,"stop":1772064588079,"duration":24748},"status":"broken","statusMessage":"selenium.common.exceptions.TimeoutException: Message: timeout: Timed out receiving message from renderer: -0.006\n  (Session info: chrome=141.0.7390.122)\nStacktrace:\n#0 0x55e5f43b4fea <unknown>\n#1 0x55e5f3e32d06 <unknown>\n#2 0x55e5f3e1ade6 <unknown>\n#3 0x55e5f3e1aac9 <unknown>\n#4 0x55e5f3e18912 <unknown>\n#5 0x55e5f3e1925f <unknown>\n#6 0x55e5f3e27b33 <unknown>\n#7 0x55e5f3e4121b <unknown>\n#8 0x55e5f3e479bb <unknown>\n#9 0x55e5f3e1999d <unknown>\n#10 0x55e5f3e40f48 <unknown>\n#11 0x55e5f3ed0a0b <unknown>\n#12 0x55e5f3eaabe3 <unknown>\n#13 0x55e5f3e772d2 <unknown>\n#14 0x55e5f3e77f91 <unknown>\n#15 0x55e5f43789e8 <unknown>\n#16 0x55e5f437c84f <unknown>\n#17 0x55e5f435fec9 <unknown>\n#18 0x55e5f437d3f5 <unknown>\n#19 0x55e5f434574f <unknown>\n#20 0x55e5f43a1cc8 <unknown>\n#21 0x55e5f43a1ea3 <unknown>\n#22 0x55e5f43b3f83 <unknown>\n#23 0x7f00dc862ac3 <unknown>\n\n","statusTrace":"  File \"/usr/local/lib/python3.13/site-packages/pluggy/_callers.py\", line 38, in run_old_style_hookwrapper\n    res = yield\n          ^^^^^\n  File \"/usr/local/lib/python3.13/site-packages/pluggy/_callers.py\", line 139, in _multicall\n    teardown.throw(exception)\n    ~~~~~~~~~~~~~~^^^^^^^^^^^\n  File \"/usr/local/lib/python3.13/site-packages/pluggy/_callers.py\", line 53, in run_old_style_hookwrapper\n    return result.get_result()\n           ~~~~~~~~~~~~~~~~~^^\n  File \"/usr/local/lib/python3.13/site-packages/pluggy/_result.py\", line 103, in get_result\n    raise exc.with_traceback(tb)\n  File \"/usr/local/lib/python3.13/site-packages/pluggy/_callers.py\", line 38, in run_old_style_hookwrapper\n    res = yield\n          ^^^^^\n  File \"/usr/local/lib/python3.13/site-packages/pluggy/_callers.py\", line 139, in _multicall\n    teardown.throw(exception)\n    ~~~~~~~~~~~~~~^^^^^^^^^^^\n  File \"/usr/local/lib/python3.13/site-packages/_pytest/setuponly.py\", line 36, in pytest_fixture_setup\n    return (yield)\n            ^^^^^\n  File \"/usr/local/lib/python3.13/site-packages/pluggy/_callers.py\", line 121, in _multicall\n    res = hook_impl.function(*args)\n  File \"/usr/local/lib/python3.13/site-packages/_pytest/fixtures.py\", line 1196, in pytest_fixture_setup\n    result = call_fixture_func(fixturefunc, request, kwargs)\n  File \"/usr/local/lib/python3.13/site-packages/_pytest/fixtures.py\", line 923, in call_fixture_func\n    fixture_result = next(generator)\n  File \"/automation-exercise-py/tests/web/conftest.py\", line 83, in each_ui_test_fixture\n    browser.open(\"/\")\n    ~~~~~~~~~~~~^^^^^\n  File \"/usr/local/lib/python3.13/site-packages/selene/core/_browser.py\", line 93, in open\n    self.config._executor.get_url(relative_or_absolute_url)\n    ~~~~~~~~~~~~~~~~~~~~~~~~~~~~~^^^^^^^^^^^^^^^^^^^^^^^^^^\n  File \"/usr/local/lib/python3.13/site-packages/selene/core/configuration.py\", line 263, in get_url\n    self.config._driver_get_url_strategy(self.config)(url)\n    ~~~~~~~~~~~~~~~~~~~~~~~~~~~~~~~~~~~~~~~~~~~~~~~~~^^^^^\n  File \"/usr/local/lib/python3.13/site-packages/selene/core/configuration.py\", line 215, in get\n    driver.get(url)\n    ~~~~~~~~~~^^^^^\n  File \"/usr/local/lib/python3.13/site-packages/selenium/webdriver/remote/webdriver.py\", line 452, in get\n    self.execute(Command.GET, {\"url\": url})\n    ~~~~~~~~~~~~^^^^^^^^^^^^^^^^^^^^^^^^^^^\n  File \"/usr/local/lib/python3.13/site-packages/selenium/webdriver/remote/webdriver.py\", line 432, in execute\n    self.error_handler.check_response(response)\n    ~~~~~~~~~~~~~~~~~~~~~~~~~~~~~~~~~^^^^^^^^^^\n  File \"/usr/local/lib/python3.13/site-packages/selenium/webdriver/remote/errorhandler.py\", line 232, in check_response\n    raise exception_class(message, screen, stacktrace)\n","steps":[{"name":"Open browser","time":{"start":1772064563331,"stop":1772064588077,"duration":24746},"status":"broken","statusMessage":"selenium.common.exceptions.TimeoutException: Message: timeout: Timed out receiving message from renderer: -0.006\n  (Session info: chrome=141.0.7390.122)\nStacktrace:\n#0 0x55e5f43b4fea <unknown>\n#1 0x55e5f3e32d06 <unknown>\n#2 0x55e5f3e1ade6 <unknown>\n#3 0x55e5f3e1aac9 <unknown>\n#4 0x55e5f3e18912 <unknown>\n#5 0x55e5f3e1925f <unknown>\n#6 0x55e5f3e27b33 <unknown>\n#7 0x55e5f3e4121b <unknown>\n#8 0x55e5f3e479bb <unknown>\n#9 0x55e5f3e1999d <unknown>\n#10 0x55e5f3e40f48 <unknown>\n#11 0x55e5f3ed0a0b <unknown>\n#12 0x55e5f3eaabe3 <unknown>\n#13 0x55e5f3e772d2 <unknown>\n#14 0x55e5f3e77f91 <unknown>\n#15 0x55e5f43789e8 <unknown>\n#16 0x55e5f437c84f <unknown>\n#17 0x55e5f435fec9 <unknown>\n#18 0x55e5f437d3f5 <unknown>\n#19 0x55e5f434574f <unknown>\n#20 0x55e5f43a1cc8 <unknown>\n#21 0x55e5f43a1ea3 <unknown>\n#22 0x55e5f43b3f83 <unknown>\n#23 0x7f00dc862ac3 <unknown>\n\n","statusTrace":"  File \"/automation-exercise-py/tests/web/conftest.py\", line 83, in each_ui_test_fixture\n    browser.open(\"/\")\n    ~~~~~~~~~~~~^^^^^\n  File \"/usr/local/lib/python3.13/site-packages/selene/core/_browser.py\", line 93, in open\n    self.config._executor.get_url(relative_or_absolute_url)\n    ~~~~~~~~~~~~~~~~~~~~~~~~~~~~~^^^^^^^^^^^^^^^^^^^^^^^^^^\n  File \"/usr/local/lib/python3.13/site-packages/selene/core/configuration.py\", line 263, in get_url\n    self.config._driver_get_url_strategy(self.config)(url)\n    ~~~~~~~~~~~~~~~~~~~~~~~~~~~~~~~~~~~~~~~~~~~~~~~~~^^^^^\n  File \"/usr/local/lib/python3.13/site-packages/selene/core/configuration.py\", line 215, in get\n    driver.get(url)\n    ~~~~~~~~~~^^^^^\n  File \"/usr/local/lib/python3.13/site-packages/selenium/webdriver/remote/webdriver.py\", line 452, in get\n    self.execute(Command.GET, {\"url\": url})\n    ~~~~~~~~~~~~^^^^^^^^^^^^^^^^^^^^^^^^^^^\n  File \"/usr/local/lib/python3.13/site-packages/selenium/webdriver/remote/webdriver.py\", line 432, in execute\n    self.error_handler.check_response(response)\n    ~~~~~~~~~~~~~~~~~~~~~~~~~~~~~~~~~^^^^^^^^^^\n  File \"/usr/local/lib/python3.13/site-packages/selenium/webdriver/remote/errorhandler.py\", line 232, in check_response\n    raise exception_class(message, screen, stacktrace)\n","steps":[],"attachments":[],"parameters":[],"stepsCount":0,"shouldDisplayMessage":true,"attachmentsCount":0,"hasContent":true,"attachmentStep":false}],"attachments":[],"parameters":[],"stepsCount":1,"shouldDisplayMessage":false,"attachmentsCount":0,"hasContent":true,"attachmentStep":false},{"name":"_xunit_setup_method_fixture_TestPaymentComponent","time":{"start":1772064597265,"stop":1772064597322,"duration":57},"status":"passed","steps":[],"attachments":[],"parameters":[],"stepsCount":0,"shouldDisplayMessage":false,"attachmentsCount":0,"hasContent":false,"attachmentStep":false},{"name":"Open Payment page","time":{"start":1772064597322,"stop":1772064597515,"duration":193},"status":"passed","steps":[{"name":"Open [Payment Page]: /payment","time":{"start":1772064597322,"stop":1772064597514,"duration":192},"status":"passed","steps":[],"attachments":[],"parameters":[],"stepsCount":0,"shouldDisplayMessage":false,"attachmentsCount":0,"hasContent":false,"attachmentStep":false}],"attachments":[],"parameters":[],"stepsCount":1,"shouldDisplayMessage":false,"attachmentsCount":0,"hasContent":true,"attachmentStep":false},{"name":"Create random user by api","time":{"start":1772064597515,"stop":1772064598026,"duration":511},"status":"passed","steps":[{"name":"Create user: lflores@test.arrnel.me","time":{"start":1772064597550,"stop":1772064598025,"duration":475},"status":"passed","steps":[{"name":"Send request [POST]: /createAccount","time":{"start":1772064597551,"stop":1772064597883,"duration":332},"status":"passed","steps":[],"attachments":[{"uid":"13a3415d241290a9","name":"Request","source":"13a3415d241290a9.txt","type":"text/plain","size":393},{"uid":"4859a9d83ee8f938","name":"Response","source":"4859a9d83ee8f938.txt","type":"text/plain","size":934}],"parameters":[],"stepsCount":0,"shouldDisplayMessage":false,"attachmentsCount":2,"hasContent":true,"attachmentStep":false},{"name":"Send request [GET]: /getUserDetailByEmail","time":{"start":1772064597899,"stop":1772064597989,"duration":90},"status":"passed","steps":[],"attachments":[{"uid":"5dc220f3f7f36d41","name":"Request","source":"5dc220f3f7f36d41.txt","type":"text/plain","size":405},{"uid":"6ec4518996867aa8","name":"Response","source":"6ec4518996867aa8.txt","type":"text/plain","size":992}],"parameters":[],"stepsCount":0,"shouldDisplayMessage":false,"attachmentsCount":2,"hasContent":true,"attachmentStep":false}],"attachments":[],"parameters":[],"stepsCount":2,"shouldDisplayMessage":false,"attachmentsCount":4,"hasContent":true,"attachmentStep":false}],"attachments":[],"parameters":[],"stepsCount":3,"shouldDisplayMessage":false,"attachmentsCount":4,"hasContent":true,"attachmentStep":false},{"name":"Auth by random user","time":{"start":1772064598026,"stop":1772064598915,"duration":889},"status":"passed","steps":[{"name":"Sign in by email = [lflores@test.arrnel.me] and password = [12345]","time":{"start":1772064598034,"stop":1772064598763,"duration":729},"status":"passed","steps":[{"name":"Send request [GET]: /login","time":{"start":1772064598035,"stop":1772064598350,"duration":315},"status":"passed","steps":[],"attachments":[{"uid":"d8fa4ac473b5ca79","name":"Request","source":"d8fa4ac473b5ca79.txt","type":"text/plain","size":355},{"uid":"d958bafc79f9e1d6","name":"Response","source":"d958bafc79f9e1d6.txt","type":"text/plain","size":1056}],"parameters":[],"stepsCount":0,"shouldDisplayMessage":false,"attachmentsCount":2,"hasContent":true,"attachmentStep":false},{"name":"Send request [POST]: /login","time":{"start":1772064598351,"stop":1772064598763,"duration":412},"status":"passed","steps":[],"attachments":[{"uid":"a7437a8611e05b7b","name":"Request","source":"a7437a8611e05b7b.txt","type":"text/plain","size":533},{"uid":"2d37272bb637eba6","name":"Response","source":"2d37272bb637eba6.txt","type":"text/plain","size":1045}],"parameters":[],"stepsCount":0,"shouldDisplayMessage":false,"attachmentsCount":2,"hasContent":true,"attachmentStep":false}],"attachments":[],"parameters":[],"stepsCount":2,"shouldDisplayMessage":false,"attachmentsCount":4,"hasContent":true,"attachmentStep":false}],"attachments":[],"parameters":[],"stepsCount":3,"shouldDisplayMessage":false,"attachmentsCount":4,"hasContent":true,"attachmentStep":false},{"name":"Add random products to cart","time":{"start":1772064598915,"stop":1772064599648,"duration":733},"status":"passed","steps":[{"name":"Add products to cart","time":{"start":1772064598930,"stop":1772064599459,"duration":529},"status":"passed","steps":[{"name":"Add [1] product(s) by id = [35] to cart","time":{"start":1772064598930,"stop":1772064599256,"duration":326},"status":"passed","steps":[{"name":"Send request [GET]: /add_to_cart/35","time":{"start":1772064598931,"stop":1772064599256,"duration":325},"status":"passed","steps":[],"attachments":[{"uid":"8cb9c2cfbfe26505","name":"Request","source":"8cb9c2cfbfe26505.txt","type":"text/plain","size":507},{"uid":"7148c34e3dc63e9e","name":"Response","source":"7148c34e3dc63e9e.txt","type":"text/plain","size":901}],"parameters":[],"stepsCount":0,"shouldDisplayMessage":false,"attachmentsCount":2,"hasContent":true,"attachmentStep":false}],"attachments":[],"parameters":[],"stepsCount":1,"shouldDisplayMessage":false,"attachmentsCount":2,"hasContent":true,"attachmentStep":false},{"name":"Add [3] product(s) by id = [1] to cart","time":{"start":1772064599256,"stop":1772064599357,"duration":101},"status":"passed","steps":[{"name":"Send request [GET]: /add_to_cart/1","time":{"start":1772064599256,"stop":1772064599357,"duration":101},"status":"passed","steps":[],"attachments":[{"uid":"84528fb887f89cfa","name":"Request","source":"84528fb887f89cfa.txt","type":"text/plain","size":506},{"uid":"505c3d1e1a6f0e3c","name":"Response","source":"505c3d1e1a6f0e3c.txt","type":"text/plain","size":906}],"parameters":[],"stepsCount":0,"shouldDisplayMessage":false,"attachmentsCount":2,"hasContent":true,"attachmentStep":false}],"attachments":[],"parameters":[],"stepsCount":1,"shouldDisplayMessage":false,"attachmentsCount":2,"hasContent":true,"attachmentStep":false},{"name":"Add [3] product(s) by id = [42] to cart","time":{"start":1772064599358,"stop":1772064599459,"duration":101},"status":"passed","steps":[{"name":"Send request [GET]: /add_to_cart/42","time":{"start":1772064599358,"stop":1772064599459,"duration":101},"status":"passed","steps":[],"attachments":[{"uid":"e4dcca0357e37622","name":"Request","source":"e4dcca0357e37622.txt","type":"text/plain","size":507},{"uid":"9c4257b3963374","name":"Response","source":"9c4257b3963374.txt","type":"text/plain","size":903}],"parameters":[],"stepsCount":0,"shouldDisplayMessage":false,"attachmentsCount":2,"hasContent":true,"attachmentStep":false}],"attachments":[],"parameters":[],"stepsCount":1,"shouldDisplayMessage":false,"attachmentsCount":2,"hasContent":true,"attachmentStep":false}],"attachments":[],"parameters":[],"stepsCount":6,"shouldDisplayMessage":false,"attachmentsCount":6,"hasContent":true,"attachmentStep":false}],"attachments":[],"parameters":[],"stepsCount":7,"shouldDisplayMessage":false,"attachmentsCount":6,"hasContent":true,"attachmentStep":false}],"testStage":{"status":"broken","statusMessage":"selenium.common.exceptions.TimeoutException: Message: timeout: Timed out receiving message from renderer: -0.006\n  (Session info: chrome=141.0.7390.122)\nStacktrace:\n#0 0x55e5f43b4fea <unknown>\n#1 0x55e5f3e32d06 <unknown>\n#2 0x55e5f3e1ade6 <unknown>\n#3 0x55e5f3e1aac9 <unknown>\n#4 0x55e5f3e18912 <unknown>\n#5 0x55e5f3e1925f <unknown>\n#6 0x55e5f3e27b33 <unknown>\n#7 0x55e5f3e4121b <unknown>\n#8 0x55e5f3e479bb <unknown>\n#9 0x55e5f3e1999d <unknown>\n#10 0x55e5f3e40f48 <unknown>\n#11 0x55e5f3ed0a0b <unknown>\n#12 0x55e5f3eaabe3 <unknown>\n#13 0x55e5f3e772d2 <unknown>\n#14 0x55e5f3e77f91 <unknown>\n#15 0x55e5f43789e8 <unknown>\n#16 0x55e5f437c84f <unknown>\n#17 0x55e5f435fec9 <unknown>\n#18 0x55e5f437d3f5 <unknown>\n#19 0x55e5f434574f <unknown>\n#20 0x55e5f43a1cc8 <unknown>\n#21 0x55e5f43a1ea3 <unknown>\n#22 0x55e5f43b3f83 <unknown>\n#23 0x7f00dc862ac3 <unknown>","statusTrace":"request = <SubRequest 'each_ui_test_fixture' for <Function test_payment_with_valid_card[valid: common latin name]>>\neach_test_fixtures = None\n\n    @pytest.fixture(autouse=True, scope=\"function\")\n    @allure.title(\"Each UI test fixture\")\n    def each_ui_test_fixture(request, each_test_fixtures):\n    \n        test_name = request.node.name\n        ThreadSafeTestThreadsStore().add_current_thread_to_test(test_name)\n    \n        # ---------------------------------------------------------------------\n        # Init driver\n        # ---------------------------------------------------------------------\n        with allure.step(\"Open browser\"):\n            DriverManager().init_driver()\n>           browser.open(\"/\")\n\ntests/web/conftest.py:83: \n_ _ _ _ _ _ _ _ _ _ _ _ _ _ _ _ _ _ _ _ _ _ _ _ _ _ _ _ _ _ _ _ _ _ _ _ _ _ _ _ \n/usr/local/lib/python3.13/site-packages/selene/core/_browser.py:93: in open\n    self.config._executor.get_url(relative_or_absolute_url)\n/usr/local/lib/python3.13/site-packages/selene/core/configuration.py:263: in get_url\n    self.config._driver_get_url_strategy(self.config)(url)\n/usr/local/lib/python3.13/site-packages/selene/core/configuration.py:215: in get\n    driver.get(url)\n/usr/local/lib/python3.13/site-packages/selenium/webdriver/remote/webdriver.py:452: in get\n    self.execute(Command.GET, {\"url\": url})\n/usr/local/lib/python3.13/site-packages/selenium/webdriver/remote/webdriver.py:432: in execute\n    self.error_handler.check_response(response)\n_ _ _ _ _ _ _ _ _ _ _ _ _ _ _ _ _ _ _ _ _ _ _ _ _ _ _ _ _ _ _ _ _ _ _ _ _ _ _ _ \n\nself = <selenium.webdriver.remote.errorhandler.ErrorHandler object at 0x7fabf289eba0>\nresponse = {'status': 500, 'value': '{\"value\":{\"error\":\"timeout\",\"message\":\"timeout: Timed out receiving message from renderer: -...\\\\n#21 0x55e5f43a1ea3 \\\\u003Cunknown>\\\\n#22 0x55e5f43b3f83 \\\\u003Cunknown>\\\\n#23 0x7f00dc862ac3 \\\\u003Cunknown>\\\\n\"}}'}\n\n    def check_response(self, response: dict[str, Any]) -> None:\n        \"\"\"Check that a JSON response from the WebDriver does not have an error.\n    \n        Args:\n            response: The JSON response from the WebDriver server as a dictionary\n                object.\n    \n        Raises:\n            WebDriverException: If the response contains an error message.\n        \"\"\"\n        status = response.get(\"status\", None)\n        if not status or status == ErrorCode.SUCCESS:\n            return\n        value = None\n        message = response.get(\"message\", \"\")\n        screen: str = response.get(\"screen\", \"\")\n        stacktrace = None\n        if isinstance(status, int):\n            value_json = response.get(\"value\", None)\n            if value_json and isinstance(value_json, str):\n                try:\n                    value = json.loads(value_json)\n                    if isinstance(value, dict):\n                        if len(value) == 1:\n                            value = value[\"value\"]\n                        status = value.get(\"error\", None)\n                        if not status:\n                            status = value.get(\"status\", ErrorCode.UNKNOWN_ERROR)\n                            message = value.get(\"value\") or value.get(\"message\")\n                            if not isinstance(message, str):\n                                value = message\n                                message = message.get(\"message\") if isinstance(message, dict) else None\n                        else:\n                            message = value.get(\"message\", None)\n                except ValueError:\n                    pass\n    \n        exception_class: type[WebDriverException]\n        e = ErrorCode()\n        error_codes = [item for item in dir(e) if not item.startswith(\"__\")]\n        for error_code in error_codes:\n            error_info = getattr(ErrorCode, error_code)\n            if isinstance(error_info, list) and status in error_info:\n                exception_class = getattr(ExceptionMapping, error_code, WebDriverException)\n                break\n        else:\n            exception_class = WebDriverException\n    \n        if not value:\n            value = response[\"value\"]\n        if isinstance(value, str):\n            raise exception_class(value)\n        if message == \"\" and \"message\" in value:\n            message = value[\"message\"]\n    \n        screen = None  # type: ignore[assignment]\n        if \"screen\" in value:\n            screen = value[\"screen\"]\n    \n        stacktrace = None\n        st_value = value.get(\"stackTrace\") or value.get(\"stacktrace\")\n        if st_value:\n            if isinstance(st_value, str):\n                stacktrace = st_value.split(\"\\n\")\n            else:\n                stacktrace = []\n                try:\n                    for frame in st_value:\n                        line = frame.get(\"lineNumber\", \"\")\n                        file = frame.get(\"fileName\", \"<anonymous>\")\n                        if line:\n                            file = f\"{file}:{line}\"\n                        meth = frame.get(\"methodName\", \"<anonymous>\")\n                        if \"className\" in frame:\n                            meth = f\"{frame['className']}.{meth}\"\n                        msg = \"    at %s (%s)\"\n                        msg = msg % (meth, file)\n                        stacktrace.append(msg)\n                except TypeError:\n                    pass\n        if exception_class == UnexpectedAlertPresentException:\n            alert_text = None\n            if \"data\" in value:\n                alert_text = value[\"data\"].get(\"text\")\n            elif \"alert\" in value:\n                alert_text = value[\"alert\"].get(\"text\")\n            raise exception_class(message, screen, stacktrace, alert_text)  # type: ignore[call-arg]  # mypy is not smart enough here\n>       raise exception_class(message, screen, stacktrace)\nE       selenium.common.exceptions.TimeoutException: Message: timeout: Timed out receiving message from renderer: -0.006\nE         (Session info: chrome=141.0.7390.122)\nE       Stacktrace:\nE       #0 0x55e5f43b4fea <unknown>\nE       #1 0x55e5f3e32d06 <unknown>\nE       #2 0x55e5f3e1ade6 <unknown>\nE       #3 0x55e5f3e1aac9 <unknown>\nE       #4 0x55e5f3e18912 <unknown>\nE       #5 0x55e5f3e1925f <unknown>\nE       #6 0x55e5f3e27b33 <unknown>\nE       #7 0x55e5f3e4121b <unknown>\nE       #8 0x55e5f3e479bb <unknown>\nE       #9 0x55e5f3e1999d <unknown>\nE       #10 0x55e5f3e40f48 <unknown>\nE       #11 0x55e5f3ed0a0b <unknown>\nE       #12 0x55e5f3eaabe3 <unknown>\nE       #13 0x55e5f3e772d2 <unknown>\nE       #14 0x55e5f3e77f91 <unknown>\nE       #15 0x55e5f43789e8 <unknown>\nE       #16 0x55e5f437c84f <unknown>\nE       #17 0x55e5f435fec9 <unknown>\nE       #18 0x55e5f437d3f5 <unknown>\nE       #19 0x55e5f434574f <unknown>\nE       #20 0x55e5f43a1cc8 <unknown>\nE       #21 0x55e5f43a1ea3 <unknown>\nE       #22 0x55e5f43b3f83 <unknown>\nE       #23 0x7f00dc862ac3 <unknown>\n\n/usr/local/lib/python3.13/site-packages/selenium/webdriver/remote/errorhandler.py:232: TimeoutException","steps":[],"attachments":[{"uid":"8cfa7ce8789d4a03","name":"log","source":"8cfa7ce8789d4a03.txt","type":"text/plain","size":70},{"uid":"85fd9b55e4361947","name":"stderr","source":"85fd9b55e4361947.txt","type":"text/plain","size":49}],"parameters":[],"stepsCount":0,"shouldDisplayMessage":true,"attachmentsCount":2,"hasContent":true,"attachmentStep":false},"afterStages":[{"name":"Each test fixtures::0","time":{"start":1772064588153,"stop":1772064588153,"duration":0},"status":"passed","steps":[{"name":"Remove current test users from backend","time":{"start":1772064588153,"stop":1772064588153,"duration":0},"status":"passed","steps":[],"attachments":[],"parameters":[],"stepsCount":0,"shouldDisplayMessage":false,"attachmentsCount":0,"hasContent":false,"attachmentStep":false}],"attachments":[],"parameters":[],"stepsCount":1,"shouldDisplayMessage":false,"attachmentsCount":0,"hasContent":true,"attachmentStep":false},{"name":"Auth by random user::0","time":{"start":1772064600204,"stop":1772064600204,"duration":0},"status":"passed","steps":[],"attachments":[],"parameters":[],"stepsCount":0,"shouldDisplayMessage":false,"attachmentsCount":0,"hasContent":false,"attachmentStep":false},{"name":"_xunit_setup_method_fixture_TestPaymentComponent::0","time":{"start":1772064600206,"stop":1772064600206,"duration":0},"status":"passed","steps":[],"attachments":[],"parameters":[],"stepsCount":0,"shouldDisplayMessage":false,"attachmentsCount":0,"hasContent":false,"attachmentStep":false},{"name":"All test fixtures::0","time":{"start":1772065229832,"stop":1772065229833,"duration":1},"status":"passed","steps":[{"name":"Remove users from backend after all tests","time":{"start":1772065229833,"stop":1772065229833,"duration":0},"status":"passed","steps":[],"attachments":[],"parameters":[],"stepsCount":0,"shouldDisplayMessage":false,"attachmentsCount":0,"hasContent":false,"attachmentStep":false}],"attachments":[],"parameters":[],"stepsCount":1,"shouldDisplayMessage":false,"attachmentsCount":0,"hasContent":true,"attachmentStep":false}],"labels":[{"name":"feature","value":"Payment Component"},{"name":"epic","value":"WEB Component"},{"name":"story","value":"[Web] Component - Payment Component"},{"name":"owner","value":"arrnel"},{"name":"tag","value":"@pytest.mark.usefixtures('open_payment_page', 'auth_user', 'add_random_products_to_cart')"},{"name":"tag","value":"web_test"},{"name":"tag","value":"component_test"},{"name":"tag","value":"payment_page_test"},{"name":"tag","value":"payment_component_test"},{"name":"parentSuite","value":"tests.web.component.payment"},{"name":"suite","value":"test_payment_component"},{"name":"subSuite","value":"TestPaymentComponent"},{"name":"host","value":"b576b2dabe6c"},{"name":"thread","value":"15-MainThread"},{"name":"framework","value":"pytest"},{"name":"language","value":"cpython3"},{"name":"package","value":"tests.web.component.payment.test_payment_component"},{"name":"resultFormat","value":"allure2"}],"parameters":[{"name":"card","value":"CardInfo(\nname='John Doe',\nnumber='342139903025305',\ncvc='5203',\nexpiry_month='11',\nexpiry_year='30'\n)"},{"name":"case_title","value":"'valid: common latin name'"}],"links":[],"hidden":false,"retry":false,"extra":{"severity":"normal","owner":"arrnel","retries":[],"categories":[{"name":"Test defects","matchedStatuses":[],"flaky":false}],"tags":["web_test","payment_component_test","@pytest.mark.usefixtures('open_payment_page', 'auth_user', 'add_random_products_to_cart')","payment_page_test","component_test"]},"source":"4bda169a61ca1add.json","parameterValues":["CardInfo(\nname='John Doe',\nnumber='342139903025305',\ncvc='5203',\nexpiry_month='11',\nexpiry_year='30'\n)","'valid: common latin name'"]}