{"uid":"8446bad26895568d","name":"[WEB] Sign up with valid data. Case: 'mobile_number' length = min","fullName":"tests.web.component.auth.test_signup_component.TestSignUpWeb#test_should_sign_up_with_valid_data","historyId":"56bc629706fceabd3ea8cdee0d970f28","time":{"start":1772064347573,"stop":1772064351702,"duration":4129},"status":"failed","statusMessage":"selene.core.exceptions.TimeoutException: Message: \n\nTimed out after 4s, while waiting for:\nbrowser.element(('css selector', 'body')).element(('css selector', '.signup-form')).element(('css selector', '[data-qa=signup-name]')).set value: Tammy Wise\n\nReason: NoSuchElementException: no such element: Unable to locate element: {\"method\":\"css selector\",\"selector\":\".signup-form\"}\n  (Session info: chrome=141.0.7390.122); For documentation on this error, please visit: https://www.selenium.dev/documentation/webdriver/troubleshooting/errors#nosuchelementexception\nScreenshot: file:///root/.selene/screenshots/1772063942900/1772063942900.png\nPageSource: file:///root/.selene/screenshots/1772063942900/1772063942900.html","statusTrace":"fn = <selene.core.wait.Command object at 0x7f00895781d0>\n\n    def logic(fn: Callable[[E], R]) -> R:\n        finish_time = time.time() + self._timeout\n    \n        while True:\n            try:\n>               return fn(self.entity)\n                       ^^^^^^^^^^^^^^^\n\n/usr/local/lib/python3.13/site-packages/selene/core/wait.py:119: \n_ _ _ _ _ _ _ _ _ _ _ _ _ _ _ _ _ _ _ _ _ _ _ _ _ _ _ _ _ _ _ _ _ _ _ _ _ _ _ _ \n/usr/local/lib/python3.13/site-packages/selene/core/wait.py:61: in __call__\n    return self._fn(entity)\n           ^^^^^^^^^^^^^^^^\n/usr/local/lib/python3.13/site-packages/selene/core/entity.py:333: in fn\n    else element()\n         ^^^^^^^^^\n/usr/local/lib/python3.13/site-packages/selene/core/entity.py:192: in __call__\n    return self.locate()\n           ^^^^^^^^^^^^^\n/usr/local/lib/python3.13/site-packages/selene/core/entity.py:185: in locate\n    return self._locator()\n           ^^^^^^^^^^^^^^^\n/usr/local/lib/python3.13/site-packages/selene/core/locator.py:34: in __call__\n    return self._locate()\n           ^^^^^^^^^^^^^^\n/usr/local/lib/python3.13/site-packages/selene/core/entity.py:241: in <lambda>\n    Locator(f'{self}.element({by})', lambda: self().find_element(*by)),\n                                             ^^^^^^\n/usr/local/lib/python3.13/site-packages/selene/core/entity.py:192: in __call__\n    return self.locate()\n           ^^^^^^^^^^^^^\n/usr/local/lib/python3.13/site-packages/selene/core/entity.py:185: in locate\n    return self._locator()\n           ^^^^^^^^^^^^^^^\n/usr/local/lib/python3.13/site-packages/selene/core/locator.py:34: in __call__\n    return self._locate()\n           ^^^^^^^^^^^^^^\n/usr/local/lib/python3.13/site-packages/selene/core/entity.py:241: in <lambda>\n    Locator(f'{self}.element({by})', lambda: self().find_element(*by)),\n                                             ^^^^^^^^^^^^^^^^^^^^^^^^\n/usr/local/lib/python3.13/site-packages/selenium/webdriver/remote/webelement.py:533: in find_element\n    return self._execute(Command.FIND_CHILD_ELEMENT, {\"using\": by, \"value\": value})[\"value\"]\n           ^^^^^^^^^^^^^^^^^^^^^^^^^^^^^^^^^^^^^^^^^^^^^^^^^^^^^^^^^^^^^^^^^^^^^^^^\n/usr/local/lib/python3.13/site-packages/selenium/webdriver/remote/webelement.py:508: in _execute\n    return self._parent.execute(command, params)\n           ^^^^^^^^^^^^^^^^^^^^^^^^^^^^^^^^^^^^^\n/usr/local/lib/python3.13/site-packages/selenium/webdriver/remote/webdriver.py:432: in execute\n    self.error_handler.check_response(response)\n_ _ _ _ _ _ _ _ _ _ _ _ _ _ _ _ _ _ _ _ _ _ _ _ _ _ _ _ _ _ _ _ _ _ _ _ _ _ _ _ \n\nself = <selenium.webdriver.remote.errorhandler.ErrorHandler object at 0x7f00894d6a90>\nresponse = {'status': 404, 'value': '{\"value\":{\"error\":\"no such element\",\"message\":\"no such element: Unable to locate element: {\\...\\\\n#18 0x560b30decea3 \\\\u003Cunknown>\\\\n#19 0x560b30dfef83 \\\\u003Cunknown>\\\\n#20 0x7fbb0d3aeac3 \\\\u003Cunknown>\\\\n\"}}'}\n\n    def check_response(self, response: dict[str, Any]) -> None:\n        \"\"\"Check that a JSON response from the WebDriver does not have an error.\n    \n        Args:\n            response: The JSON response from the WebDriver server as a dictionary\n                object.\n    \n        Raises:\n            WebDriverException: If the response contains an error message.\n        \"\"\"\n        status = response.get(\"status\", None)\n        if not status or status == ErrorCode.SUCCESS:\n            return\n        value = None\n        message = response.get(\"message\", \"\")\n        screen: str = response.get(\"screen\", \"\")\n        stacktrace = None\n        if isinstance(status, int):\n            value_json = response.get(\"value\", None)\n            if value_json and isinstance(value_json, str):\n                try:\n                    value = json.loads(value_json)\n                    if isinstance(value, dict):\n                        if len(value) == 1:\n                            value = value[\"value\"]\n                        status = value.get(\"error\", None)\n                        if not status:\n                            status = value.get(\"status\", ErrorCode.UNKNOWN_ERROR)\n                            message = value.get(\"value\") or value.get(\"message\")\n                            if not isinstance(message, str):\n                                value = message\n                                message = message.get(\"message\") if isinstance(message, dict) else None\n                        else:\n                            message = value.get(\"message\", None)\n                except ValueError:\n                    pass\n    \n        exception_class: type[WebDriverException]\n        e = ErrorCode()\n        error_codes = [item for item in dir(e) if not item.startswith(\"__\")]\n        for error_code in error_codes:\n            error_info = getattr(ErrorCode, error_code)\n            if isinstance(error_info, list) and status in error_info:\n                exception_class = getattr(ExceptionMapping, error_code, WebDriverException)\n                break\n        else:\n            exception_class = WebDriverException\n    \n        if not value:\n            value = response[\"value\"]\n        if isinstance(value, str):\n            raise exception_class(value)\n        if message == \"\" and \"message\" in value:\n            message = value[\"message\"]\n    \n        screen = None  # type: ignore[assignment]\n        if \"screen\" in value:\n            screen = value[\"screen\"]\n    \n        stacktrace = None\n        st_value = value.get(\"stackTrace\") or value.get(\"stacktrace\")\n        if st_value:\n            if isinstance(st_value, str):\n                stacktrace = st_value.split(\"\\n\")\n            else:\n                stacktrace = []\n                try:\n                    for frame in st_value:\n                        line = frame.get(\"lineNumber\", \"\")\n                        file = frame.get(\"fileName\", \"<anonymous>\")\n                        if line:\n                            file = f\"{file}:{line}\"\n                        meth = frame.get(\"methodName\", \"<anonymous>\")\n                        if \"className\" in frame:\n                            meth = f\"{frame['className']}.{meth}\"\n                        msg = \"    at %s (%s)\"\n                        msg = msg % (meth, file)\n                        stacktrace.append(msg)\n                except TypeError:\n                    pass\n        if exception_class == UnexpectedAlertPresentException:\n            alert_text = None\n            if \"data\" in value:\n                alert_text = value[\"data\"].get(\"text\")\n            elif \"alert\" in value:\n                alert_text = value[\"alert\"].get(\"text\")\n            raise exception_class(message, screen, stacktrace, alert_text)  # type: ignore[call-arg]  # mypy is not smart enough here\n>       raise exception_class(message, screen, stacktrace)\nE       selenium.common.exceptions.NoSuchElementException: Message: no such element: Unable to locate element: {\"method\":\"css selector\",\"selector\":\".signup-form\"}\nE         (Session info: chrome=141.0.7390.122); For documentation on this error, please visit: https://www.selenium.dev/documentation/webdriver/troubleshooting/errors#nosuchelementexception\nE       Stacktrace:\nE       #0 0x560b30dfffea <unknown>\nE       #1 0x560b3087dd06 <unknown>\nE       #2 0x560b308cfe6d <unknown>\nE       #3 0x560b308d0101 <unknown>\nE       #4 0x560b308c3bf6 <unknown>\nE       #5 0x560b308f5e3d <unknown>\nE       #6 0x560b308c3ae7 <unknown>\nE       #7 0x560b308f5fde <unknown>\nE       #8 0x560b3091bb3b <unknown>\nE       #9 0x560b308f5be3 <unknown>\nE       #10 0x560b308c22d2 <unknown>\nE       #11 0x560b308c2f91 <unknown>\nE       #12 0x560b30dc39e8 <unknown>\nE       #13 0x560b30dc784f <unknown>\nE       #14 0x560b30daaec9 <unknown>\nE       #15 0x560b30dc83f5 <unknown>\nE       #16 0x560b30d9074f <unknown>\nE       #17 0x560b30deccc8 <unknown>\nE       #18 0x560b30decea3 <unknown>\nE       #19 0x560b30dfef83 <unknown>\nE       #20 0x7fbb0d3aeac3 <unknown>\n\n/usr/local/lib/python3.13/site-packages/selenium/webdriver/remote/errorhandler.py:232: NoSuchElementException\n\nDuring handling of the above exception, another exception occurred:\n\nself = <tests.web.component.auth.test_signup_component.TestSignUpWeb object at 0x7f008a415470>\ncase_title = \"'mobile_number' length = min\"\nuser = User(id=<built-in function id>, self.email='judith77.1@test.arrnel.gov', self.first_name='Tammy', self.last_name='Wise')\n\n    @pytest.mark.usefixtures(\"open_login_page\")\n    @allure.label(\"owner\", \"arrnel\")\n    @allure.story(\"Sign up with valid credentials\")\n    @allure.title(\"[WEB] Sign up with valid data. Case: {case_title}\")\n    @pytest.mark.parametrize(\n        \"case_title,user\",\n        UserDataProviderUI.valid_sensitive_data_provider(),\n        ids=[param[0] for param in UserDataProviderUI.valid_sensitive_data_provider()],\n    )\n    def test_should_sign_up_with_valid_data(self, case_title: str, user: User):\n        # Data\n        ThreadSafeUserStore().add_user(user)\n    \n        # Steps\n>       self.login_page.pre_sign_up_component.sign_up(user.name, user.email)\n\ntests/web/component/auth/test_signup_component.py:31: \n_ _ _ _ _ _ _ _ _ _ _ _ _ _ _ _ _ _ _ _ _ _ _ _ _ _ _ _ _ _ _ _ _ _ _ _ _ _ _ _ \nsrc/util/decorator/step_logger.py:75: in wrapper\n    return func(*args, **kwargs)\n           ^^^^^^^^^^^^^^^^^^^^^\nsrc/ui/component/auth_component.py:67: in sign_up\n    self.__fill_data(name, email)\nsrc/util/decorator/step_logger.py:75: in wrapper\n    return func(*args, **kwargs)\n           ^^^^^^^^^^^^^^^^^^^^^\nsrc/ui/component/auth_component.py:72: in __fill_data\n    self.__fill_name(name)\nsrc/ui/component/auth_component.py:76: in __fill_name\n    self.__locator.name().set_value(name)\nsrc/util/decorator/step_logger.py:75: in wrapper\n    return func(*args, **kwargs)\n           ^^^^^^^^^^^^^^^^^^^^^\nsrc/ui/element/base_element.py:406: in set_value\n    self._root.set_value(value)\n/usr/local/lib/python3.13/site-packages/selene/core/entity.py:354: in set_value\n    self.wait.for_(\n/usr/local/lib/python3.13/site-packages/selene/core/wait.py:150: in for_\n    return self._decorator(self)(logic)(fn)\n           ^^^^^^^^^^^^^^^^^^^^^^^^^^^^^^^^\n_ _ _ _ _ _ _ _ _ _ _ _ _ _ _ _ _ _ _ _ _ _ _ _ _ _ _ _ _ _ _ _ _ _ _ _ _ _ _ _ \n\nfn = <selene.core.wait.Command object at 0x7f00895781d0>\n\n    def logic(fn: Callable[[E], R]) -> R:\n        finish_time = time.time() + self._timeout\n    \n        while True:\n            try:\n                return fn(self.entity)\n            except Exception as reason:\n                if time.time() > finish_time:\n                    reason_string = '{name}: {message}'.format(\n                        name=reason.__class__.__name__,\n                        message=getattr(reason, \"msg\", str(reason)),\n                    )\n                    # TODO: think on how can we improve logging failures in selene, e.g. reverse msg and stacktrace\n                    # stacktrace = getattr(reason, 'stacktrace', None)\n                    # TODO: should we have an option to turn on stacktrace logging?\n                    timeout = self._timeout\n                    entity = self.entity\n    \n                    # if it's a normal function, it should have __qualname__,\n                    # then use it, otherwise use str(fn)\n                    fn_name = getattr(\n                        fn,\n                        '__qualname__',\n                        getattr(fn, '__str__', lambda: str(fn))(),\n                    )\n    \n                    failure = TimeoutException(\n                        f'\\n'\n                        f'\\nTimed out after {timeout}s, while waiting for:'\n                        f'\\n{entity}.{fn_name}'\n                        f'\\n'\n                        f'\\nReason: {reason_string}'\n                    )\n    \n>                   raise self._hook_failure(failure)\nE                   selene.core.exceptions.TimeoutException: Message: \nE                   \nE                   Timed out after 4s, while waiting for:\nE                   browser.element(('css selector', 'body')).element(('css selector', '.signup-form')).element(('css selector', '[data-qa=signup-name]')).set value: Tammy Wise\nE                   \nE                   Reason: NoSuchElementException: no such element: Unable to locate element: {\"method\":\"css selector\",\"selector\":\".signup-form\"}\nE                     (Session info: chrome=141.0.7390.122); For documentation on this error, please visit: https://www.selenium.dev/documentation/webdriver/troubleshooting/errors#nosuchelementexception\nE                   Screenshot: file:///root/.selene/screenshots/1772063942900/1772063942900.png\nE                   PageSource: file:///root/.selene/screenshots/1772063942900/1772063942900.html\n\n/usr/local/lib/python3.13/site-packages/selene/core/wait.py:148: TimeoutException","flaky":false,"newFailed":false,"newBroken":false,"newPassed":false,"retriesCount":0,"retriesStatusChange":false,"beforeStages":[{"name":"_session_faker","time":{"start":1772063945972,"stop":1772063945974,"duration":2},"status":"passed","steps":[],"attachments":[],"parameters":[],"stepsCount":0,"shouldDisplayMessage":false,"attachmentsCount":0,"hasContent":false,"attachmentStep":false},{"name":"All test fixtures","time":{"start":1772063945974,"stop":1772063945974,"duration":0},"status":"passed","steps":[{"name":"Tests configuration data","time":{"start":1772063945974,"stop":1772063945974,"duration":0},"status":"passed","steps":[],"attachments":[{"uid":"53944226c65c2f50","name":"Configuration","source":"53944226c65c2f50.txt","type":"text/plain","size":1705}],"parameters":[],"stepsCount":0,"shouldDisplayMessage":false,"attachmentsCount":1,"hasContent":true,"attachmentStep":false}],"attachments":[],"parameters":[],"stepsCount":1,"shouldDisplayMessage":false,"attachmentsCount":1,"hasContent":true,"attachmentStep":false},{"name":"All UI tests fixture","time":{"start":1772064040230,"stop":1772064040230,"duration":0},"status":"passed","steps":[],"attachments":[],"parameters":[],"stepsCount":0,"shouldDisplayMessage":false,"attachmentsCount":0,"hasContent":false,"attachmentStep":false},{"name":"Each test fixtures","time":{"start":1772064332758,"stop":1772064332758,"duration":0},"status":"passed","steps":[],"attachments":[],"parameters":[],"stepsCount":0,"shouldDisplayMessage":false,"attachmentsCount":0,"hasContent":false,"attachmentStep":false},{"name":"Each UI test fixture","time":{"start":1772064332758,"stop":1772064347398,"duration":14640},"status":"passed","steps":[{"name":"Open browser","time":{"start":1772064332758,"stop":1772064347398,"duration":14640},"status":"passed","steps":[],"attachments":[],"parameters":[],"stepsCount":0,"shouldDisplayMessage":false,"attachmentsCount":0,"hasContent":false,"attachmentStep":false}],"attachments":[],"parameters":[],"stepsCount":1,"shouldDisplayMessage":false,"attachmentsCount":0,"hasContent":true,"attachmentStep":false},{"name":"_xunit_setup_method_fixture_TestSignUpWeb","time":{"start":1772064347398,"stop":1772064347470,"duration":72},"status":"passed","steps":[],"attachments":[],"parameters":[],"stepsCount":0,"shouldDisplayMessage":false,"attachmentsCount":0,"hasContent":false,"attachmentStep":false},{"name":"Open Login page","time":{"start":1772064347470,"stop":1772064347572,"duration":102},"status":"passed","steps":[{"name":"Open [Login Page]: /login","time":{"start":1772064347470,"stop":1772064347572,"duration":102},"status":"passed","steps":[],"attachments":[],"parameters":[],"stepsCount":0,"shouldDisplayMessage":false,"attachmentsCount":0,"hasContent":false,"attachmentStep":false}],"attachments":[],"parameters":[],"stepsCount":1,"shouldDisplayMessage":false,"attachmentsCount":0,"hasContent":true,"attachmentStep":false}],"testStage":{"status":"failed","statusMessage":"selene.core.exceptions.TimeoutException: Message: \n\nTimed out after 4s, while waiting for:\nbrowser.element(('css selector', 'body')).element(('css selector', '.signup-form')).element(('css selector', '[data-qa=signup-name]')).set value: Tammy Wise\n\nReason: NoSuchElementException: no such element: Unable to locate element: {\"method\":\"css selector\",\"selector\":\".signup-form\"}\n  (Session info: chrome=141.0.7390.122); For documentation on this error, please visit: https://www.selenium.dev/documentation/webdriver/troubleshooting/errors#nosuchelementexception\nScreenshot: file:///root/.selene/screenshots/1772063942900/1772063942900.png\nPageSource: file:///root/.selene/screenshots/1772063942900/1772063942900.html","statusTrace":"fn = <selene.core.wait.Command object at 0x7f00895781d0>\n\n    def logic(fn: Callable[[E], R]) -> R:\n        finish_time = time.time() + self._timeout\n    \n        while True:\n            try:\n>               return fn(self.entity)\n                       ^^^^^^^^^^^^^^^\n\n/usr/local/lib/python3.13/site-packages/selene/core/wait.py:119: \n_ _ _ _ _ _ _ _ _ _ _ _ _ _ _ _ _ _ _ _ _ _ _ _ _ _ _ _ _ _ _ _ _ _ _ _ _ _ _ _ \n/usr/local/lib/python3.13/site-packages/selene/core/wait.py:61: in __call__\n    return self._fn(entity)\n           ^^^^^^^^^^^^^^^^\n/usr/local/lib/python3.13/site-packages/selene/core/entity.py:333: in fn\n    else element()\n         ^^^^^^^^^\n/usr/local/lib/python3.13/site-packages/selene/core/entity.py:192: in __call__\n    return self.locate()\n           ^^^^^^^^^^^^^\n/usr/local/lib/python3.13/site-packages/selene/core/entity.py:185: in locate\n    return self._locator()\n           ^^^^^^^^^^^^^^^\n/usr/local/lib/python3.13/site-packages/selene/core/locator.py:34: in __call__\n    return self._locate()\n           ^^^^^^^^^^^^^^\n/usr/local/lib/python3.13/site-packages/selene/core/entity.py:241: in <lambda>\n    Locator(f'{self}.element({by})', lambda: self().find_element(*by)),\n                                             ^^^^^^\n/usr/local/lib/python3.13/site-packages/selene/core/entity.py:192: in __call__\n    return self.locate()\n           ^^^^^^^^^^^^^\n/usr/local/lib/python3.13/site-packages/selene/core/entity.py:185: in locate\n    return self._locator()\n           ^^^^^^^^^^^^^^^\n/usr/local/lib/python3.13/site-packages/selene/core/locator.py:34: in __call__\n    return self._locate()\n           ^^^^^^^^^^^^^^\n/usr/local/lib/python3.13/site-packages/selene/core/entity.py:241: in <lambda>\n    Locator(f'{self}.element({by})', lambda: self().find_element(*by)),\n                                             ^^^^^^^^^^^^^^^^^^^^^^^^\n/usr/local/lib/python3.13/site-packages/selenium/webdriver/remote/webelement.py:533: in find_element\n    return self._execute(Command.FIND_CHILD_ELEMENT, {\"using\": by, \"value\": value})[\"value\"]\n           ^^^^^^^^^^^^^^^^^^^^^^^^^^^^^^^^^^^^^^^^^^^^^^^^^^^^^^^^^^^^^^^^^^^^^^^^\n/usr/local/lib/python3.13/site-packages/selenium/webdriver/remote/webelement.py:508: in _execute\n    return self._parent.execute(command, params)\n           ^^^^^^^^^^^^^^^^^^^^^^^^^^^^^^^^^^^^^\n/usr/local/lib/python3.13/site-packages/selenium/webdriver/remote/webdriver.py:432: in execute\n    self.error_handler.check_response(response)\n_ _ _ _ _ _ _ _ _ _ _ _ _ _ _ _ _ _ _ _ _ _ _ _ _ _ _ _ _ _ _ _ _ _ _ _ _ _ _ _ \n\nself = <selenium.webdriver.remote.errorhandler.ErrorHandler object at 0x7f00894d6a90>\nresponse = {'status': 404, 'value': '{\"value\":{\"error\":\"no such element\",\"message\":\"no such element: Unable to locate element: {\\...\\\\n#18 0x560b30decea3 \\\\u003Cunknown>\\\\n#19 0x560b30dfef83 \\\\u003Cunknown>\\\\n#20 0x7fbb0d3aeac3 \\\\u003Cunknown>\\\\n\"}}'}\n\n    def check_response(self, response: dict[str, Any]) -> None:\n        \"\"\"Check that a JSON response from the WebDriver does not have an error.\n    \n        Args:\n            response: The JSON response from the WebDriver server as a dictionary\n                object.\n    \n        Raises:\n            WebDriverException: If the response contains an error message.\n        \"\"\"\n        status = response.get(\"status\", None)\n        if not status or status == ErrorCode.SUCCESS:\n            return\n        value = None\n        message = response.get(\"message\", \"\")\n        screen: str = response.get(\"screen\", \"\")\n        stacktrace = None\n        if isinstance(status, int):\n            value_json = response.get(\"value\", None)\n            if value_json and isinstance(value_json, str):\n                try:\n                    value = json.loads(value_json)\n                    if isinstance(value, dict):\n                        if len(value) == 1:\n                            value = value[\"value\"]\n                        status = value.get(\"error\", None)\n                        if not status:\n                            status = value.get(\"status\", ErrorCode.UNKNOWN_ERROR)\n                            message = value.get(\"value\") or value.get(\"message\")\n                            if not isinstance(message, str):\n                                value = message\n                                message = message.get(\"message\") if isinstance(message, dict) else None\n                        else:\n                            message = value.get(\"message\", None)\n                except ValueError:\n                    pass\n    \n        exception_class: type[WebDriverException]\n        e = ErrorCode()\n        error_codes = [item for item in dir(e) if not item.startswith(\"__\")]\n        for error_code in error_codes:\n            error_info = getattr(ErrorCode, error_code)\n            if isinstance(error_info, list) and status in error_info:\n                exception_class = getattr(ExceptionMapping, error_code, WebDriverException)\n                break\n        else:\n            exception_class = WebDriverException\n    \n        if not value:\n            value = response[\"value\"]\n        if isinstance(value, str):\n            raise exception_class(value)\n        if message == \"\" and \"message\" in value:\n            message = value[\"message\"]\n    \n        screen = None  # type: ignore[assignment]\n        if \"screen\" in value:\n            screen = value[\"screen\"]\n    \n        stacktrace = None\n        st_value = value.get(\"stackTrace\") or value.get(\"stacktrace\")\n        if st_value:\n            if isinstance(st_value, str):\n                stacktrace = st_value.split(\"\\n\")\n            else:\n                stacktrace = []\n                try:\n                    for frame in st_value:\n                        line = frame.get(\"lineNumber\", \"\")\n                        file = frame.get(\"fileName\", \"<anonymous>\")\n                        if line:\n                            file = f\"{file}:{line}\"\n                        meth = frame.get(\"methodName\", \"<anonymous>\")\n                        if \"className\" in frame:\n                            meth = f\"{frame['className']}.{meth}\"\n                        msg = \"    at %s (%s)\"\n                        msg = msg % (meth, file)\n                        stacktrace.append(msg)\n                except TypeError:\n                    pass\n        if exception_class == UnexpectedAlertPresentException:\n            alert_text = None\n            if \"data\" in value:\n                alert_text = value[\"data\"].get(\"text\")\n            elif \"alert\" in value:\n                alert_text = value[\"alert\"].get(\"text\")\n            raise exception_class(message, screen, stacktrace, alert_text)  # type: ignore[call-arg]  # mypy is not smart enough here\n>       raise exception_class(message, screen, stacktrace)\nE       selenium.common.exceptions.NoSuchElementException: Message: no such element: Unable to locate element: {\"method\":\"css selector\",\"selector\":\".signup-form\"}\nE         (Session info: chrome=141.0.7390.122); For documentation on this error, please visit: https://www.selenium.dev/documentation/webdriver/troubleshooting/errors#nosuchelementexception\nE       Stacktrace:\nE       #0 0x560b30dfffea <unknown>\nE       #1 0x560b3087dd06 <unknown>\nE       #2 0x560b308cfe6d <unknown>\nE       #3 0x560b308d0101 <unknown>\nE       #4 0x560b308c3bf6 <unknown>\nE       #5 0x560b308f5e3d <unknown>\nE       #6 0x560b308c3ae7 <unknown>\nE       #7 0x560b308f5fde <unknown>\nE       #8 0x560b3091bb3b <unknown>\nE       #9 0x560b308f5be3 <unknown>\nE       #10 0x560b308c22d2 <unknown>\nE       #11 0x560b308c2f91 <unknown>\nE       #12 0x560b30dc39e8 <unknown>\nE       #13 0x560b30dc784f <unknown>\nE       #14 0x560b30daaec9 <unknown>\nE       #15 0x560b30dc83f5 <unknown>\nE       #16 0x560b30d9074f <unknown>\nE       #17 0x560b30deccc8 <unknown>\nE       #18 0x560b30decea3 <unknown>\nE       #19 0x560b30dfef83 <unknown>\nE       #20 0x7fbb0d3aeac3 <unknown>\n\n/usr/local/lib/python3.13/site-packages/selenium/webdriver/remote/errorhandler.py:232: NoSuchElementException\n\nDuring handling of the above exception, another exception occurred:\n\nself = <tests.web.component.auth.test_signup_component.TestSignUpWeb object at 0x7f008a415470>\ncase_title = \"'mobile_number' length = min\"\nuser = User(id=<built-in function id>, self.email='judith77.1@test.arrnel.gov', self.first_name='Tammy', self.last_name='Wise')\n\n    @pytest.mark.usefixtures(\"open_login_page\")\n    @allure.label(\"owner\", \"arrnel\")\n    @allure.story(\"Sign up with valid credentials\")\n    @allure.title(\"[WEB] Sign up with valid data. Case: {case_title}\")\n    @pytest.mark.parametrize(\n        \"case_title,user\",\n        UserDataProviderUI.valid_sensitive_data_provider(),\n        ids=[param[0] for param in UserDataProviderUI.valid_sensitive_data_provider()],\n    )\n    def test_should_sign_up_with_valid_data(self, case_title: str, user: User):\n        # Data\n        ThreadSafeUserStore().add_user(user)\n    \n        # Steps\n>       self.login_page.pre_sign_up_component.sign_up(user.name, user.email)\n\ntests/web/component/auth/test_signup_component.py:31: \n_ _ _ _ _ _ _ _ _ _ _ _ _ _ _ _ _ _ _ _ _ _ _ _ _ _ _ _ _ _ _ _ _ _ _ _ _ _ _ _ \nsrc/util/decorator/step_logger.py:75: in wrapper\n    return func(*args, **kwargs)\n           ^^^^^^^^^^^^^^^^^^^^^\nsrc/ui/component/auth_component.py:67: in sign_up\n    self.__fill_data(name, email)\nsrc/util/decorator/step_logger.py:75: in wrapper\n    return func(*args, **kwargs)\n           ^^^^^^^^^^^^^^^^^^^^^\nsrc/ui/component/auth_component.py:72: in __fill_data\n    self.__fill_name(name)\nsrc/ui/component/auth_component.py:76: in __fill_name\n    self.__locator.name().set_value(name)\nsrc/util/decorator/step_logger.py:75: in wrapper\n    return func(*args, **kwargs)\n           ^^^^^^^^^^^^^^^^^^^^^\nsrc/ui/element/base_element.py:406: in set_value\n    self._root.set_value(value)\n/usr/local/lib/python3.13/site-packages/selene/core/entity.py:354: in set_value\n    self.wait.for_(\n/usr/local/lib/python3.13/site-packages/selene/core/wait.py:150: in for_\n    return self._decorator(self)(logic)(fn)\n           ^^^^^^^^^^^^^^^^^^^^^^^^^^^^^^^^\n_ _ _ _ _ _ _ _ _ _ _ _ _ _ _ _ _ _ _ _ _ _ _ _ _ _ _ _ _ _ _ _ _ _ _ _ _ _ _ _ \n\nfn = <selene.core.wait.Command object at 0x7f00895781d0>\n\n    def logic(fn: Callable[[E], R]) -> R:\n        finish_time = time.time() + self._timeout\n    \n        while True:\n            try:\n                return fn(self.entity)\n            except Exception as reason:\n                if time.time() > finish_time:\n                    reason_string = '{name}: {message}'.format(\n                        name=reason.__class__.__name__,\n                        message=getattr(reason, \"msg\", str(reason)),\n                    )\n                    # TODO: think on how can we improve logging failures in selene, e.g. reverse msg and stacktrace\n                    # stacktrace = getattr(reason, 'stacktrace', None)\n                    # TODO: should we have an option to turn on stacktrace logging?\n                    timeout = self._timeout\n                    entity = self.entity\n    \n                    # if it's a normal function, it should have __qualname__,\n                    # then use it, otherwise use str(fn)\n                    fn_name = getattr(\n                        fn,\n                        '__qualname__',\n                        getattr(fn, '__str__', lambda: str(fn))(),\n                    )\n    \n                    failure = TimeoutException(\n                        f'\\n'\n                        f'\\nTimed out after {timeout}s, while waiting for:'\n                        f'\\n{entity}.{fn_name}'\n                        f'\\n'\n                        f'\\nReason: {reason_string}'\n                    )\n    \n>                   raise self._hook_failure(failure)\nE                   selene.core.exceptions.TimeoutException: Message: \nE                   \nE                   Timed out after 4s, while waiting for:\nE                   browser.element(('css selector', 'body')).element(('css selector', '.signup-form')).element(('css selector', '[data-qa=signup-name]')).set value: Tammy Wise\nE                   \nE                   Reason: NoSuchElementException: no such element: Unable to locate element: {\"method\":\"css selector\",\"selector\":\".signup-form\"}\nE                     (Session info: chrome=141.0.7390.122); For documentation on this error, please visit: https://www.selenium.dev/documentation/webdriver/troubleshooting/errors#nosuchelementexception\nE                   Screenshot: file:///root/.selene/screenshots/1772063942900/1772063942900.png\nE                   PageSource: file:///root/.selene/screenshots/1772063942900/1772063942900.html\n\n/usr/local/lib/python3.13/site-packages/selene/core/wait.py:148: TimeoutException","steps":[{"name":"Pre sign up","time":{"start":1772064347574,"stop":1772064351700,"duration":4126},"status":"failed","statusMessage":"selene.core.exceptions.TimeoutException: Message: \n\nTimed out after 4s, while waiting for:\nbrowser.element(('css selector', 'body')).element(('css selector', '.signup-form')).element(('css selector', '[data-qa=signup-name]')).set value: Tammy Wise\n\nReason: NoSuchElementException: no such element: Unable to locate element: {\"method\":\"css selector\",\"selector\":\".signup-form\"}\n  (Session info: chrome=141.0.7390.122); For documentation on this error, please visit: https://www.selenium.dev/documentation/webdriver/troubleshooting/errors#nosuchelementexception\nScreenshot: file:///root/.selene/screenshots/1772063942900/1772063942900.png\nPageSource: file:///root/.selene/screenshots/1772063942900/1772063942900.html\n\n","statusTrace":"  File \"/automation-exercise-py/src/util/decorator/step_logger.py\", line 75, in wrapper\n    return func(*args, **kwargs)\n  File \"/automation-exercise-py/src/ui/component/auth_component.py\", line 67, in sign_up\n    self.__fill_data(name, email)\n    ~~~~~~~~~~~~~~~~^^^^^^^^^^^^^\n  File \"/automation-exercise-py/src/util/decorator/step_logger.py\", line 75, in wrapper\n    return func(*args, **kwargs)\n  File \"/automation-exercise-py/src/ui/component/auth_component.py\", line 72, in __fill_data\n    self.__fill_name(name)\n    ~~~~~~~~~~~~~~~~^^^^^^\n  File \"/automation-exercise-py/src/ui/component/auth_component.py\", line 76, in __fill_name\n    self.__locator.name().set_value(name)\n    ~~~~~~~~~~~~~~~~~~~~~~~~~~~~~~~^^^^^^\n  File \"/automation-exercise-py/src/util/decorator/step_logger.py\", line 75, in wrapper\n    return func(*args, **kwargs)\n  File \"/automation-exercise-py/src/ui/element/base_element.py\", line 406, in set_value\n    self._root.set_value(value)\n    ~~~~~~~~~~~~~~~~~~~~^^^^^^^\n  File \"/usr/local/lib/python3.13/site-packages/selene/core/entity.py\", line 354, in set_value\n    self.wait.for_(\n    ~~~~~~~~~~~~~~^\n        command.js.set_value(value)\n        ^^^^^^^^^^^^^^^^^^^^^^^^^^^\n        if self.config.set_value_by_js\n        ^^^^^^^^^^^^^^^^^^^^^^^^^^^^^^\n        else Command(f'set value: {value}', fn)\n        ^^^^^^^^^^^^^^^^^^^^^^^^^^^^^^^^^^^^^^^\n    )\n    ^\n  File \"/usr/local/lib/python3.13/site-packages/selene/core/wait.py\", line 150, in for_\n    return self._decorator(self)(logic)(fn)\n           ~~~~~~~~~~~~~~~~~~~~~~~~~~~~^^^^\n  File \"/usr/local/lib/python3.13/site-packages/selene/core/wait.py\", line 148, in logic\n    raise self._hook_failure(failure)\n","steps":[{"name":"Fill pre sign up data","time":{"start":1772064347574,"stop":1772064351698,"duration":4124},"status":"failed","statusMessage":"selene.core.exceptions.TimeoutException: Message: \n\nTimed out after 4s, while waiting for:\nbrowser.element(('css selector', 'body')).element(('css selector', '.signup-form')).element(('css selector', '[data-qa=signup-name]')).set value: Tammy Wise\n\nReason: NoSuchElementException: no such element: Unable to locate element: {\"method\":\"css selector\",\"selector\":\".signup-form\"}\n  (Session info: chrome=141.0.7390.122); For documentation on this error, please visit: https://www.selenium.dev/documentation/webdriver/troubleshooting/errors#nosuchelementexception\nScreenshot: file:///root/.selene/screenshots/1772063942900/1772063942900.png\nPageSource: file:///root/.selene/screenshots/1772063942900/1772063942900.html\n\n","statusTrace":"  File \"/automation-exercise-py/src/util/decorator/step_logger.py\", line 75, in wrapper\n    return func(*args, **kwargs)\n  File \"/automation-exercise-py/src/ui/component/auth_component.py\", line 72, in __fill_data\n    self.__fill_name(name)\n    ~~~~~~~~~~~~~~~~^^^^^^\n  File \"/automation-exercise-py/src/ui/component/auth_component.py\", line 76, in __fill_name\n    self.__locator.name().set_value(name)\n    ~~~~~~~~~~~~~~~~~~~~~~~~~~~~~~~^^^^^^\n  File \"/automation-exercise-py/src/util/decorator/step_logger.py\", line 75, in wrapper\n    return func(*args, **kwargs)\n  File \"/automation-exercise-py/src/ui/element/base_element.py\", line 406, in set_value\n    self._root.set_value(value)\n    ~~~~~~~~~~~~~~~~~~~~^^^^^^^\n  File \"/usr/local/lib/python3.13/site-packages/selene/core/entity.py\", line 354, in set_value\n    self.wait.for_(\n    ~~~~~~~~~~~~~~^\n        command.js.set_value(value)\n        ^^^^^^^^^^^^^^^^^^^^^^^^^^^\n        if self.config.set_value_by_js\n        ^^^^^^^^^^^^^^^^^^^^^^^^^^^^^^\n        else Command(f'set value: {value}', fn)\n        ^^^^^^^^^^^^^^^^^^^^^^^^^^^^^^^^^^^^^^^\n    )\n    ^\n  File \"/usr/local/lib/python3.13/site-packages/selene/core/wait.py\", line 150, in for_\n    return self._decorator(self)(logic)(fn)\n           ~~~~~~~~~~~~~~~~~~~~~~~~~~~~^^^^\n  File \"/usr/local/lib/python3.13/site-packages/selene/core/wait.py\", line 148, in logic\n    raise self._hook_failure(failure)\n","steps":[{"name":"Fill [Name]: Tammy Wise","time":{"start":1772064347574,"stop":1772064351696,"duration":4122},"status":"failed","statusMessage":"selene.core.exceptions.TimeoutException: Message: \n\nTimed out after 4s, while waiting for:\nbrowser.element(('css selector', 'body')).element(('css selector', '.signup-form')).element(('css selector', '[data-qa=signup-name]')).set value: Tammy Wise\n\nReason: NoSuchElementException: no such element: Unable to locate element: {\"method\":\"css selector\",\"selector\":\".signup-form\"}\n  (Session info: chrome=141.0.7390.122); For documentation on this error, please visit: https://www.selenium.dev/documentation/webdriver/troubleshooting/errors#nosuchelementexception\nScreenshot: file:///root/.selene/screenshots/1772063942900/1772063942900.png\nPageSource: file:///root/.selene/screenshots/1772063942900/1772063942900.html\n\n","statusTrace":"  File \"/automation-exercise-py/src/util/decorator/step_logger.py\", line 75, in wrapper\n    return func(*args, **kwargs)\n  File \"/automation-exercise-py/src/ui/element/base_element.py\", line 406, in set_value\n    self._root.set_value(value)\n    ~~~~~~~~~~~~~~~~~~~~^^^^^^^\n  File \"/usr/local/lib/python3.13/site-packages/selene/core/entity.py\", line 354, in set_value\n    self.wait.for_(\n    ~~~~~~~~~~~~~~^\n        command.js.set_value(value)\n        ^^^^^^^^^^^^^^^^^^^^^^^^^^^\n        if self.config.set_value_by_js\n        ^^^^^^^^^^^^^^^^^^^^^^^^^^^^^^\n        else Command(f'set value: {value}', fn)\n        ^^^^^^^^^^^^^^^^^^^^^^^^^^^^^^^^^^^^^^^\n    )\n    ^\n  File \"/usr/local/lib/python3.13/site-packages/selene/core/wait.py\", line 150, in for_\n    return self._decorator(self)(logic)(fn)\n           ~~~~~~~~~~~~~~~~~~~~~~~~~~~~^^^^\n  File \"/usr/local/lib/python3.13/site-packages/selene/core/wait.py\", line 148, in logic\n    raise self._hook_failure(failure)\n","steps":[],"attachments":[],"parameters":[],"stepsCount":0,"shouldDisplayMessage":true,"attachmentsCount":0,"hasContent":true,"attachmentStep":false}],"attachments":[],"parameters":[],"stepsCount":1,"shouldDisplayMessage":false,"attachmentsCount":0,"hasContent":true,"attachmentStep":false}],"attachments":[],"parameters":[],"stepsCount":2,"shouldDisplayMessage":false,"attachmentsCount":0,"hasContent":true,"attachmentStep":false},{"name":"Get test video from Selenoid by video id = [test_should_sign_up_with_valid_data['mobile_number' length = min]]","time":{"start":1772064351969,"stop":1772064355992,"duration":4023},"status":"passed","steps":[{"name":"Send request [GET]: /video/test_should_sign_up_with_valid_data['mobile_number' length = min].mp4","time":{"start":1772064351970,"stop":1772064351973,"duration":3},"status":"passed","steps":[],"attachments":[{"uid":"bde06343f92ba750","name":"Request","source":"bde06343f92ba750.txt","type":"text/plain","size":395},{"uid":"8d772e0de1132575","name":"Response","source":"8d772e0de1132575.txt","type":"text/plain","size":286}],"parameters":[],"stepsCount":0,"shouldDisplayMessage":false,"attachmentsCount":2,"hasContent":true,"attachmentStep":false},{"name":"Send request [GET]: /video/test_should_sign_up_with_valid_data['mobile_number' length = min].mp4","time":{"start":1772064355974,"stop":1772064355992,"duration":18},"status":"passed","steps":[],"attachments":[{"uid":"e74f553d6ce3b32a","name":"Request","source":"e74f553d6ce3b32a.txt","type":"text/plain","size":395},{"uid":"43b8a957441cb97","name":"Response","source":"43b8a957441cb97.txt","type":"text/plain","size":313}],"parameters":[],"stepsCount":0,"shouldDisplayMessage":false,"attachmentsCount":2,"hasContent":true,"attachmentStep":false}],"attachments":[],"parameters":[],"stepsCount":2,"shouldDisplayMessage":false,"attachmentsCount":4,"hasContent":true,"attachmentStep":false}],"attachments":[{"uid":"d9348caaf320ba4f","name":"Screenshot","source":"d9348caaf320ba4f.png","type":"image/png","size":91723},{"uid":"43cb236c121e6c4a","name":"Page Source","source":"43cb236c121e6c4a.html","type":"text/html","size":6750},{"uid":"41438566bab4f4f0","name":"Test video","source":"41438566bab4f4f0.mp4","type":"video/mp4","size":118665},{"uid":"4304c195d27681fd","name":"log","source":"4304c195d27681fd.txt","type":"text/plain","size":2144},{"uid":"4a27bb86ace47a92","name":"stderr","source":"4a27bb86ace47a92.txt","type":"text/plain","size":4037}],"parameters":[],"stepsCount":6,"shouldDisplayMessage":true,"attachmentsCount":9,"hasContent":true,"attachmentStep":false},"afterStages":[{"name":"Each UI test fixture::0","time":{"start":1772064356001,"stop":1772064356001,"duration":0},"status":"passed","steps":[],"attachments":[],"parameters":[],"stepsCount":0,"shouldDisplayMessage":false,"attachmentsCount":0,"hasContent":false,"attachmentStep":false},{"name":"_xunit_setup_method_fixture_TestSignUpWeb::0","time":{"start":1772064356001,"stop":1772064356001,"duration":0},"status":"passed","steps":[],"attachments":[],"parameters":[],"stepsCount":0,"shouldDisplayMessage":false,"attachmentsCount":0,"hasContent":false,"attachmentStep":false},{"name":"Each test fixtures::0","time":{"start":1772064356002,"stop":1772064357834,"duration":1832},"status":"passed","steps":[{"name":"Remove current test users from backend","time":{"start":1772064356002,"stop":1772064357834,"duration":1832},"status":"passed","steps":[{"name":"Delete user with email: judith77.1@test.arrnel.gov","time":{"start":1772064356003,"stop":1772064357832,"duration":1829},"status":"failed","statusMessage":"AssertionError: \n1. Body field 'responseCode' value mismatch.\bExpected = [200]\bActual = [404]\b\n\n","statusTrace":"  File \"/automation-exercise-py/src/util/decorator/step_logger.py\", line 75, in wrapper\n    return func(*args, **kwargs)\n  File \"/automation-exercise-py/src/service/user_api_service.py\", line 69, in delete_user\n    self.user_api_client.send_delete_user_request(email, password).check(\n    ~~~~~~~~~~~~~~~~~~~~~~~~~~~~~~~~~~~~~~~~~~~~~~~~~~~~~~~~~~~~~~~~~~~~^\n        Conditions.status_code(HTTPStatus.OK),\n        ^^^^^^^^^^^^^^^^^^^^^^^^^^^^^^^^^^^^^^\n        Conditions.body_status_code(HTTPStatus.OK),\n        ^^^^^^^^^^^^^^^^^^^^^^^^^^^^^^^^^^^^^^^^^^^\n    )\n    ^\n  File \"/automation-exercise-py/src/client/core/assertion.py\", line 22, in check\n    raise AssertionError(f\"{''.join(invalid_checks)}\\n\")\n","steps":[{"name":"Send request [DELETE]: /deleteAccount","time":{"start":1772064356004,"stop":1772064357810,"duration":1806},"status":"passed","steps":[],"attachments":[{"uid":"c28b5d4bfc57c2d5","name":"Request","source":"c28b5d4bfc57c2d5.txt","type":"text/plain","size":394},{"uid":"baaadc11e63f4c72","name":"Response","source":"baaadc11e63f4c72.txt","type":"text/plain","size":928}],"parameters":[],"stepsCount":0,"shouldDisplayMessage":false,"attachmentsCount":2,"hasContent":true,"attachmentStep":false}],"attachments":[],"parameters":[],"stepsCount":1,"shouldDisplayMessage":true,"attachmentsCount":2,"hasContent":true,"attachmentStep":false}],"attachments":[],"parameters":[],"stepsCount":2,"shouldDisplayMessage":false,"attachmentsCount":2,"hasContent":true,"attachmentStep":false}],"attachments":[],"parameters":[],"stepsCount":3,"shouldDisplayMessage":false,"attachmentsCount":2,"hasContent":true,"attachmentStep":false},{"name":"All test fixtures::0","time":{"start":1772065249960,"stop":1772065249960,"duration":0},"status":"passed","steps":[{"name":"Remove users from backend after all tests","time":{"start":1772065249960,"stop":1772065249960,"duration":0},"status":"passed","steps":[],"attachments":[],"parameters":[],"stepsCount":0,"shouldDisplayMessage":false,"attachmentsCount":0,"hasContent":false,"attachmentStep":false}],"attachments":[],"parameters":[],"stepsCount":1,"shouldDisplayMessage":false,"attachmentsCount":0,"hasContent":true,"attachmentStep":false}],"labels":[{"name":"feature","value":"Sign Up Component"},{"name":"story","value":"Sign up with valid credentials"},{"name":"epic","value":"WEB Component"},{"name":"owner","value":"arrnel"},{"name":"tag","value":"@pytest.mark.usefixtures('open_login_page')"},{"name":"tag","value":"web_test"},{"name":"tag","value":"component_test"},{"name":"tag","value":"sign_up_page_test"},{"name":"tag","value":"sign_up_component_test"},{"name":"tag","value":"user_test"},{"name":"parentSuite","value":"tests.web.component.auth"},{"name":"suite","value":"test_signup_component"},{"name":"subSuite","value":"TestSignUpWeb"},{"name":"host","value":"b576b2dabe6c"},{"name":"thread","value":"12-MainThread"},{"name":"framework","value":"pytest"},{"name":"language","value":"cpython3"},{"name":"package","value":"tests.web.component.auth.test_signup_component"},{"name":"resultFormat","value":"allure2"}],"parameters":[{"name":"case_title","value":"''mobile_number' length = min'"},{"name":"user","value":"User(id=<built-in function id>, self.email='judith77.1@test.arrnel.gov', self.first_name='Tammy', self.last_name='Wise')"}],"links":[],"hidden":false,"retry":false,"extra":{"severity":"normal","owner":"arrnel","retries":[],"categories":[{"name":"Product defects","matchedStatuses":[],"flaky":false}],"tags":["web_test","sign_up_page_test","sign_up_component_test","@pytest.mark.usefixtures('open_login_page')","component_test","user_test"]},"source":"8446bad26895568d.json","parameterValues":["''mobile_number' length = min'","User(id=<built-in function id>, self.email='judith77.1@test.arrnel.gov', self.first_name='Tammy', self.last_name='Wise')"]}