{"uid":"88b411d202d2069d","name":"[WEB] Should add product review with valid data. Case: 'email' username is numerical","fullName":"tests.web.component.review.test_review_component.TestReviewComponent#test_add_review_with_valid_data","historyId":"b6432d46a9337e6179ae7992bf86e5e7","time":{"start":1772064980631,"stop":1772064980631,"duration":0},"status":"broken","statusMessage":"selenium.common.exceptions.TimeoutException: Message: timeout: Timed out receiving message from renderer: -0.008\n  (Session info: chrome=141.0.7390.122)\nStacktrace:\n#0 0x555a6de9afea <unknown>\n#1 0x555a6d918d06 <unknown>\n#2 0x555a6d900de6 <unknown>\n#3 0x555a6d900ac9 <unknown>\n#4 0x555a6d8fe912 <unknown>\n#5 0x555a6d8ff25f <unknown>\n#6 0x555a6d90db33 <unknown>\n#7 0x555a6d92721b <unknown>\n#8 0x555a6d92d9bb <unknown>\n#9 0x555a6d8ff99d <unknown>\n#10 0x555a6d926f48 <unknown>\n#11 0x555a6d9b6a0b <unknown>\n#12 0x555a6d990be3 <unknown>\n#13 0x555a6d95d2d2 <unknown>\n#14 0x555a6d95df91 <unknown>\n#15 0x555a6de5e9e8 <unknown>\n#16 0x555a6de6284f <unknown>\n#17 0x555a6de45ec9 <unknown>\n#18 0x555a6de633f5 <unknown>\n#19 0x555a6de2b74f <unknown>\n#20 0x555a6de87cc8 <unknown>\n#21 0x555a6de87ea3 <unknown>\n#22 0x555a6de99f83 <unknown>\n#23 0x7f75b5357ac3 <unknown>","statusTrace":"@pytest.fixture()\n    @allure.title(\"Open Expected Product page\")\n    def open_expected_product_page():\n        product = DataGenerator.expected_product()\n>       ProductPage().navigate(product.id)\n\ntests/web/conftest.py:128: \n_ _ _ _ _ _ _ _ _ _ _ _ _ _ _ _ _ _ _ _ _ _ _ _ _ _ _ _ _ _ _ _ _ _ _ _ _ _ _ _ \nsrc/util/decorator/step_logger.py:75: in wrapper\n    return func(*args, **kwargs)\n           ^^^^^^^^^^^^^^^^^^^^^\nsrc/ui/page/product_page.py:55: in navigate\n    browser.open(URL_PATTERN.format(product_id=product_id))\n/usr/local/lib/python3.13/site-packages/selene/core/_browser.py:93: in open\n    self.config._executor.get_url(relative_or_absolute_url)\n/usr/local/lib/python3.13/site-packages/selene/core/configuration.py:263: in get_url\n    self.config._driver_get_url_strategy(self.config)(url)\n/usr/local/lib/python3.13/site-packages/selene/core/configuration.py:215: in get\n    driver.get(url)\n/usr/local/lib/python3.13/site-packages/selenium/webdriver/remote/webdriver.py:452: in get\n    self.execute(Command.GET, {\"url\": url})\n/usr/local/lib/python3.13/site-packages/selenium/webdriver/remote/webdriver.py:432: in execute\n    self.error_handler.check_response(response)\n_ _ _ _ _ _ _ _ _ _ _ _ _ _ _ _ _ _ _ _ _ _ _ _ _ _ _ _ _ _ _ _ _ _ _ _ _ _ _ _ \n\nself = <selenium.webdriver.remote.errorhandler.ErrorHandler object at 0x7fabf1e07a70>\nresponse = {'status': 500, 'value': '{\"value\":{\"error\":\"timeout\",\"message\":\"timeout: Timed out receiving message from renderer: -...\\\\n#21 0x555a6de87ea3 \\\\u003Cunknown>\\\\n#22 0x555a6de99f83 \\\\u003Cunknown>\\\\n#23 0x7f75b5357ac3 \\\\u003Cunknown>\\\\n\"}}'}\n\n    def check_response(self, response: dict[str, Any]) -> None:\n        \"\"\"Check that a JSON response from the WebDriver does not have an error.\n    \n        Args:\n            response: The JSON response from the WebDriver server as a dictionary\n                object.\n    \n        Raises:\n            WebDriverException: If the response contains an error message.\n        \"\"\"\n        status = response.get(\"status\", None)\n        if not status or status == ErrorCode.SUCCESS:\n            return\n        value = None\n        message = response.get(\"message\", \"\")\n        screen: str = response.get(\"screen\", \"\")\n        stacktrace = None\n        if isinstance(status, int):\n            value_json = response.get(\"value\", None)\n            if value_json and isinstance(value_json, str):\n                try:\n                    value = json.loads(value_json)\n                    if isinstance(value, dict):\n                        if len(value) == 1:\n                            value = value[\"value\"]\n                        status = value.get(\"error\", None)\n                        if not status:\n                            status = value.get(\"status\", ErrorCode.UNKNOWN_ERROR)\n                            message = value.get(\"value\") or value.get(\"message\")\n                            if not isinstance(message, str):\n                                value = message\n                                message = message.get(\"message\") if isinstance(message, dict) else None\n                        else:\n                            message = value.get(\"message\", None)\n                except ValueError:\n                    pass\n    \n        exception_class: type[WebDriverException]\n        e = ErrorCode()\n        error_codes = [item for item in dir(e) if not item.startswith(\"__\")]\n        for error_code in error_codes:\n            error_info = getattr(ErrorCode, error_code)\n            if isinstance(error_info, list) and status in error_info:\n                exception_class = getattr(ExceptionMapping, error_code, WebDriverException)\n                break\n        else:\n            exception_class = WebDriverException\n    \n        if not value:\n            value = response[\"value\"]\n        if isinstance(value, str):\n            raise exception_class(value)\n        if message == \"\" and \"message\" in value:\n            message = value[\"message\"]\n    \n        screen = None  # type: ignore[assignment]\n        if \"screen\" in value:\n            screen = value[\"screen\"]\n    \n        stacktrace = None\n        st_value = value.get(\"stackTrace\") or value.get(\"stacktrace\")\n        if st_value:\n            if isinstance(st_value, str):\n                stacktrace = st_value.split(\"\\n\")\n            else:\n                stacktrace = []\n                try:\n                    for frame in st_value:\n                        line = frame.get(\"lineNumber\", \"\")\n                        file = frame.get(\"fileName\", \"<anonymous>\")\n                        if line:\n                            file = f\"{file}:{line}\"\n                        meth = frame.get(\"methodName\", \"<anonymous>\")\n                        if \"className\" in frame:\n                            meth = f\"{frame['className']}.{meth}\"\n                        msg = \"    at %s (%s)\"\n                        msg = msg % (meth, file)\n                        stacktrace.append(msg)\n                except TypeError:\n                    pass\n        if exception_class == UnexpectedAlertPresentException:\n            alert_text = None\n            if \"data\" in value:\n                alert_text = value[\"data\"].get(\"text\")\n            elif \"alert\" in value:\n                alert_text = value[\"alert\"].get(\"text\")\n            raise exception_class(message, screen, stacktrace, alert_text)  # type: ignore[call-arg]  # mypy is not smart enough here\n>       raise exception_class(message, screen, stacktrace)\nE       selenium.common.exceptions.TimeoutException: Message: timeout: Timed out receiving message from renderer: -0.008\nE         (Session info: chrome=141.0.7390.122)\nE       Stacktrace:\nE       #0 0x555a6de9afea <unknown>\nE       #1 0x555a6d918d06 <unknown>\nE       #2 0x555a6d900de6 <unknown>\nE       #3 0x555a6d900ac9 <unknown>\nE       #4 0x555a6d8fe912 <unknown>\nE       #5 0x555a6d8ff25f <unknown>\nE       #6 0x555a6d90db33 <unknown>\nE       #7 0x555a6d92721b <unknown>\nE       #8 0x555a6d92d9bb <unknown>\nE       #9 0x555a6d8ff99d <unknown>\nE       #10 0x555a6d926f48 <unknown>\nE       #11 0x555a6d9b6a0b <unknown>\nE       #12 0x555a6d990be3 <unknown>\nE       #13 0x555a6d95d2d2 <unknown>\nE       #14 0x555a6d95df91 <unknown>\nE       #15 0x555a6de5e9e8 <unknown>\nE       #16 0x555a6de6284f <unknown>\nE       #17 0x555a6de45ec9 <unknown>\nE       #18 0x555a6de633f5 <unknown>\nE       #19 0x555a6de2b74f <unknown>\nE       #20 0x555a6de87cc8 <unknown>\nE       #21 0x555a6de87ea3 <unknown>\nE       #22 0x555a6de99f83 <unknown>\nE       #23 0x7f75b5357ac3 <unknown>\n\n/usr/local/lib/python3.13/site-packages/selenium/webdriver/remote/errorhandler.py:232: TimeoutException","flaky":false,"newFailed":false,"newBroken":false,"newPassed":false,"retriesCount":0,"retriesStatusChange":false,"beforeStages":[{"name":"_session_faker","time":{"start":1772063946086,"stop":1772063946087,"duration":1},"status":"passed","steps":[],"attachments":[],"parameters":[],"stepsCount":0,"shouldDisplayMessage":false,"attachmentsCount":0,"hasContent":false,"attachmentStep":false},{"name":"All test fixtures","time":{"start":1772063946087,"stop":1772063946088,"duration":1},"status":"passed","steps":[{"name":"Tests configuration data","time":{"start":1772063946088,"stop":1772063946088,"duration":0},"status":"passed","steps":[],"attachments":[{"uid":"5ae07c7b8ee59cdb","name":"Configuration","source":"5ae07c7b8ee59cdb.txt","type":"text/plain","size":1705}],"parameters":[],"stepsCount":0,"shouldDisplayMessage":false,"attachmentsCount":1,"hasContent":true,"attachmentStep":false}],"attachments":[],"parameters":[],"stepsCount":1,"shouldDisplayMessage":false,"attachmentsCount":1,"hasContent":true,"attachmentStep":false},{"name":"All UI tests fixture","time":{"start":1772064034686,"stop":1772064034686,"duration":0},"status":"passed","steps":[],"attachments":[],"parameters":[],"stepsCount":0,"shouldDisplayMessage":false,"attachmentsCount":0,"hasContent":false,"attachmentStep":false},{"name":"Each UI test fixture","time":{"start":1772064980632,"stop":1772065004712,"duration":24080},"status":"passed","steps":[{"name":"Open browser","time":{"start":1772064980632,"stop":1772065004712,"duration":24080},"status":"passed","steps":[],"attachments":[],"parameters":[],"stepsCount":0,"shouldDisplayMessage":false,"attachmentsCount":0,"hasContent":false,"attachmentStep":false}],"attachments":[],"parameters":[],"stepsCount":1,"shouldDisplayMessage":false,"attachmentsCount":0,"hasContent":true,"attachmentStep":false},{"name":"Each test fixtures","time":{"start":1772064980632,"stop":1772064980632,"duration":0},"status":"passed","steps":[],"attachments":[],"parameters":[],"stepsCount":0,"shouldDisplayMessage":false,"attachmentsCount":0,"hasContent":false,"attachmentStep":false},{"name":"_xunit_setup_method_fixture_TestReviewComponent","time":{"start":1772065004712,"stop":1772065004759,"duration":47},"status":"passed","steps":[],"attachments":[],"parameters":[],"stepsCount":0,"shouldDisplayMessage":false,"attachmentsCount":0,"hasContent":false,"attachmentStep":false},{"name":"Open Expected Product page","time":{"start":1772065004759,"stop":1772065014795,"duration":10036},"status":"broken","statusMessage":"selenium.common.exceptions.TimeoutException: Message: timeout: Timed out receiving message from renderer: -0.008\n  (Session info: chrome=141.0.7390.122)\nStacktrace:\n#0 0x555a6de9afea <unknown>\n#1 0x555a6d918d06 <unknown>\n#2 0x555a6d900de6 <unknown>\n#3 0x555a6d900ac9 <unknown>\n#4 0x555a6d8fe912 <unknown>\n#5 0x555a6d8ff25f <unknown>\n#6 0x555a6d90db33 <unknown>\n#7 0x555a6d92721b <unknown>\n#8 0x555a6d92d9bb <unknown>\n#9 0x555a6d8ff99d <unknown>\n#10 0x555a6d926f48 <unknown>\n#11 0x555a6d9b6a0b <unknown>\n#12 0x555a6d990be3 <unknown>\n#13 0x555a6d95d2d2 <unknown>\n#14 0x555a6d95df91 <unknown>\n#15 0x555a6de5e9e8 <unknown>\n#16 0x555a6de6284f <unknown>\n#17 0x555a6de45ec9 <unknown>\n#18 0x555a6de633f5 <unknown>\n#19 0x555a6de2b74f <unknown>\n#20 0x555a6de87cc8 <unknown>\n#21 0x555a6de87ea3 <unknown>\n#22 0x555a6de99f83 <unknown>\n#23 0x7f75b5357ac3 <unknown>\n\n","statusTrace":"  File \"/usr/local/lib/python3.13/site-packages/pluggy/_callers.py\", line 38, in run_old_style_hookwrapper\n    res = yield\n          ^^^^^\n  File \"/usr/local/lib/python3.13/site-packages/pluggy/_callers.py\", line 139, in _multicall\n    teardown.throw(exception)\n    ~~~~~~~~~~~~~~^^^^^^^^^^^\n  File \"/usr/local/lib/python3.13/site-packages/pluggy/_callers.py\", line 53, in run_old_style_hookwrapper\n    return result.get_result()\n           ~~~~~~~~~~~~~~~~~^^\n  File \"/usr/local/lib/python3.13/site-packages/pluggy/_result.py\", line 103, in get_result\n    raise exc.with_traceback(tb)\n  File \"/usr/local/lib/python3.13/site-packages/pluggy/_callers.py\", line 38, in run_old_style_hookwrapper\n    res = yield\n          ^^^^^\n  File \"/usr/local/lib/python3.13/site-packages/pluggy/_callers.py\", line 139, in _multicall\n    teardown.throw(exception)\n    ~~~~~~~~~~~~~~^^^^^^^^^^^\n  File \"/usr/local/lib/python3.13/site-packages/_pytest/setuponly.py\", line 36, in pytest_fixture_setup\n    return (yield)\n            ^^^^^\n  File \"/usr/local/lib/python3.13/site-packages/pluggy/_callers.py\", line 121, in _multicall\n    res = hook_impl.function(*args)\n  File \"/usr/local/lib/python3.13/site-packages/_pytest/fixtures.py\", line 1196, in pytest_fixture_setup\n    result = call_fixture_func(fixturefunc, request, kwargs)\n  File \"/usr/local/lib/python3.13/site-packages/_pytest/fixtures.py\", line 930, in call_fixture_func\n    fixture_result = fixturefunc(**kwargs)\n  File \"/automation-exercise-py/tests/web/conftest.py\", line 128, in open_expected_product_page\n    ProductPage().navigate(product.id)\n    ~~~~~~~~~~~~~~~~~~~~~~^^^^^^^^^^^^\n  File \"/automation-exercise-py/src/util/decorator/step_logger.py\", line 75, in wrapper\n    return func(*args, **kwargs)\n  File \"/automation-exercise-py/src/ui/page/product_page.py\", line 55, in navigate\n    browser.open(URL_PATTERN.format(product_id=product_id))\n    ~~~~~~~~~~~~^^^^^^^^^^^^^^^^^^^^^^^^^^^^^^^^^^^^^^^^^^^\n  File \"/usr/local/lib/python3.13/site-packages/selene/core/_browser.py\", line 93, in open\n    self.config._executor.get_url(relative_or_absolute_url)\n    ~~~~~~~~~~~~~~~~~~~~~~~~~~~~~^^^^^^^^^^^^^^^^^^^^^^^^^^\n  File \"/usr/local/lib/python3.13/site-packages/selene/core/configuration.py\", line 263, in get_url\n    self.config._driver_get_url_strategy(self.config)(url)\n    ~~~~~~~~~~~~~~~~~~~~~~~~~~~~~~~~~~~~~~~~~~~~~~~~~^^^^^\n  File \"/usr/local/lib/python3.13/site-packages/selene/core/configuration.py\", line 215, in get\n    driver.get(url)\n    ~~~~~~~~~~^^^^^\n  File \"/usr/local/lib/python3.13/site-packages/selenium/webdriver/remote/webdriver.py\", line 452, in get\n    self.execute(Command.GET, {\"url\": url})\n    ~~~~~~~~~~~~^^^^^^^^^^^^^^^^^^^^^^^^^^^\n  File \"/usr/local/lib/python3.13/site-packages/selenium/webdriver/remote/webdriver.py\", line 432, in execute\n    self.error_handler.check_response(response)\n    ~~~~~~~~~~~~~~~~~~~~~~~~~~~~~~~~~^^^^^^^^^^\n  File \"/usr/local/lib/python3.13/site-packages/selenium/webdriver/remote/errorhandler.py\", line 232, in check_response\n    raise exception_class(message, screen, stacktrace)\n","steps":[{"name":"Open [Product Page]: /product_details/{URL_PATTERN.format(product_id=product_id)} [format_error: AttributeError: 'str' object has no attribute 'format(product_id=product_id)']","time":{"start":1772065004760,"stop":1772065014793,"duration":10033},"status":"broken","statusMessage":"selenium.common.exceptions.TimeoutException: Message: timeout: Timed out receiving message from renderer: -0.008\n  (Session info: chrome=141.0.7390.122)\nStacktrace:\n#0 0x555a6de9afea <unknown>\n#1 0x555a6d918d06 <unknown>\n#2 0x555a6d900de6 <unknown>\n#3 0x555a6d900ac9 <unknown>\n#4 0x555a6d8fe912 <unknown>\n#5 0x555a6d8ff25f <unknown>\n#6 0x555a6d90db33 <unknown>\n#7 0x555a6d92721b <unknown>\n#8 0x555a6d92d9bb <unknown>\n#9 0x555a6d8ff99d <unknown>\n#10 0x555a6d926f48 <unknown>\n#11 0x555a6d9b6a0b <unknown>\n#12 0x555a6d990be3 <unknown>\n#13 0x555a6d95d2d2 <unknown>\n#14 0x555a6d95df91 <unknown>\n#15 0x555a6de5e9e8 <unknown>\n#16 0x555a6de6284f <unknown>\n#17 0x555a6de45ec9 <unknown>\n#18 0x555a6de633f5 <unknown>\n#19 0x555a6de2b74f <unknown>\n#20 0x555a6de87cc8 <unknown>\n#21 0x555a6de87ea3 <unknown>\n#22 0x555a6de99f83 <unknown>\n#23 0x7f75b5357ac3 <unknown>\n\n","statusTrace":"  File \"/automation-exercise-py/src/util/decorator/step_logger.py\", line 75, in wrapper\n    return func(*args, **kwargs)\n  File \"/automation-exercise-py/src/ui/page/product_page.py\", line 55, in navigate\n    browser.open(URL_PATTERN.format(product_id=product_id))\n    ~~~~~~~~~~~~^^^^^^^^^^^^^^^^^^^^^^^^^^^^^^^^^^^^^^^^^^^\n  File \"/usr/local/lib/python3.13/site-packages/selene/core/_browser.py\", line 93, in open\n    self.config._executor.get_url(relative_or_absolute_url)\n    ~~~~~~~~~~~~~~~~~~~~~~~~~~~~~^^^^^^^^^^^^^^^^^^^^^^^^^^\n  File \"/usr/local/lib/python3.13/site-packages/selene/core/configuration.py\", line 263, in get_url\n    self.config._driver_get_url_strategy(self.config)(url)\n    ~~~~~~~~~~~~~~~~~~~~~~~~~~~~~~~~~~~~~~~~~~~~~~~~~^^^^^\n  File \"/usr/local/lib/python3.13/site-packages/selene/core/configuration.py\", line 215, in get\n    driver.get(url)\n    ~~~~~~~~~~^^^^^\n  File \"/usr/local/lib/python3.13/site-packages/selenium/webdriver/remote/webdriver.py\", line 452, in get\n    self.execute(Command.GET, {\"url\": url})\n    ~~~~~~~~~~~~^^^^^^^^^^^^^^^^^^^^^^^^^^^\n  File \"/usr/local/lib/python3.13/site-packages/selenium/webdriver/remote/webdriver.py\", line 432, in execute\n    self.error_handler.check_response(response)\n    ~~~~~~~~~~~~~~~~~~~~~~~~~~~~~~~~~^^^^^^^^^^\n  File \"/usr/local/lib/python3.13/site-packages/selenium/webdriver/remote/errorhandler.py\", line 232, in check_response\n    raise exception_class(message, screen, stacktrace)\n","steps":[],"attachments":[],"parameters":[],"stepsCount":0,"shouldDisplayMessage":true,"attachmentsCount":0,"hasContent":true,"attachmentStep":false}],"attachments":[],"parameters":[],"stepsCount":1,"shouldDisplayMessage":false,"attachmentsCount":0,"hasContent":true,"attachmentStep":false}],"testStage":{"status":"broken","statusMessage":"selenium.common.exceptions.TimeoutException: Message: timeout: Timed out receiving message from renderer: -0.008\n  (Session info: chrome=141.0.7390.122)\nStacktrace:\n#0 0x555a6de9afea <unknown>\n#1 0x555a6d918d06 <unknown>\n#2 0x555a6d900de6 <unknown>\n#3 0x555a6d900ac9 <unknown>\n#4 0x555a6d8fe912 <unknown>\n#5 0x555a6d8ff25f <unknown>\n#6 0x555a6d90db33 <unknown>\n#7 0x555a6d92721b <unknown>\n#8 0x555a6d92d9bb <unknown>\n#9 0x555a6d8ff99d <unknown>\n#10 0x555a6d926f48 <unknown>\n#11 0x555a6d9b6a0b <unknown>\n#12 0x555a6d990be3 <unknown>\n#13 0x555a6d95d2d2 <unknown>\n#14 0x555a6d95df91 <unknown>\n#15 0x555a6de5e9e8 <unknown>\n#16 0x555a6de6284f <unknown>\n#17 0x555a6de45ec9 <unknown>\n#18 0x555a6de633f5 <unknown>\n#19 0x555a6de2b74f <unknown>\n#20 0x555a6de87cc8 <unknown>\n#21 0x555a6de87ea3 <unknown>\n#22 0x555a6de99f83 <unknown>\n#23 0x7f75b5357ac3 <unknown>","statusTrace":"@pytest.fixture()\n    @allure.title(\"Open Expected Product page\")\n    def open_expected_product_page():\n        product = DataGenerator.expected_product()\n>       ProductPage().navigate(product.id)\n\ntests/web/conftest.py:128: \n_ _ _ _ _ _ _ _ _ _ _ _ _ _ _ _ _ _ _ _ _ _ _ _ _ _ _ _ _ _ _ _ _ _ _ _ _ _ _ _ \nsrc/util/decorator/step_logger.py:75: in wrapper\n    return func(*args, **kwargs)\n           ^^^^^^^^^^^^^^^^^^^^^\nsrc/ui/page/product_page.py:55: in navigate\n    browser.open(URL_PATTERN.format(product_id=product_id))\n/usr/local/lib/python3.13/site-packages/selene/core/_browser.py:93: in open\n    self.config._executor.get_url(relative_or_absolute_url)\n/usr/local/lib/python3.13/site-packages/selene/core/configuration.py:263: in get_url\n    self.config._driver_get_url_strategy(self.config)(url)\n/usr/local/lib/python3.13/site-packages/selene/core/configuration.py:215: in get\n    driver.get(url)\n/usr/local/lib/python3.13/site-packages/selenium/webdriver/remote/webdriver.py:452: in get\n    self.execute(Command.GET, {\"url\": url})\n/usr/local/lib/python3.13/site-packages/selenium/webdriver/remote/webdriver.py:432: in execute\n    self.error_handler.check_response(response)\n_ _ _ _ _ _ _ _ _ _ _ _ _ _ _ _ _ _ _ _ _ _ _ _ _ _ _ _ _ _ _ _ _ _ _ _ _ _ _ _ \n\nself = <selenium.webdriver.remote.errorhandler.ErrorHandler object at 0x7fabf1e07a70>\nresponse = {'status': 500, 'value': '{\"value\":{\"error\":\"timeout\",\"message\":\"timeout: Timed out receiving message from renderer: -...\\\\n#21 0x555a6de87ea3 \\\\u003Cunknown>\\\\n#22 0x555a6de99f83 \\\\u003Cunknown>\\\\n#23 0x7f75b5357ac3 \\\\u003Cunknown>\\\\n\"}}'}\n\n    def check_response(self, response: dict[str, Any]) -> None:\n        \"\"\"Check that a JSON response from the WebDriver does not have an error.\n    \n        Args:\n            response: The JSON response from the WebDriver server as a dictionary\n                object.\n    \n        Raises:\n            WebDriverException: If the response contains an error message.\n        \"\"\"\n        status = response.get(\"status\", None)\n        if not status or status == ErrorCode.SUCCESS:\n            return\n        value = None\n        message = response.get(\"message\", \"\")\n        screen: str = response.get(\"screen\", \"\")\n        stacktrace = None\n        if isinstance(status, int):\n            value_json = response.get(\"value\", None)\n            if value_json and isinstance(value_json, str):\n                try:\n                    value = json.loads(value_json)\n                    if isinstance(value, dict):\n                        if len(value) == 1:\n                            value = value[\"value\"]\n                        status = value.get(\"error\", None)\n                        if not status:\n                            status = value.get(\"status\", ErrorCode.UNKNOWN_ERROR)\n                            message = value.get(\"value\") or value.get(\"message\")\n                            if not isinstance(message, str):\n                                value = message\n                                message = message.get(\"message\") if isinstance(message, dict) else None\n                        else:\n                            message = value.get(\"message\", None)\n                except ValueError:\n                    pass\n    \n        exception_class: type[WebDriverException]\n        e = ErrorCode()\n        error_codes = [item for item in dir(e) if not item.startswith(\"__\")]\n        for error_code in error_codes:\n            error_info = getattr(ErrorCode, error_code)\n            if isinstance(error_info, list) and status in error_info:\n                exception_class = getattr(ExceptionMapping, error_code, WebDriverException)\n                break\n        else:\n            exception_class = WebDriverException\n    \n        if not value:\n            value = response[\"value\"]\n        if isinstance(value, str):\n            raise exception_class(value)\n        if message == \"\" and \"message\" in value:\n            message = value[\"message\"]\n    \n        screen = None  # type: ignore[assignment]\n        if \"screen\" in value:\n            screen = value[\"screen\"]\n    \n        stacktrace = None\n        st_value = value.get(\"stackTrace\") or value.get(\"stacktrace\")\n        if st_value:\n            if isinstance(st_value, str):\n                stacktrace = st_value.split(\"\\n\")\n            else:\n                stacktrace = []\n                try:\n                    for frame in st_value:\n                        line = frame.get(\"lineNumber\", \"\")\n                        file = frame.get(\"fileName\", \"<anonymous>\")\n                        if line:\n                            file = f\"{file}:{line}\"\n                        meth = frame.get(\"methodName\", \"<anonymous>\")\n                        if \"className\" in frame:\n                            meth = f\"{frame['className']}.{meth}\"\n                        msg = \"    at %s (%s)\"\n                        msg = msg % (meth, file)\n                        stacktrace.append(msg)\n                except TypeError:\n                    pass\n        if exception_class == UnexpectedAlertPresentException:\n            alert_text = None\n            if \"data\" in value:\n                alert_text = value[\"data\"].get(\"text\")\n            elif \"alert\" in value:\n                alert_text = value[\"alert\"].get(\"text\")\n            raise exception_class(message, screen, stacktrace, alert_text)  # type: ignore[call-arg]  # mypy is not smart enough here\n>       raise exception_class(message, screen, stacktrace)\nE       selenium.common.exceptions.TimeoutException: Message: timeout: Timed out receiving message from renderer: -0.008\nE         (Session info: chrome=141.0.7390.122)\nE       Stacktrace:\nE       #0 0x555a6de9afea <unknown>\nE       #1 0x555a6d918d06 <unknown>\nE       #2 0x555a6d900de6 <unknown>\nE       #3 0x555a6d900ac9 <unknown>\nE       #4 0x555a6d8fe912 <unknown>\nE       #5 0x555a6d8ff25f <unknown>\nE       #6 0x555a6d90db33 <unknown>\nE       #7 0x555a6d92721b <unknown>\nE       #8 0x555a6d92d9bb <unknown>\nE       #9 0x555a6d8ff99d <unknown>\nE       #10 0x555a6d926f48 <unknown>\nE       #11 0x555a6d9b6a0b <unknown>\nE       #12 0x555a6d990be3 <unknown>\nE       #13 0x555a6d95d2d2 <unknown>\nE       #14 0x555a6d95df91 <unknown>\nE       #15 0x555a6de5e9e8 <unknown>\nE       #16 0x555a6de6284f <unknown>\nE       #17 0x555a6de45ec9 <unknown>\nE       #18 0x555a6de633f5 <unknown>\nE       #19 0x555a6de2b74f <unknown>\nE       #20 0x555a6de87cc8 <unknown>\nE       #21 0x555a6de87ea3 <unknown>\nE       #22 0x555a6de99f83 <unknown>\nE       #23 0x7f75b5357ac3 <unknown>\n\n/usr/local/lib/python3.13/site-packages/selenium/webdriver/remote/errorhandler.py:232: TimeoutException","steps":[],"attachments":[{"uid":"a8bdf052b0f12910","name":"log","source":"a8bdf052b0f12910.txt","type":"text/plain","size":278},{"uid":"f22f0cf6854ee8f0","name":"stderr","source":"f22f0cf6854ee8f0.txt","type":"text/plain","size":235}],"parameters":[],"stepsCount":0,"shouldDisplayMessage":true,"attachmentsCount":2,"hasContent":true,"attachmentStep":false},"afterStages":[{"name":"_xunit_setup_method_fixture_TestReviewComponent::0","time":{"start":1772065014877,"stop":1772065014877,"duration":0},"status":"passed","steps":[],"attachments":[],"parameters":[],"stepsCount":0,"shouldDisplayMessage":false,"attachmentsCount":0,"hasContent":false,"attachmentStep":false},{"name":"Each UI test fixture::0","time":{"start":1772065014878,"stop":1772065014878,"duration":0},"status":"passed","steps":[],"attachments":[],"parameters":[],"stepsCount":0,"shouldDisplayMessage":false,"attachmentsCount":0,"hasContent":false,"attachmentStep":false},{"name":"Each test fixtures::0","time":{"start":1772065014878,"stop":1772065014879,"duration":1},"status":"passed","steps":[{"name":"Remove current test users from backend","time":{"start":1772065014878,"stop":1772065014879,"duration":1},"status":"passed","steps":[],"attachments":[],"parameters":[],"stepsCount":0,"shouldDisplayMessage":false,"attachmentsCount":0,"hasContent":false,"attachmentStep":false}],"attachments":[],"parameters":[],"stepsCount":1,"shouldDisplayMessage":false,"attachmentsCount":0,"hasContent":true,"attachmentStep":false},{"name":"All test fixtures::0","time":{"start":1772065229832,"stop":1772065229833,"duration":1},"status":"passed","steps":[{"name":"Remove users from backend after all tests","time":{"start":1772065229833,"stop":1772065229833,"duration":0},"status":"passed","steps":[],"attachments":[],"parameters":[],"stepsCount":0,"shouldDisplayMessage":false,"attachmentsCount":0,"hasContent":false,"attachmentStep":false}],"attachments":[],"parameters":[],"stepsCount":1,"shouldDisplayMessage":false,"attachmentsCount":0,"hasContent":true,"attachmentStep":false}],"labels":[{"name":"feature","value":"Review Component"},{"name":"epic","value":"WEB Component"},{"name":"owner","value":"arrnel"},{"name":"story","value":"[Web] Component - Review Component"},{"name":"tag","value":"@pytest.mark.usefixtures('open_expected_product_page')"},{"name":"tag","value":"web_test"},{"name":"tag","value":"component_test"},{"name":"tag","value":"review_component_test"},{"name":"parentSuite","value":"tests.web.component.review"},{"name":"suite","value":"test_review_component"},{"name":"subSuite","value":"TestReviewComponent"},{"name":"host","value":"b576b2dabe6c"},{"name":"thread","value":"15-MainThread"},{"name":"framework","value":"pytest"},{"name":"language","value":"cpython3"},{"name":"package","value":"tests.web.component.review.test_review_component"},{"name":"resultFormat","value":"allure2"}],"parameters":[{"name":"case_title","value":"''email' username is numerical'"},{"name":"review","value":"ReviewInfo(name='Arthur Lester', email='431380@test.arrnel.com', message='Risk any what customer brother whatever evidence.')"}],"links":[],"hidden":false,"retry":false,"extra":{"severity":"normal","owner":"arrnel","retries":[],"categories":[{"name":"Test defects","matchedStatuses":[],"flaky":false}],"tags":["@pytest.mark.usefixtures('open_expected_product_page')","web_test","component_test","review_component_test"]},"source":"88b411d202d2069d.json","parameterValues":["''email' username is numerical'","ReviewInfo(name='Arthur Lester', email='431380@test.arrnel.com', message='Risk any what customer brother whatever evidence.')"]}