{"uid":"9880a48a6642e209","name":"[WEB Component] Should navigate to main page by click on header logo","fullName":"tests.web.component.base.test_header_component.TestHeaderComponent#test_navigate_to_main_page_from_header_menu","historyId":"4d51cff184b899a9519405adc62e8e93","time":{"start":1772064123334,"stop":1772064123334,"duration":0},"status":"broken","statusMessage":"selenium.common.exceptions.TimeoutException: Message: timeout: Timed out receiving message from renderer: -0.005\n  (Session info: chrome=141.0.7390.122)\nStacktrace:\n#0 0x55eed2f55fea <unknown>\n#1 0x55eed29d3d06 <unknown>\n#2 0x55eed29bbde6 <unknown>\n#3 0x55eed29bbac9 <unknown>\n#4 0x55eed29b9912 <unknown>\n#5 0x55eed29ba25f <unknown>\n#6 0x55eed29c8b33 <unknown>\n#7 0x55eed29e221b <unknown>\n#8 0x55eed29e89bb <unknown>\n#9 0x55eed29ba99d <unknown>\n#10 0x55eed29e1f48 <unknown>\n#11 0x55eed2a71a0b <unknown>\n#12 0x55eed2a4bbe3 <unknown>\n#13 0x55eed2a182d2 <unknown>\n#14 0x55eed2a18f91 <unknown>\n#15 0x55eed2f199e8 <unknown>\n#16 0x55eed2f1d84f <unknown>\n#17 0x55eed2f00ec9 <unknown>\n#18 0x55eed2f1e3f5 <unknown>\n#19 0x55eed2ee674f <unknown>\n#20 0x55eed2f42cc8 <unknown>\n#21 0x55eed2f42ea3 <unknown>\n#22 0x55eed2f54f83 <unknown>\n#23 0x7f2493cfbac3 <unknown>","statusTrace":"request = <SubRequest 'each_ui_test_fixture' for <Function test_navigate_to_main_page_from_header_menu>>\neach_test_fixtures = None\n\n    @pytest.fixture(autouse=True, scope=\"function\")\n    @allure.title(\"Each UI test fixture\")\n    def each_ui_test_fixture(request, each_test_fixtures):\n    \n        test_name = request.node.name\n        ThreadSafeTestThreadsStore().add_current_thread_to_test(test_name)\n    \n        # ---------------------------------------------------------------------\n        # Init driver\n        # ---------------------------------------------------------------------\n        with allure.step(\"Open browser\"):\n            DriverManager().init_driver()\n>           browser.open(\"/\")\n\ntests/web/conftest.py:83: \n_ _ _ _ _ _ _ _ _ _ _ _ _ _ _ _ _ _ _ _ _ _ _ _ _ _ _ _ _ _ _ _ _ _ _ _ _ _ _ _ \n/usr/local/lib/python3.13/site-packages/selene/core/_browser.py:93: in open\n    self.config._executor.get_url(relative_or_absolute_url)\n/usr/local/lib/python3.13/site-packages/selene/core/configuration.py:263: in get_url\n    self.config._driver_get_url_strategy(self.config)(url)\n/usr/local/lib/python3.13/site-packages/selene/core/configuration.py:215: in get\n    driver.get(url)\n/usr/local/lib/python3.13/site-packages/selenium/webdriver/remote/webdriver.py:452: in get\n    self.execute(Command.GET, {\"url\": url})\n/usr/local/lib/python3.13/site-packages/selenium/webdriver/remote/webdriver.py:432: in execute\n    self.error_handler.check_response(response)\n_ _ _ _ _ _ _ _ _ _ _ _ _ _ _ _ _ _ _ _ _ _ _ _ _ _ _ _ _ _ _ _ _ _ _ _ _ _ _ _ \n\nself = <selenium.webdriver.remote.errorhandler.ErrorHandler object at 0x7fabf203f360>\nresponse = {'status': 500, 'value': '{\"value\":{\"error\":\"timeout\",\"message\":\"timeout: Timed out receiving message from renderer: -...\\\\n#21 0x55eed2f42ea3 \\\\u003Cunknown>\\\\n#22 0x55eed2f54f83 \\\\u003Cunknown>\\\\n#23 0x7f2493cfbac3 \\\\u003Cunknown>\\\\n\"}}'}\n\n    def check_response(self, response: dict[str, Any]) -> None:\n        \"\"\"Check that a JSON response from the WebDriver does not have an error.\n    \n        Args:\n            response: The JSON response from the WebDriver server as a dictionary\n                object.\n    \n        Raises:\n            WebDriverException: If the response contains an error message.\n        \"\"\"\n        status = response.get(\"status\", None)\n        if not status or status == ErrorCode.SUCCESS:\n            return\n        value = None\n        message = response.get(\"message\", \"\")\n        screen: str = response.get(\"screen\", \"\")\n        stacktrace = None\n        if isinstance(status, int):\n            value_json = response.get(\"value\", None)\n            if value_json and isinstance(value_json, str):\n                try:\n                    value = json.loads(value_json)\n                    if isinstance(value, dict):\n                        if len(value) == 1:\n                            value = value[\"value\"]\n                        status = value.get(\"error\", None)\n                        if not status:\n                            status = value.get(\"status\", ErrorCode.UNKNOWN_ERROR)\n                            message = value.get(\"value\") or value.get(\"message\")\n                            if not isinstance(message, str):\n                                value = message\n                                message = message.get(\"message\") if isinstance(message, dict) else None\n                        else:\n                            message = value.get(\"message\", None)\n                except ValueError:\n                    pass\n    \n        exception_class: type[WebDriverException]\n        e = ErrorCode()\n        error_codes = [item for item in dir(e) if not item.startswith(\"__\")]\n        for error_code in error_codes:\n            error_info = getattr(ErrorCode, error_code)\n            if isinstance(error_info, list) and status in error_info:\n                exception_class = getattr(ExceptionMapping, error_code, WebDriverException)\n                break\n        else:\n            exception_class = WebDriverException\n    \n        if not value:\n            value = response[\"value\"]\n        if isinstance(value, str):\n            raise exception_class(value)\n        if message == \"\" and \"message\" in value:\n            message = value[\"message\"]\n    \n        screen = None  # type: ignore[assignment]\n        if \"screen\" in value:\n            screen = value[\"screen\"]\n    \n        stacktrace = None\n        st_value = value.get(\"stackTrace\") or value.get(\"stacktrace\")\n        if st_value:\n            if isinstance(st_value, str):\n                stacktrace = st_value.split(\"\\n\")\n            else:\n                stacktrace = []\n                try:\n                    for frame in st_value:\n                        line = frame.get(\"lineNumber\", \"\")\n                        file = frame.get(\"fileName\", \"<anonymous>\")\n                        if line:\n                            file = f\"{file}:{line}\"\n                        meth = frame.get(\"methodName\", \"<anonymous>\")\n                        if \"className\" in frame:\n                            meth = f\"{frame['className']}.{meth}\"\n                        msg = \"    at %s (%s)\"\n                        msg = msg % (meth, file)\n                        stacktrace.append(msg)\n                except TypeError:\n                    pass\n        if exception_class == UnexpectedAlertPresentException:\n            alert_text = None\n            if \"data\" in value:\n                alert_text = value[\"data\"].get(\"text\")\n            elif \"alert\" in value:\n                alert_text = value[\"alert\"].get(\"text\")\n            raise exception_class(message, screen, stacktrace, alert_text)  # type: ignore[call-arg]  # mypy is not smart enough here\n>       raise exception_class(message, screen, stacktrace)\nE       selenium.common.exceptions.TimeoutException: Message: timeout: Timed out receiving message from renderer: -0.005\nE         (Session info: chrome=141.0.7390.122)\nE       Stacktrace:\nE       #0 0x55eed2f55fea <unknown>\nE       #1 0x55eed29d3d06 <unknown>\nE       #2 0x55eed29bbde6 <unknown>\nE       #3 0x55eed29bbac9 <unknown>\nE       #4 0x55eed29b9912 <unknown>\nE       #5 0x55eed29ba25f <unknown>\nE       #6 0x55eed29c8b33 <unknown>\nE       #7 0x55eed29e221b <unknown>\nE       #8 0x55eed29e89bb <unknown>\nE       #9 0x55eed29ba99d <unknown>\nE       #10 0x55eed29e1f48 <unknown>\nE       #11 0x55eed2a71a0b <unknown>\nE       #12 0x55eed2a4bbe3 <unknown>\nE       #13 0x55eed2a182d2 <unknown>\nE       #14 0x55eed2a18f91 <unknown>\nE       #15 0x55eed2f199e8 <unknown>\nE       #16 0x55eed2f1d84f <unknown>\nE       #17 0x55eed2f00ec9 <unknown>\nE       #18 0x55eed2f1e3f5 <unknown>\nE       #19 0x55eed2ee674f <unknown>\nE       #20 0x55eed2f42cc8 <unknown>\nE       #21 0x55eed2f42ea3 <unknown>\nE       #22 0x55eed2f54f83 <unknown>\nE       #23 0x7f2493cfbac3 <unknown>\n\n/usr/local/lib/python3.13/site-packages/selenium/webdriver/remote/errorhandler.py:232: TimeoutException","flaky":false,"newFailed":false,"newBroken":false,"newPassed":false,"retriesCount":0,"retriesStatusChange":false,"beforeStages":[{"name":"_session_faker","time":{"start":1772063946086,"stop":1772063946087,"duration":1},"status":"passed","steps":[],"attachments":[],"parameters":[],"stepsCount":0,"shouldDisplayMessage":false,"attachmentsCount":0,"hasContent":false,"attachmentStep":false},{"name":"All test fixtures","time":{"start":1772063946087,"stop":1772063946088,"duration":1},"status":"passed","steps":[{"name":"Tests configuration data","time":{"start":1772063946088,"stop":1772063946088,"duration":0},"status":"passed","steps":[],"attachments":[{"uid":"5ae07c7b8ee59cdb","name":"Configuration","source":"5ae07c7b8ee59cdb.txt","type":"text/plain","size":1705}],"parameters":[],"stepsCount":0,"shouldDisplayMessage":false,"attachmentsCount":1,"hasContent":true,"attachmentStep":false}],"attachments":[],"parameters":[],"stepsCount":1,"shouldDisplayMessage":false,"attachmentsCount":1,"hasContent":true,"attachmentStep":false},{"name":"All UI tests fixture","time":{"start":1772064034686,"stop":1772064034686,"duration":0},"status":"passed","steps":[],"attachments":[],"parameters":[],"stepsCount":0,"shouldDisplayMessage":false,"attachmentsCount":0,"hasContent":false,"attachmentStep":false},{"name":"Each UI test fixture","time":{"start":1772064123335,"stop":1772064151628,"duration":28293},"status":"broken","statusMessage":"selenium.common.exceptions.TimeoutException: Message: timeout: Timed out receiving message from renderer: -0.005\n  (Session info: chrome=141.0.7390.122)\nStacktrace:\n#0 0x55eed2f55fea <unknown>\n#1 0x55eed29d3d06 <unknown>\n#2 0x55eed29bbde6 <unknown>\n#3 0x55eed29bbac9 <unknown>\n#4 0x55eed29b9912 <unknown>\n#5 0x55eed29ba25f <unknown>\n#6 0x55eed29c8b33 <unknown>\n#7 0x55eed29e221b <unknown>\n#8 0x55eed29e89bb <unknown>\n#9 0x55eed29ba99d <unknown>\n#10 0x55eed29e1f48 <unknown>\n#11 0x55eed2a71a0b <unknown>\n#12 0x55eed2a4bbe3 <unknown>\n#13 0x55eed2a182d2 <unknown>\n#14 0x55eed2a18f91 <unknown>\n#15 0x55eed2f199e8 <unknown>\n#16 0x55eed2f1d84f <unknown>\n#17 0x55eed2f00ec9 <unknown>\n#18 0x55eed2f1e3f5 <unknown>\n#19 0x55eed2ee674f <unknown>\n#20 0x55eed2f42cc8 <unknown>\n#21 0x55eed2f42ea3 <unknown>\n#22 0x55eed2f54f83 <unknown>\n#23 0x7f2493cfbac3 <unknown>\n\n","statusTrace":"  File \"/usr/local/lib/python3.13/site-packages/pluggy/_callers.py\", line 38, in run_old_style_hookwrapper\n    res = yield\n          ^^^^^\n  File \"/usr/local/lib/python3.13/site-packages/pluggy/_callers.py\", line 139, in _multicall\n    teardown.throw(exception)\n    ~~~~~~~~~~~~~~^^^^^^^^^^^\n  File \"/usr/local/lib/python3.13/site-packages/pluggy/_callers.py\", line 53, in run_old_style_hookwrapper\n    return result.get_result()\n           ~~~~~~~~~~~~~~~~~^^\n  File \"/usr/local/lib/python3.13/site-packages/pluggy/_result.py\", line 103, in get_result\n    raise exc.with_traceback(tb)\n  File \"/usr/local/lib/python3.13/site-packages/pluggy/_callers.py\", line 38, in run_old_style_hookwrapper\n    res = yield\n          ^^^^^\n  File \"/usr/local/lib/python3.13/site-packages/pluggy/_callers.py\", line 139, in _multicall\n    teardown.throw(exception)\n    ~~~~~~~~~~~~~~^^^^^^^^^^^\n  File \"/usr/local/lib/python3.13/site-packages/_pytest/setuponly.py\", line 36, in pytest_fixture_setup\n    return (yield)\n            ^^^^^\n  File \"/usr/local/lib/python3.13/site-packages/pluggy/_callers.py\", line 121, in _multicall\n    res = hook_impl.function(*args)\n  File \"/usr/local/lib/python3.13/site-packages/_pytest/fixtures.py\", line 1196, in pytest_fixture_setup\n    result = call_fixture_func(fixturefunc, request, kwargs)\n  File \"/usr/local/lib/python3.13/site-packages/_pytest/fixtures.py\", line 923, in call_fixture_func\n    fixture_result = next(generator)\n  File \"/automation-exercise-py/tests/web/conftest.py\", line 83, in each_ui_test_fixture\n    browser.open(\"/\")\n    ~~~~~~~~~~~~^^^^^\n  File \"/usr/local/lib/python3.13/site-packages/selene/core/_browser.py\", line 93, in open\n    self.config._executor.get_url(relative_or_absolute_url)\n    ~~~~~~~~~~~~~~~~~~~~~~~~~~~~~^^^^^^^^^^^^^^^^^^^^^^^^^^\n  File \"/usr/local/lib/python3.13/site-packages/selene/core/configuration.py\", line 263, in get_url\n    self.config._driver_get_url_strategy(self.config)(url)\n    ~~~~~~~~~~~~~~~~~~~~~~~~~~~~~~~~~~~~~~~~~~~~~~~~~^^^^^\n  File \"/usr/local/lib/python3.13/site-packages/selene/core/configuration.py\", line 215, in get\n    driver.get(url)\n    ~~~~~~~~~~^^^^^\n  File \"/usr/local/lib/python3.13/site-packages/selenium/webdriver/remote/webdriver.py\", line 452, in get\n    self.execute(Command.GET, {\"url\": url})\n    ~~~~~~~~~~~~^^^^^^^^^^^^^^^^^^^^^^^^^^^\n  File \"/usr/local/lib/python3.13/site-packages/selenium/webdriver/remote/webdriver.py\", line 432, in execute\n    self.error_handler.check_response(response)\n    ~~~~~~~~~~~~~~~~~~~~~~~~~~~~~~~~~^^^^^^^^^^\n  File \"/usr/local/lib/python3.13/site-packages/selenium/webdriver/remote/errorhandler.py\", line 232, in check_response\n    raise exception_class(message, screen, stacktrace)\n","steps":[{"name":"Open browser","time":{"start":1772064123335,"stop":1772064151627,"duration":28292},"status":"broken","statusMessage":"selenium.common.exceptions.TimeoutException: Message: timeout: Timed out receiving message from renderer: -0.005\n  (Session info: chrome=141.0.7390.122)\nStacktrace:\n#0 0x55eed2f55fea <unknown>\n#1 0x55eed29d3d06 <unknown>\n#2 0x55eed29bbde6 <unknown>\n#3 0x55eed29bbac9 <unknown>\n#4 0x55eed29b9912 <unknown>\n#5 0x55eed29ba25f <unknown>\n#6 0x55eed29c8b33 <unknown>\n#7 0x55eed29e221b <unknown>\n#8 0x55eed29e89bb <unknown>\n#9 0x55eed29ba99d <unknown>\n#10 0x55eed29e1f48 <unknown>\n#11 0x55eed2a71a0b <unknown>\n#12 0x55eed2a4bbe3 <unknown>\n#13 0x55eed2a182d2 <unknown>\n#14 0x55eed2a18f91 <unknown>\n#15 0x55eed2f199e8 <unknown>\n#16 0x55eed2f1d84f <unknown>\n#17 0x55eed2f00ec9 <unknown>\n#18 0x55eed2f1e3f5 <unknown>\n#19 0x55eed2ee674f <unknown>\n#20 0x55eed2f42cc8 <unknown>\n#21 0x55eed2f42ea3 <unknown>\n#22 0x55eed2f54f83 <unknown>\n#23 0x7f2493cfbac3 <unknown>\n\n","statusTrace":"  File \"/automation-exercise-py/tests/web/conftest.py\", line 83, in each_ui_test_fixture\n    browser.open(\"/\")\n    ~~~~~~~~~~~~^^^^^\n  File \"/usr/local/lib/python3.13/site-packages/selene/core/_browser.py\", line 93, in open\n    self.config._executor.get_url(relative_or_absolute_url)\n    ~~~~~~~~~~~~~~~~~~~~~~~~~~~~~^^^^^^^^^^^^^^^^^^^^^^^^^^\n  File \"/usr/local/lib/python3.13/site-packages/selene/core/configuration.py\", line 263, in get_url\n    self.config._driver_get_url_strategy(self.config)(url)\n    ~~~~~~~~~~~~~~~~~~~~~~~~~~~~~~~~~~~~~~~~~~~~~~~~~^^^^^\n  File \"/usr/local/lib/python3.13/site-packages/selene/core/configuration.py\", line 215, in get\n    driver.get(url)\n    ~~~~~~~~~~^^^^^\n  File \"/usr/local/lib/python3.13/site-packages/selenium/webdriver/remote/webdriver.py\", line 452, in get\n    self.execute(Command.GET, {\"url\": url})\n    ~~~~~~~~~~~~^^^^^^^^^^^^^^^^^^^^^^^^^^^\n  File \"/usr/local/lib/python3.13/site-packages/selenium/webdriver/remote/webdriver.py\", line 432, in execute\n    self.error_handler.check_response(response)\n    ~~~~~~~~~~~~~~~~~~~~~~~~~~~~~~~~~^^^^^^^^^^\n  File \"/usr/local/lib/python3.13/site-packages/selenium/webdriver/remote/errorhandler.py\", line 232, in check_response\n    raise exception_class(message, screen, stacktrace)\n","steps":[],"attachments":[],"parameters":[],"stepsCount":0,"shouldDisplayMessage":true,"attachmentsCount":0,"hasContent":true,"attachmentStep":false}],"attachments":[],"parameters":[],"stepsCount":1,"shouldDisplayMessage":false,"attachmentsCount":0,"hasContent":true,"attachmentStep":false},{"name":"Each test fixtures","time":{"start":1772064123335,"stop":1772064123335,"duration":0},"status":"passed","steps":[],"attachments":[],"parameters":[],"stepsCount":0,"shouldDisplayMessage":false,"attachmentsCount":0,"hasContent":false,"attachmentStep":false},{"name":"_xunit_setup_method_fixture_TestHeaderComponent","time":{"start":1772064161650,"stop":1772064161734,"duration":84},"status":"passed","steps":[],"attachments":[],"parameters":[],"stepsCount":0,"shouldDisplayMessage":false,"attachmentsCount":0,"hasContent":false,"attachmentStep":false},{"name":"Open Login page","time":{"start":1772065166719,"stop":1772065166959,"duration":240},"status":"passed","steps":[{"name":"Open [Login Page]: /login","time":{"start":1772065166720,"stop":1772065166959,"duration":239},"status":"passed","steps":[],"attachments":[],"parameters":[],"stepsCount":0,"shouldDisplayMessage":false,"attachmentsCount":0,"hasContent":false,"attachmentStep":false}],"attachments":[],"parameters":[],"stepsCount":1,"shouldDisplayMessage":false,"attachmentsCount":0,"hasContent":true,"attachmentStep":false}],"testStage":{"status":"broken","statusMessage":"selenium.common.exceptions.TimeoutException: Message: timeout: Timed out receiving message from renderer: -0.005\n  (Session info: chrome=141.0.7390.122)\nStacktrace:\n#0 0x55eed2f55fea <unknown>\n#1 0x55eed29d3d06 <unknown>\n#2 0x55eed29bbde6 <unknown>\n#3 0x55eed29bbac9 <unknown>\n#4 0x55eed29b9912 <unknown>\n#5 0x55eed29ba25f <unknown>\n#6 0x55eed29c8b33 <unknown>\n#7 0x55eed29e221b <unknown>\n#8 0x55eed29e89bb <unknown>\n#9 0x55eed29ba99d <unknown>\n#10 0x55eed29e1f48 <unknown>\n#11 0x55eed2a71a0b <unknown>\n#12 0x55eed2a4bbe3 <unknown>\n#13 0x55eed2a182d2 <unknown>\n#14 0x55eed2a18f91 <unknown>\n#15 0x55eed2f199e8 <unknown>\n#16 0x55eed2f1d84f <unknown>\n#17 0x55eed2f00ec9 <unknown>\n#18 0x55eed2f1e3f5 <unknown>\n#19 0x55eed2ee674f <unknown>\n#20 0x55eed2f42cc8 <unknown>\n#21 0x55eed2f42ea3 <unknown>\n#22 0x55eed2f54f83 <unknown>\n#23 0x7f2493cfbac3 <unknown>","statusTrace":"request = <SubRequest 'each_ui_test_fixture' for <Function test_navigate_to_main_page_from_header_menu>>\neach_test_fixtures = None\n\n    @pytest.fixture(autouse=True, scope=\"function\")\n    @allure.title(\"Each UI test fixture\")\n    def each_ui_test_fixture(request, each_test_fixtures):\n    \n        test_name = request.node.name\n        ThreadSafeTestThreadsStore().add_current_thread_to_test(test_name)\n    \n        # ---------------------------------------------------------------------\n        # Init driver\n        # ---------------------------------------------------------------------\n        with allure.step(\"Open browser\"):\n            DriverManager().init_driver()\n>           browser.open(\"/\")\n\ntests/web/conftest.py:83: \n_ _ _ _ _ _ _ _ _ _ _ _ _ _ _ _ _ _ _ _ _ _ _ _ _ _ _ _ _ _ _ _ _ _ _ _ _ _ _ _ \n/usr/local/lib/python3.13/site-packages/selene/core/_browser.py:93: in open\n    self.config._executor.get_url(relative_or_absolute_url)\n/usr/local/lib/python3.13/site-packages/selene/core/configuration.py:263: in get_url\n    self.config._driver_get_url_strategy(self.config)(url)\n/usr/local/lib/python3.13/site-packages/selene/core/configuration.py:215: in get\n    driver.get(url)\n/usr/local/lib/python3.13/site-packages/selenium/webdriver/remote/webdriver.py:452: in get\n    self.execute(Command.GET, {\"url\": url})\n/usr/local/lib/python3.13/site-packages/selenium/webdriver/remote/webdriver.py:432: in execute\n    self.error_handler.check_response(response)\n_ _ _ _ _ _ _ _ _ _ _ _ _ _ _ _ _ _ _ _ _ _ _ _ _ _ _ _ _ _ _ _ _ _ _ _ _ _ _ _ \n\nself = <selenium.webdriver.remote.errorhandler.ErrorHandler object at 0x7fabf203f360>\nresponse = {'status': 500, 'value': '{\"value\":{\"error\":\"timeout\",\"message\":\"timeout: Timed out receiving message from renderer: -...\\\\n#21 0x55eed2f42ea3 \\\\u003Cunknown>\\\\n#22 0x55eed2f54f83 \\\\u003Cunknown>\\\\n#23 0x7f2493cfbac3 \\\\u003Cunknown>\\\\n\"}}'}\n\n    def check_response(self, response: dict[str, Any]) -> None:\n        \"\"\"Check that a JSON response from the WebDriver does not have an error.\n    \n        Args:\n            response: The JSON response from the WebDriver server as a dictionary\n                object.\n    \n        Raises:\n            WebDriverException: If the response contains an error message.\n        \"\"\"\n        status = response.get(\"status\", None)\n        if not status or status == ErrorCode.SUCCESS:\n            return\n        value = None\n        message = response.get(\"message\", \"\")\n        screen: str = response.get(\"screen\", \"\")\n        stacktrace = None\n        if isinstance(status, int):\n            value_json = response.get(\"value\", None)\n            if value_json and isinstance(value_json, str):\n                try:\n                    value = json.loads(value_json)\n                    if isinstance(value, dict):\n                        if len(value) == 1:\n                            value = value[\"value\"]\n                        status = value.get(\"error\", None)\n                        if not status:\n                            status = value.get(\"status\", ErrorCode.UNKNOWN_ERROR)\n                            message = value.get(\"value\") or value.get(\"message\")\n                            if not isinstance(message, str):\n                                value = message\n                                message = message.get(\"message\") if isinstance(message, dict) else None\n                        else:\n                            message = value.get(\"message\", None)\n                except ValueError:\n                    pass\n    \n        exception_class: type[WebDriverException]\n        e = ErrorCode()\n        error_codes = [item for item in dir(e) if not item.startswith(\"__\")]\n        for error_code in error_codes:\n            error_info = getattr(ErrorCode, error_code)\n            if isinstance(error_info, list) and status in error_info:\n                exception_class = getattr(ExceptionMapping, error_code, WebDriverException)\n                break\n        else:\n            exception_class = WebDriverException\n    \n        if not value:\n            value = response[\"value\"]\n        if isinstance(value, str):\n            raise exception_class(value)\n        if message == \"\" and \"message\" in value:\n            message = value[\"message\"]\n    \n        screen = None  # type: ignore[assignment]\n        if \"screen\" in value:\n            screen = value[\"screen\"]\n    \n        stacktrace = None\n        st_value = value.get(\"stackTrace\") or value.get(\"stacktrace\")\n        if st_value:\n            if isinstance(st_value, str):\n                stacktrace = st_value.split(\"\\n\")\n            else:\n                stacktrace = []\n                try:\n                    for frame in st_value:\n                        line = frame.get(\"lineNumber\", \"\")\n                        file = frame.get(\"fileName\", \"<anonymous>\")\n                        if line:\n                            file = f\"{file}:{line}\"\n                        meth = frame.get(\"methodName\", \"<anonymous>\")\n                        if \"className\" in frame:\n                            meth = f\"{frame['className']}.{meth}\"\n                        msg = \"    at %s (%s)\"\n                        msg = msg % (meth, file)\n                        stacktrace.append(msg)\n                except TypeError:\n                    pass\n        if exception_class == UnexpectedAlertPresentException:\n            alert_text = None\n            if \"data\" in value:\n                alert_text = value[\"data\"].get(\"text\")\n            elif \"alert\" in value:\n                alert_text = value[\"alert\"].get(\"text\")\n            raise exception_class(message, screen, stacktrace, alert_text)  # type: ignore[call-arg]  # mypy is not smart enough here\n>       raise exception_class(message, screen, stacktrace)\nE       selenium.common.exceptions.TimeoutException: Message: timeout: Timed out receiving message from renderer: -0.005\nE         (Session info: chrome=141.0.7390.122)\nE       Stacktrace:\nE       #0 0x55eed2f55fea <unknown>\nE       #1 0x55eed29d3d06 <unknown>\nE       #2 0x55eed29bbde6 <unknown>\nE       #3 0x55eed29bbac9 <unknown>\nE       #4 0x55eed29b9912 <unknown>\nE       #5 0x55eed29ba25f <unknown>\nE       #6 0x55eed29c8b33 <unknown>\nE       #7 0x55eed29e221b <unknown>\nE       #8 0x55eed29e89bb <unknown>\nE       #9 0x55eed29ba99d <unknown>\nE       #10 0x55eed29e1f48 <unknown>\nE       #11 0x55eed2a71a0b <unknown>\nE       #12 0x55eed2a4bbe3 <unknown>\nE       #13 0x55eed2a182d2 <unknown>\nE       #14 0x55eed2a18f91 <unknown>\nE       #15 0x55eed2f199e8 <unknown>\nE       #16 0x55eed2f1d84f <unknown>\nE       #17 0x55eed2f00ec9 <unknown>\nE       #18 0x55eed2f1e3f5 <unknown>\nE       #19 0x55eed2ee674f <unknown>\nE       #20 0x55eed2f42cc8 <unknown>\nE       #21 0x55eed2f42ea3 <unknown>\nE       #22 0x55eed2f54f83 <unknown>\nE       #23 0x7f2493cfbac3 <unknown>\n\n/usr/local/lib/python3.13/site-packages/selenium/webdriver/remote/errorhandler.py:232: TimeoutException","steps":[],"attachments":[{"uid":"49456f119c5637a5","name":"log","source":"49456f119c5637a5.txt","type":"text/plain","size":70},{"uid":"36c7f4653c116bfb","name":"stderr","source":"36c7f4653c116bfb.txt","type":"text/plain","size":49}],"parameters":[],"stepsCount":0,"shouldDisplayMessage":true,"attachmentsCount":2,"hasContent":true,"attachmentStep":false},"afterStages":[{"name":"Each test fixtures::0","time":{"start":1772064151680,"stop":1772064151681,"duration":1},"status":"passed","steps":[{"name":"Remove current test users from backend","time":{"start":1772064151681,"stop":1772064151681,"duration":0},"status":"passed","steps":[],"attachments":[],"parameters":[],"stepsCount":0,"shouldDisplayMessage":false,"attachmentsCount":0,"hasContent":false,"attachmentStep":false}],"attachments":[],"parameters":[],"stepsCount":1,"shouldDisplayMessage":false,"attachmentsCount":0,"hasContent":true,"attachmentStep":false},{"name":"_xunit_setup_method_fixture_TestHeaderComponent::0","time":{"start":1772064162648,"stop":1772064162648,"duration":0},"status":"passed","steps":[],"attachments":[],"parameters":[],"stepsCount":0,"shouldDisplayMessage":false,"attachmentsCount":0,"hasContent":false,"attachmentStep":false},{"name":"All test fixtures::0","time":{"start":1772065229832,"stop":1772065229833,"duration":1},"status":"passed","steps":[{"name":"Remove users from backend after all tests","time":{"start":1772065229833,"stop":1772065229833,"duration":0},"status":"passed","steps":[],"attachments":[],"parameters":[],"stepsCount":0,"shouldDisplayMessage":false,"attachmentsCount":0,"hasContent":false,"attachmentStep":false}],"attachments":[],"parameters":[],"stepsCount":1,"shouldDisplayMessage":false,"attachmentsCount":0,"hasContent":true,"attachmentStep":false}],"labels":[{"name":"epic","value":"WEB Component"},{"name":"story","value":"[Web] Component - Header Component"},{"name":"owner","value":"arrnel"},{"name":"feature","value":"Header Component"},{"name":"tag","value":"@pytest.mark.usefixtures('open_login_page')"},{"name":"tag","value":"web_test"},{"name":"tag","value":"component_test"},{"name":"tag","value":"header_component_test"},{"name":"parentSuite","value":"tests.web.component.base"},{"name":"suite","value":"test_header_component"},{"name":"subSuite","value":"TestHeaderComponent"},{"name":"host","value":"b576b2dabe6c"},{"name":"thread","value":"15-MainThread"},{"name":"framework","value":"pytest"},{"name":"language","value":"cpython3"},{"name":"package","value":"tests.web.component.base.test_header_component"},{"name":"resultFormat","value":"allure2"}],"parameters":[],"links":[],"hidden":false,"retry":false,"extra":{"severity":"normal","owner":"arrnel","retries":[],"categories":[{"name":"Test defects","matchedStatuses":[],"flaky":false}],"tags":["web_test","@pytest.mark.usefixtures('open_login_page')","component_test","header_component_test"]},"source":"9880a48a6642e209.json","parameterValues":[]}