INFO:root:Send request [POST]: /createAccount
INFO:httpx:HTTP Request: POST https://automationexercise.com/api/createAccount "HTTP/1.1 200 OK"
INFO:root:Request

Method: POST
Endpoint: https://automationexercise.com/api/createAccount
Headers: {'host': 'automationexercise.com', 'accept': '*/*', 'accept-encoding': 'gzip, deflate', 'connection': 'keep-alive', 'content-type': 'application/x-www-form-urlencoded', 'user-agent': 'Mozilla/5.0 (X11; Linux x86_64) AppleWebKit/537.36 (KHTML, like Gecko) Chrome/120.0.0.0 Safari/537.36', 'content-length': '337'}

INFO:root:Response

Status code: 200
Endpoint: https://automationexercise.com/api/createAccount
Headers: {'date': 'Tue, 24 Feb 2026 19:15:44 GMT', 'content-type': 'text/html; charset=utf-8', 'transfer-encoding': 'chunked', 'connection': 'keep-alive', 'vary': 'Accept,Cookie,Accept-Encoding', 'referrer-policy': 'same-origin', 'x-frame-options': 'DENY', 'x-content-type-options': 'nosniff', 'allow': 'OPTIONS, POST', 'x-powered-by': 'Phusion Passenger(R) 6.1.2', 'status': '200 OK', 'report-to': '{"group":"cf-nel","max_age":604800,"endpoints":[{"url":"https://a.nel.cloudflare.com/report/v4?s=rExq3a%2FdjpjIKBjtt%2FXgu798yjVRmV1Agw8feTyQcwFFfNhbaWdtwVIqwj%2BwW9ivh0neWHIgEnY5mUAttuoxBEzmi8kYl8OJnNougb%2FW%2F7oI2v8hPfY%3D"}]}', 'server': 'cloudflare', 'cf-cache-status': 'DYNAMIC', 'nel': '{"report_to":"cf-nel","success_fraction":0.0,"max_age":604800}', 'content-encoding': 'gzip', 'cf-ray': '9d314b18eaa78cc5-EWR', 'alt-svc': 'h3=":443"; ma=86400'}

INFO:root:Remove current test users from backend
INFO:root:Delete user with email: samanthaandrade.87@test.arrnel.me
INFO:root:Send request [DELETE]: /deleteAccount
ERROR:root:HTTP request failed: The read operation timed out
Traceback (most recent call last):
  File "/usr/local/lib/python3.13/site-packages/httpx/_transports/default.py", line 101, in map_httpcore_exceptions
    yield
  File "/usr/local/lib/python3.13/site-packages/httpx/_transports/default.py", line 250, in handle_request
    resp = self._pool.handle_request(req)
  File "/usr/local/lib/python3.13/site-packages/httpcore/_sync/connection_pool.py", line 256, in handle_request
    raise exc from None
  File "/usr/local/lib/python3.13/site-packages/httpcore/_sync/connection_pool.py", line 236, in handle_request
    response = connection.handle_request(
        pool_request.request
    )
  File "/usr/local/lib/python3.13/site-packages/httpcore/_sync/connection.py", line 103, in handle_request
    return self._connection.handle_request(request)
           ~~~~~~~~~~~~~~~~~~~~~~~~~~~~~~~^^^^^^^^^
  File "/usr/local/lib/python3.13/site-packages/httpcore/_sync/http11.py", line 136, in handle_request
    raise exc
  File "/usr/local/lib/python3.13/site-packages/httpcore/_sync/http11.py", line 106, in handle_request
    ) = self._receive_response_headers(**kwargs)
        ~~~~~~~~~~~~~~~~~~~~~~~~~~~~~~^^^^^^^^^^
  File "/usr/local/lib/python3.13/site-packages/httpcore/_sync/http11.py", line 177, in _receive_response_headers
    event = self._receive_event(timeout=timeout)
  File "/usr/local/lib/python3.13/site-packages/httpcore/_sync/http11.py", line 217, in _receive_event
    data = self._network_stream.read(
        self.READ_NUM_BYTES, timeout=timeout
    )
  File "/usr/local/lib/python3.13/site-packages/httpcore/_backends/sync.py", line 126, in read
    with map_exceptions(exc_map):
         ~~~~~~~~~~~~~~^^^^^^^^^
  File "/usr/local/lib/python3.13/contextlib.py", line 162, in __exit__
    self.gen.throw(value)
    ~~~~~~~~~~~~~~^^^^^^^
  File "/usr/local/lib/python3.13/site-packages/httpcore/_exceptions.py", line 14, in map_exceptions
    raise to_exc(exc) from exc
httpcore.ReadTimeout: The read operation timed out

The above exception was the direct cause of the following exception:

Traceback (most recent call last):
  File "/automation-exercise-py/src/client/core/base_api_client.py", line 103, in __send
    response = self._client.request(
        method=method.name,
    ...<11 lines>...
        extensions=extensions,
    )
  File "/usr/local/lib/python3.13/site-packages/httpx/_client.py", line 825, in request
    return self.send(request, auth=auth, follow_redirects=follow_redirects)
           ~~~~~~~~~^^^^^^^^^^^^^^^^^^^^^^^^^^^^^^^^^^^^^^^^^^^^^^^^^^^^^^^
  File "/usr/local/lib/python3.13/site-packages/httpx/_client.py", line 914, in send
    response = self._send_handling_auth(
        request,
    ...<2 lines>...
        history=[],
    )
  File "/usr/local/lib/python3.13/site-packages/httpx/_client.py", line 942, in _send_handling_auth
    response = self._send_handling_redirects(
        request,
        follow_redirects=follow_redirects,
        history=history,
    )
  File "/usr/local/lib/python3.13/site-packages/httpx/_client.py", line 979, in _send_handling_redirects
    response = self._send_single_request(request)
  File "/usr/local/lib/python3.13/site-packages/httpx/_client.py", line 1014, in _send_single_request
    response = transport.handle_request(request)
  File "/usr/local/lib/python3.13/site-packages/httpx/_transports/default.py", line 249, in handle_request
    with map_httpcore_exceptions():
         ~~~~~~~~~~~~~~~~~~~~~~~^^
  File "/usr/local/lib/python3.13/contextlib.py", line 162, in __exit__
    self.gen.throw(value)
    ~~~~~~~~~~~~~~^^^^^^^
  File "/usr/local/lib/python3.13/site-packages/httpx/_transports/default.py", line 118, in map_httpcore_exceptions
    raise mapped_exc(message) from exc
httpx.ReadTimeout: The read operation timed out
WARNING:root:Failed to remove user(s):
Email = samanthaandrade.87@test.arrnel.me, password = [12345], test_data_password = [12345]
